Scenario - Messung von Wechselkosten zwischen geteilter und selektiver Aufmerksamkeit
Logfile written - 07/05/2018 16:28:49

Subject	Trial	Event Type	Code	runid(str)	blockid(str)	form(str)	character(str)	seperateAttention(num)	target(num)	Time	TTime	Uncertainty	Duration	Uncertainty	ReqTime	ReqDur	Stim Type	Pair Index

LB02	1	Response	3							169335	169002	0
LB02	2	Response	3							190214	20530	0
LB02	3	Response	3							256694	66194	0
LB02	5	Picture	test;block_1;Viereck;A;1;0	test	block_1	Viereck	A	1	0	267100	0	1	2664	1	0	2500	other	0
LB02	8	Picture	test;block_1;Stern;D;1;1	test	block_1	Stern	D	1	1	318555	0	1	2831	1	0	2500	hit	6
LB02	8	Response	1							324374	5819	0
LB02	11	Picture	test;block_1;Stern;X;1;0	test	block_1	Stern	X	1	0	360352	0	1	2664	1	0	2500	other	0
LB02	14	Picture	test;block_1;Kreis;D;1;1	test	block_1	Kreis	D	1	1	404147	0	1	2664	1	0	2500	hit	9
LB02	14	Response	1							408294	4147	0
LB02	17	Picture	test;block_1;Viereck;X;1;0	test	block_1	Viereck	X	1	0	443779	0	1	2664	1	0	2500	other	0
LB02	20	Picture	test;block_1;Viereck;D;1;1	test	block_1	Viereck	D	1	1	495234	0	1	2664	1	0	2500	hit	12
LB02	20	Response	1							498694	3460	0
LB02	23	Picture	test;block_1;Viereck;T;1;0	test	block_1	Viereck	T	1	0	542526	0	1	2831	1	0	2500	other	0
LB02	26	Picture	test;block_1;Stern;M;1;0	test	block_1	Stern	M	1	0	598144	0	1	2664	1	0	2500	other	0
LB02	29	Picture	test;block_1;Kreis;D;1;1	test	block_1	Kreis	D	1	1	643605	0	1	2664	1	0	2500	hit	16
LB02	29	Response	1							646774	3169	0
LB02	32	Picture	test;block_1;Stern;M;1;0	test	block_1	Stern	M	1	0	686234	0	1	2664	1	0	2500	other	0
LB02	34	Response	3							804374	79507	0
LB02	36	Picture	test;block_2;Stern;3;3;0	test	block_2	Stern	3	3	0	814789	0	1	2664	1	0	2500	other	0
LB02	39	Picture	test;block_2;Viereck;6;3;2	test	block_2	Viereck	6	3	2	866244	0	1	2664	1	0	2500	hit	21
LB02	39	Response	2							880054	13810	0
LB02	42	Picture	test;block_2;Kreis;6;3;0	test	block_2	Kreis	6	3	0	905876	0	1	2831	1	0	2500	other	0
LB02	45	Picture	test;block_2;Stern;3;3;0	test	block_2	Stern	3	3	0	953668	0	1	2664	1	0	2500	other	0
LB02	48	Picture	test;block_2;Viereck;3;3;2	test	block_2	Viereck	3	3	2	999128	0	1	2664	1	0	2500	hit	25
LB02	48	Response	2							1003814	4686	0
LB02	51	Picture	test;block_2;Kreis;9;3;0	test	block_2	Kreis	9	3	0	1029268	0	1	2664	1	0	2500	other	0
LB02	54	Picture	test;block_2;Kreis;3;3;0	test	block_2	Kreis	3	3	0	1080724	0	1	2664	1	0	2500	other	0
LB02	57	Picture	test;block_2;Kreis;2;3;1	test	block_2	Kreis	2	3	1	1130680	0	1	2664	1	0	2500	hit	29
LB02	57	Response	1							1134934	4254	0
LB02	60	Picture	test;block_2;Dreieck;7;3;0	test	block_2	Dreieck	7	3	0	1160654	0	1	2664	1	0	2500	other	0
LB02	63	Picture	test;block_2;Kreis;2;3;1	test	block_2	Kreis	2	3	1	1222100	0	1	2664	1	0	2500	hit	32
LB02	63	Response	1							1225894	3794	0
LB02	66	Response	3							1630534	84050	0
LB02	67	Response	3							1673733	42990	0
LB02	69	Picture	run_1;block_1;Viereck;D;2;0	run_1	block_1	Viereck	D	2	0	1684364	0	1	2831	1	0	2500	other	0
LB02	71	Picture	run_1;block_1;Viereck;X;2;0	run_1	block_1	Viereck	X	2	0	1711840	0	1	2664	1	0	2500	other	0
LB02	73	Picture	run_1;block_1;Dreieck;T;2;0	run_1	block_1	Dreieck	T	2	0	1749140	0	1	2664	1	0	2500	other	0
LB02	75	Picture	run_1;block_1;Kreis;T;2;2	run_1	block_1	Kreis	T	2	2	1786441	0	1	2664	1	0	2500	hit	39
LB02	75	Response	2							1789573	3132	0
LB02	77	Picture	run_1;block_1;Viereck;D;2;0	run_1	block_1	Viereck	D	2	0	1796932	0	1	2664	1	0	2500	other	0
LB02	79	Picture	run_1;block_1;Stern;X;2;0	run_1	block_1	Stern	X	2	0	1826240	0	1	2664	1	0	2500	other	0
LB02	81	Picture	run_1;block_1;Kreis;M;2;2	run_1	block_1	Kreis	M	2	2	1865705	0	1	2831	1	0	2500	hit	43
LB02	81	Response	2							1869013	3308	0
LB02	83	Picture	run_1;block_1;Viereck;X;2;0	run_1	block_1	Viereck	X	2	0	1890517	0	1	2664	1	0	2500	other	0
LB02	85	Picture	run_1;block_1;Stern;X;2;0	run_1	block_1	Stern	X	2	0	1919825	0	1	2664	1	0	2500	other	0
LB02	87	Picture	run_1;block_1;Viereck;A;2;0	run_1	block_1	Viereck	A	2	0	1953129	0	1	2664	1	0	2500	other	0
LB02	89	Picture	run_1;block_1;Stern;D;2;0	run_1	block_1	Stern	D	2	0	1986433	0	1	2664	1	0	2500	other	0
LB02	91	Picture	run_1;block_1;Kreis;X;2;2	run_1	block_1	Kreis	X	2	2	2009746	0	1	2664	1	0	2500	hit	49
LB02	91	Response	2							2013493	3747	0
LB02	93	Picture	run_1;block_1;Dreieck;M;2;0	run_1	block_1	Dreieck	M	2	0	2030728	0	1	2664	1	0	2500	other	0
LB02	95	Picture	run_1;block_1;Stern;A;2;0	run_1	block_1	Stern	A	2	0	2064365	0	1	2831	1	0	2500	other	0
LB02	97	Picture	run_1;block_1;Kreis;T;2;2	run_1	block_1	Kreis	T	2	2	2095838	0	1	2664	1	0	2500	hit	53
LB02	97	Response	2							2098454	2616	0
LB02	99	Picture	run_1;block_1;Stern;M;2;0	run_1	block_1	Stern	M	2	0	2103831	0	1	2664	1	0	2500	other	0
LB02	101	Picture	run_1;block_1;Viereck;T;2;0	run_1	block_1	Viereck	T	2	0	2139133	0	1	2664	1	0	2500	other	0
LB02	103	Picture	run_1;block_1;Kreis;D;2;2	run_1	block_1	Kreis	D	2	2	2164445	0	1	2664	1	0	2500	hit	57
LB02	103	Response	2							2168453	4009	0
LB02	105	Picture	run_1;block_1;Stern;T;2;0	run_1	block_1	Stern	T	2	0	2175768	0	1	2664	1	0	2500	other	0
LB02	107	Picture	run_1;block_1;Stern;A;2;0	run_1	block_1	Stern	A	2	0	2215067	0	1	2664	1	0	2500	other	0
LB02	109	Picture	run_1;block_1;Kreis;D;2;2	run_1	block_1	Kreis	D	2	2	2254699	0	1	2831	1	0	2500	hit	61
LB02	109	Response	2							2257813	3114	0
LB02	111	Picture	run_1;block_1;Stern;D;2;0	run_1	block_1	Stern	D	2	0	2269353	0	1	2664	1	0	2500	other	0
LB02	113	Picture	run_1;block_1;Dreieck;X;2;0	run_1	block_1	Dreieck	X	2	0	2294831	0	1	2664	1	0	2500	other	0
LB02	115	Picture	run_1;block_1;Dreieck;D;2;0	run_1	block_1	Dreieck	D	2	0	2320142	0	1	2664	1	0	2500	other	0
LB02	117	Picture	run_1;block_1;Stern;X;2;0	run_1	block_1	Stern	X	2	0	2343455	0	1	2664	1	0	2500	other	0
LB02	119	Picture	run_1;block_1;Stern;E;2;0	run_1	block_1	Stern	E	2	0	2376760	0	1	2664	1	0	2500	other	0
LB02	120	Response	3							2429973	35063	0
LB02	122	Picture	run_1;block_2;Stern;2;1;0	run_1	block_2	Stern	2	1	0	2440537	0	1	2831	1	0	2500	other	0
LB02	124	Picture	run_1;block_2;Stern;6;1;0	run_1	block_2	Stern	6	1	0	2476173	0	1	2664	1	0	2500	other	0
LB02	126	Picture	run_1;block_2;Dreieck;9;1;0	run_1	block_2	Dreieck	9	1	0	2505481	0	1	2664	1	0	2500	other	0
LB02	128	Picture	run_1;block_2;Kreis;9;1;0	run_1	block_2	Kreis	9	1	0	2542781	0	1	2664	1	0	2500	other	0
LB02	130	Picture	run_1;block_2;Kreis;6;1;0	run_1	block_2	Kreis	6	1	0	2574087	0	1	2664	1	0	2500	other	0
LB02	132	Picture	run_1;block_2;Stern;3;1;1	run_1	block_2	Stern	3	1	1	2605393	0	1	2664	1	0	2500	hit	74
LB02	132	Response	1							2609013	3620	0
LB02	134	Picture	run_1;block_2;Stern;7;1;0	run_1	block_2	Stern	7	1	0	2622379	0	1	2831	1	0	2500	other	0
LB02	136	Picture	run_1;block_2;Kreis;6;1;0	run_1	block_2	Kreis	6	1	0	2664009	0	1	2664	1	0	2500	other	0
LB02	138	Picture	run_1;block_2;Kreis;3;1;1	run_1	block_2	Kreis	3	1	1	2697313	0	1	2664	1	0	2500	hit	78
LB02	138	Response	1							2700853	3540	0
LB02	140	Picture	run_1;block_2;Dreieck;2;1;0	run_1	block_2	Dreieck	2	1	0	2718295	0	1	2664	1	0	2500	other	0
LB02	142	Picture	run_1;block_2;Dreieck;4;1;0	run_1	block_2	Dreieck	4	1	0	2749601	0	1	2664	1	0	2500	other	0
LB02	144	Picture	run_1;block_2;Stern;3;1;1	run_1	block_2	Stern	3	1	1	2772914	0	1	2664	1	0	2500	hit	82
LB02	144	Response	1							2776933	4019	0
LB02	146	Picture	run_1;block_2;Dreieck;2;1;0	run_1	block_2	Dreieck	2	1	0	2798225	0	1	2664	1	0	2500	other	0
LB02	148	Picture	run_1;block_2;Kreis;3;1;1	run_1	block_2	Kreis	3	1	1	2823869	0	1	2831	1	0	2500	hit	85
LB02	148	Response	1							2827653	3784	0
LB02	150	Picture	run_1;block_2;Kreis;4;1;0	run_1	block_2	Kreis	4	1	0	2839189	0	1	2831	1	0	2500	other	0
LB02	152	Picture	run_1;block_2;Stern;9;1;0	run_1	block_2	Stern	9	1	0	2862669	0	1	2664	1	0	2500	other	0
LB02	154	Picture	run_1;block_2;Kreis;7;1;0	run_1	block_2	Kreis	7	1	0	2891977	0	1	2664	1	0	2500	other	0
LB02	156	Picture	run_1;block_2;Dreieck;9;1;0	run_1	block_2	Dreieck	9	1	0	2921285	0	1	2664	1	0	2500	other	0
LB02	158	Picture	run_1;block_2;Viereck;4;1;0	run_1	block_2	Viereck	4	1	0	2946596	0	1	2664	1	0	2500	other	0
LB02	160	Picture	run_1;block_2;Dreieck;2;1;0	run_1	block_2	Dreieck	2	1	0	2975904	0	1	2664	1	0	2500	other	0
LB02	162	Picture	run_1;block_2;Dreieck;3;1;1	run_1	block_2	Dreieck	3	1	1	2999383	0	1	2831	1	0	2500	hit	93
LB02	162	Response	1							3003093	3710	0
LB02	164	Picture	run_1;block_2;Dreieck;7;1;0	run_1	block_2	Dreieck	7	1	0	3008708	0	1	2831	1	0	2500	other	0
LB02	166	Picture	run_1;block_2;Stern;7;1;0	run_1	block_2	Stern	7	1	0	3038349	0	1	2664	1	0	2500	other	0
LB02	168	Picture	run_1;block_2;Viereck;3;1;1	run_1	block_2	Viereck	3	1	1	3061662	0	1	2664	1	0	2500	hit	97
LB02	168	Response	1							3067173	5511	0
LB02	170	Picture	run_1;block_2;Viereck;9;1;0	run_1	block_2	Viereck	9	1	0	3074484	0	1	2664	1	0	2500	other	0
LB02	172	Picture	run_1;block_2;Stern;9;1;0	run_1	block_2	Stern	9	1	0	3101794	0	1	2664	1	0	2500	other	0
LB02	173	Response	3							3158133	38188	0
LB02	175	Picture	run_1;block_3;Kreis;T;1;0	run_1	block_3	Kreis	T	1	0	3168402	0	1	2664	1	0	2500	other	0
LB02	177	Picture	run_1;block_3;Dreieck;D;1;0	run_1	block_3	Dreieck	D	1	0	3203871	0	1	2831	1	0	2500	other	0
LB02	179	Picture	run_1;block_3;Dreieck;A;1;0	run_1	block_3	Dreieck	A	1	0	3233512	0	1	2664	1	0	2500	other	0
LB02	181	Picture	run_1;block_3;Stern;M;1;1	run_1	block_3	Stern	M	1	1	3266816	0	1	2664	1	0	2500	hit	105
LB02	181	Response	1							3269733	2916	0
LB02	183	Picture	run_1;block_3;Viereck;X;1;0	run_1	block_3	Viereck	X	1	0	3279139	0	1	2664	1	0	2500	other	0
LB02	185	Picture	run_1;block_3;Stern;X;1;0	run_1	block_3	Stern	X	1	0	3316440	0	1	2664	1	0	2500	other	0
LB02	187	Picture	run_1;block_3;Dreieck;D;1;0	run_1	block_3	Dreieck	D	1	0	3355739	0	1	2664	1	0	2500	other	0
LB02	189	Picture	run_1;block_3;Dreieck;E;1;0	run_1	block_3	Dreieck	E	1	0	3381217	0	1	2831	1	0	2500	other	0
LB02	191	Picture	run_1;block_3;Kreis;X;1;0	run_1	block_3	Kreis	X	1	0	3412856	0	1	2831	1	0	2500	other	0
LB02	193	Picture	run_1;block_3;Viereck;M;1;1	run_1	block_3	Viereck	M	1	1	3452321	0	1	2664	1	0	2500	hit	112
LB02	193	Response	1							3456293	3971	0
LB02	195	Picture	run_1;block_3;Viereck;A;1;0	run_1	block_3	Viereck	A	1	0	3465643	0	1	2664	1	0	2500	other	0
LB02	197	Picture	run_1;block_3;Stern;M;1;1	run_1	block_3	Stern	M	1	1	3496949	0	1	2664	1	0	2500	hit	115
LB02	197	Response	1							3501333	4384	0
LB02	199	Picture	run_1;block_3;Dreieck;T;1;0	run_1	block_3	Dreieck	T	1	0	3512602	0	1	2664	1	0	2500	other	0
LB02	201	Picture	run_1;block_3;Viereck;D;1;0	run_1	block_3	Viereck	D	1	0	3553899	0	1	2664	1	0	2500	other	0
LB02	203	Picture	run_1;block_3;Kreis;E;1;0	run_1	block_3	Kreis	E	1	0	3589535	0	1	2831	1	0	2500	other	0
LB02	205	Picture	run_1;block_3;Stern;M;1;1	run_1	block_3	Stern	M	1	1	3629167	0	1	2664	1	0	2500	hit	120
LB02	205	Response	1							3632773	3606	0
LB02	207	Picture	run_1;block_3;Kreis;E;1;0	run_1	block_3	Kreis	E	1	0	3646152	0	1	2664	1	0	2500	other	0
LB02	209	Picture	run_1;block_3;Dreieck;D;1;0	run_1	block_3	Dreieck	D	1	0	3681455	0	1	2664	1	0	2500	other	0
LB02	211	Picture	run_1;block_3;Stern;M;1;1	run_1	block_3	Stern	M	1	1	3714759	0	1	2664	1	0	2500	hit	124
LB02	211	Response	1							3719093	4334	0
LB02	213	Picture	run_1;block_3;Dreieck;T;1;0	run_1	block_3	Dreieck	T	1	0	3742402	0	1	2664	1	0	2500	other	0
LB02	215	Picture	run_1;block_3;Dreieck;D;1;0	run_1	block_3	Dreieck	D	1	0	3767879	0	1	2831	1	0	2500	other	0
LB02	217	Picture	run_1;block_3;Kreis;T;1;0	run_1	block_3	Kreis	T	1	0	3797520	0	1	2831	1	0	2500	other	0
LB02	219	Picture	run_1;block_3;Viereck;D;1;0	run_1	block_3	Viereck	D	1	0	3838984	0	1	2664	1	0	2500	other	0
LB02	221	Picture	run_1;block_3;Stern;X;1;0	run_1	block_3	Stern	X	1	0	3868292	0	1	2664	1	0	2500	other	0
LB02	223	Picture	run_1;block_3;Viereck;A;1;0	run_1	block_3	Viereck	A	1	0	3905592	0	1	2664	1	0	2500	other	0
LB02	225	Picture	run_1;block_3;Stern;M;1;1	run_1	block_3	Stern	M	1	1	3932902	0	1	2664	1	0	2500	hit	132
LB02	225	Response	1							3936612	3710	0
LB02	226	Response	3							3970612	33880	0
LB02	228	Picture	run_1;block_4;Viereck;3;2;0	run_1	block_4	Viereck	3	2	0	3981193	0	1	2831	1	0	2500	other	0
LB02	230	Picture	run_1;block_4;Stern;2;2;0	run_1	block_4	Stern	2	2	0	4020659	0	1	2664	1	0	2500	other	0
LB02	232	Picture	run_1;block_4;Dreieck;3;2;2	run_1	block_4	Dreieck	3	2	2	4057960	0	1	2664	1	0	2500	miss	0
LB02	234	Picture	run_1;block_4;Viereck;2;2;0	run_1	block_4	Viereck	2	2	0	4099257	0	1	2664	1	0	2500	other	0
LB02	236	Picture	run_1;block_4;Viereck;6;2;0	run_1	block_4	Viereck	6	2	0	4132561	0	1	2664	1	0	2500	other	0
LB02	238	Picture	run_1;block_4;Kreis;2;2;0	run_1	block_4	Kreis	2	2	0	4156207	0	1	2831	1	0	2500	other	0
LB02	240	Picture	run_1;block_4;Stern;6;2;0	run_1	block_4	Stern	6	2	0	4197838	0	1	2664	1	0	2500	other	0
LB02	242	Picture	run_1;block_4;Stern;2;2;0	run_1	block_4	Stern	2	2	0	4237137	0	1	2664	1	0	2500	other	0
LB02	244	Picture	run_1;block_4;Viereck;9;2;0	run_1	block_4	Viereck	9	2	0	4272439	0	1	2664	1	0	2500	other	0
LB02	246	Picture	run_1;block_4;Kreis;6;2;0	run_1	block_4	Kreis	6	2	0	4303745	0	1	2664	1	0	2500	other	0
LB02	248	Picture	run_1;block_4;Stern;9;2;0	run_1	block_4	Stern	9	2	0	4339214	0	1	2831	1	0	2500	other	0
LB02	250	Picture	run_1;block_4;Viereck;9;2;0	run_1	block_4	Viereck	9	2	0	4376848	0	1	2664	1	0	2500	other	0
LB02	252	Picture	run_1;block_4;Viereck;7;2;0	run_1	block_4	Viereck	7	2	0	4400328	0	1	2664	1	0	2500	other	0
LB02	254	Picture	run_1;block_4;Dreieck;4;2;2	run_1	block_4	Dreieck	4	2	2	4437628	0	1	2664	1	0	2500	miss	0
LB02	256	Picture	run_1;block_4;Stern;9;2;0	run_1	block_4	Stern	9	2	0	4460941	0	1	2664	1	0	2500	other	0
LB02	258	Picture	run_1;block_4;Viereck;9;2;0	run_1	block_4	Viereck	9	2	0	4498242	0	1	2664	1	0	2500	other	0
LB02	260	Picture	run_1;block_4;Stern;3;2;0	run_1	block_4	Stern	3	2	0	4529715	0	1	2831	1	0	2500	false_alarm	151
LB02	260	Response	2							4533572	3858	0
LB02	262	Picture	run_1;block_4;Dreieck;2;2;2	run_1	block_4	Dreieck	2	2	2	4547199	0	1	2831	1	0	2500	miss	0
LB02	264	Picture	run_1;block_4;Stern;7;2;0	run_1	block_4	Stern	7	2	0	4574842	0	1	2664	1	0	2500	other	0
LB02	266	Picture	run_1;block_4;Viereck;6;2;0	run_1	block_4	Viereck	6	2	0	4602151	0	1	2664	1	0	2500	other	0
LB02	268	Picture	run_1;block_4;Dreieck;2;2;2	run_1	block_4	Dreieck	2	2	2	4633457	0	1	2664	1	0	2500	miss	0
LB02	270	Picture	run_1;block_4;Viereck;3;2;0	run_1	block_4	Viereck	3	2	0	4664764	0	1	2664	1	0	2500	other	0
LB02	272	Picture	run_1;block_4;Viereck;7;2;0	run_1	block_4	Viereck	7	2	0	4694071	0	1	2664	1	0	2500	other	0
LB02	274	Picture	run_1;block_4;Dreieck;9;2;2	run_1	block_4	Dreieck	9	2	2	4727542	0	1	2831	1	0	2500	miss	0
LB02	276	Picture	run_1;block_4;Stern;6;2;0	run_1	block_4	Stern	6	2	0	4767174	0	1	2664	1	0	2500	other	0
LB02	278	Picture	run_1;block_4;Dreieck;2;2;2	run_1	block_4	Dreieck	2	2	2	4798480	0	1	2664	1	0	2500	hit	161
LB02	278	Response	2							4807491	9011	0
LB02	280	Response	3							6051091	43333	0
LB02	281	Response	3							6154295	103074	0
LB02	283	Picture	run_2;block_1;Viereck;A;3;0	run_2	block_1	Viereck	A	3	0	6164622	0	1	2664	1	0	2500	other	0
LB02	285	Picture	run_2;block_1;Viereck;T;3;0	run_2	block_1	Viereck	T	3	0	6199924	0	1	2664	1	0	2500	other	0
LB02	287	Picture	run_2;block_1;Dreieck;A;3;0	run_2	block_1	Dreieck	A	3	0	6235227	0	1	2664	1	0	2500	other	0
LB02	289	Picture	run_2;block_1;Stern;E;3;2	run_2	block_1	Stern	E	3	2	6264868	0	1	2831	1	0	2500	hit	168
LB02	289	Response	2							6270371	5503	0
LB02	291	Picture	run_2;block_1;Viereck;A;3;0	run_2	block_1	Viereck	A	3	0	6276025	0	1	2831	1	0	2500	other	0
LB02	293	Picture	run_2;block_1;Dreieck;E;3;0	run_2	block_1	Dreieck	E	3	0	6299504	0	1	2664	1	0	2500	other	0
LB02	295	Picture	run_2;block_1;Kreis;X;3;1	run_2	block_1	Kreis	X	3	1	6330977	0	1	2664	1	0	2500	hit	172
LB02	295	Response	1							6335011	4034	0
LB02	297	Picture	run_2;block_1;Kreis;E;3;0	run_2	block_1	Kreis	E	3	0	6358286	0	1	2664	1	0	2500	other	0
LB02	299	Picture	run_2;block_1;Stern;A;3;2	run_2	block_1	Stern	A	3	2	6385596	0	1	2664	1	0	2500	hit	175
LB02	299	Response	2							6390851	5255	0
LB02	301	Picture	run_2;block_1;Viereck;A;3;0	run_2	block_1	Viereck	A	3	0	6402248	0	1	2664	1	0	2500	other	0
LB02	303	Picture	run_2;block_1;Kreis;D;3;0	run_2	block_1	Kreis	D	3	0	6427559	0	1	2664	1	0	2500	other	0
LB02	305	Picture	run_2;block_1;Dreieck;X;3;1	run_2	block_1	Dreieck	X	3	1	6461196	0	1	2831	1	0	2500	hit	179
LB02	305	Response	1							6464771	3575	0
LB02	307	Picture	run_2;block_1;Dreieck;M;3;0	run_2	block_1	Dreieck	M	3	0	6476350	0	1	2664	1	0	2500	other	0
LB02	309	Picture	run_2;block_1;Kreis;M;3;0	run_2	block_1	Kreis	M	3	0	6513817	0	1	2664	1	0	2500	other	0
LB02	311	Picture	run_2;block_1;Dreieck;D;3;0	run_2	block_1	Dreieck	D	3	0	6543125	0	1	2664	1	0	2500	other	0
LB02	313	Picture	run_2;block_1;Viereck;E;3;0	run_2	block_1	Viereck	E	3	0	6580426	0	1	2664	1	0	2500	other	0
LB02	315	Picture	run_2;block_1;Kreis;E;3;0	run_2	block_1	Kreis	E	3	0	6607735	0	1	2664	1	0	2500	other	0
LB02	317	Picture	run_2;block_1;Stern;M;3;2	run_2	block_1	Stern	M	3	2	6631215	0	1	2831	1	0	2500	hit	186
LB02	317	Response	2							6637091	5876	0
LB02	319	Picture	run_2;block_1;Viereck;M;3;0	run_2	block_1	Viereck	M	3	0	6648699	0	1	2831	1	0	2500	other	0
LB02	321	Picture	run_2;block_1;Kreis;M;3;0	run_2	block_1	Kreis	M	3	0	6672345	0	1	2664	1	0	2500	other	0
LB02	323	Picture	run_2;block_1;Viereck;M;3;0	run_2	block_1	Viereck	M	3	0	6699655	0	1	2664	1	0	2500	other	0
LB02	325	Picture	run_2;block_1;Dreieck;T;3;0	run_2	block_1	Dreieck	T	3	0	6734958	0	1	2664	1	0	2500	other	0
LB02	327	Picture	run_2;block_1;Dreieck;X;3;1	run_2	block_1	Dreieck	X	3	1	6770260	0	1	2664	1	0	2500	hit	192
LB02	327	Response	1							6773891	3631	0
LB02	329	Picture	run_2;block_1;Viereck;D;3;0	run_2	block_1	Viereck	D	3	0	6793240	0	1	2664	1	0	2500	other	0
LB02	331	Picture	run_2;block_1;Dreieck;T;3;0	run_2	block_1	Dreieck	T	3	0	6816553	0	1	2664	1	0	2500	other	0
LB02	333	Picture	run_2;block_1;Kreis;M;3;0	run_2	block_1	Kreis	M	3	0	6842197	0	1	2831	1	0	2500	other	0
LB02	334	Response	3							6946291	85776	0
LB02	336	Picture	run_2;block_2;Stern;3;3;0	run_2	block_2	Stern	3	3	0	6956598	0	1	2664	1	0	2500	other	0
LB02	338	Picture	run_2;block_2;Dreieck;7;3;0	run_2	block_2	Dreieck	7	3	0	6979910	0	1	2664	1	0	2500	other	0
LB02	340	Picture	run_2;block_2;Dreieck;2;3;0	run_2	block_2	Dreieck	2	3	0	7003223	0	1	2664	1	0	2500	other	0
LB02	342	Picture	run_2;block_2;Dreieck;6;3;0	run_2	block_2	Dreieck	6	3	0	7030866	0	1	2831	1	0	2500	other	0
LB02	344	Picture	run_2;block_2;Kreis;2;3;0	run_2	block_2	Kreis	2	3	0	7056510	0	1	2664	1	0	2500	other	0
LB02	346	Picture	run_2;block_2;Kreis;6;3;0	run_2	block_2	Kreis	6	3	0	7097808	0	1	2664	1	0	2500	other	0
LB02	348	Picture	run_2;block_2;Dreieck;4;3;1	run_2	block_2	Dreieck	4	3	1	7121121	0	1	2664	1	0	2500	hit	204
LB02	348	Response	1							7125410	4290	0
LB02	350	Picture	run_2;block_2;Stern;2;3;0	run_2	block_2	Stern	2	3	0	7136774	0	1	2664	1	0	2500	other	0
LB02	352	Picture	run_2;block_2;Viereck;3;3;2	run_2	block_2	Viereck	3	3	2	7172076	0	1	2664	1	0	2500	hit	207
LB02	352	Response	2							7175810	3734	0
LB02	354	Picture	run_2;block_2;Dreieck;3;3;0	run_2	block_2	Dreieck	3	3	0	7187063	0	1	2664	1	0	2500	other	0
LB02	356	Picture	run_2;block_2;Dreieck;9;3;0	run_2	block_2	Dreieck	9	3	0	7216704	0	1	2831	1	0	2500	other	0
LB02	358	Picture	run_2;block_2;Stern;2;3;0	run_2	block_2	Stern	2	3	0	7258334	0	1	2664	1	0	2500	other	0
LB02	360	Picture	run_2;block_2;Viereck;9;3;2	run_2	block_2	Viereck	9	3	2	7289640	0	1	2664	1	0	2500	hit	212
LB02	360	Response	2							7297490	7850	0
LB02	362	Picture	run_2;block_2;Stern;7;3;0	run_2	block_2	Stern	7	3	0	7316783	0	1	2664	1	0	2500	other	0
LB02	364	Picture	run_2;block_2;Kreis;6;3;0	run_2	block_2	Kreis	6	3	0	7358081	0	1	2664	1	0	2500	other	0
LB02	366	Picture	run_2;block_2;Dreieck;7;3;0	run_2	block_2	Dreieck	7	3	0	7381394	0	1	2664	1	0	2500	other	0
LB02	368	Picture	run_2;block_2;Kreis;9;3;0	run_2	block_2	Kreis	9	3	0	7417029	0	1	2831	1	0	2500	other	0
LB02	370	Picture	run_2;block_2;Dreieck;3;3;0	run_2	block_2	Dreieck	3	3	0	7458659	0	1	2664	1	0	2500	other	0
LB02	372	Picture	run_2;block_2;Viereck;9;3;2	run_2	block_2	Viereck	9	3	2	7483971	0	1	2664	1	0	2500	hit	219
LB02	372	Response	2							7489732	5761	0
LB02	374	Picture	run_2;block_2;Kreis;2;3;0	run_2	block_2	Kreis	2	3	0	7507117	0	1	2664	1	0	2500	other	0
LB02	376	Picture	run_2;block_2;Dreieck;2;3;0	run_2	block_2	Dreieck	2	3	0	7542420	0	1	2664	1	0	2500	other	0
LB02	378	Picture	run_2;block_2;Kreis;4;3;1	run_2	block_2	Kreis	4	3	1	7575724	0	1	2664	1	0	2500	hit	223
LB02	378	Response	1							7582770	7046	0
LB02	380	Picture	run_2;block_2;Dreieck;6;3;0	run_2	block_2	Dreieck	6	3	0	7598204	0	1	2831	1	0	2500	other	0
LB02	382	Picture	run_2;block_2;Dreieck;3;3;0	run_2	block_2	Dreieck	3	3	0	7625847	0	1	2664	1	0	2500	other	0
LB02	384	Picture	run_2;block_2;Kreis;2;3;0	run_2	block_2	Kreis	2	3	0	7667311	0	1	2664	1	0	2500	other	0
LB02	386	Picture	run_2;block_2;Kreis;4;3;1	run_2	block_2	Kreis	4	3	1	7696619	0	1	2664	1	0	2500	hit	228
LB02	386	Response	1							7703730	7112	0
LB02	387	Response	3							7745650	41705	0
LB02	389	Picture	run_2;block_3;Stern;M;3;0	run_2	block_3	Stern	M	3	0	7755900	0	1	2664	1	0	2500	other	0
LB02	391	Picture	run_2;block_3;Viereck;M;3;0	run_2	block_3	Viereck	M	3	0	7793368	0	1	2831	1	0	2500	other	0
LB02	393	Picture	run_2;block_3;Kreis;E;3;2	run_2	block_3	Kreis	E	3	2	7819012	0	1	2664	1	0	2500	hit	233
LB02	393	Response	2							7824450	5438	0
LB02	395	Picture	run_2;block_3;Viereck;X;3;0	run_2	block_3	Viereck	X	3	0	7837829	0	1	2664	1	0	2500	other	0
LB02	397	Picture	run_2;block_3;Kreis;D;3;2	run_2	block_3	Kreis	D	3	2	7863140	0	1	2664	1	0	2500	hit	236
LB02	397	Response	2							7869570	6430	0
LB02	399	Picture	run_2;block_3;Dreieck;E;3;0	run_2	block_3	Dreieck	E	3	0	7884954	0	1	2664	1	0	2500	other	0
LB02	401	Picture	run_2;block_3;Stern;X;3;0	run_2	block_3	Stern	X	3	0	7920257	0	1	2664	1	0	2500	other	0
LB02	403	Picture	run_2;block_3;Stern;T;3;0	run_2	block_3	Stern	T	3	0	7959556	0	1	2664	1	0	2500	other	0
LB02	405	Picture	run_2;block_3;Dreieck;M;3;0	run_2	block_3	Dreieck	M	3	0	7993193	0	1	2831	1	0	2500	other	0
LB02	407	Picture	run_2;block_3;Viereck;A;3;1	run_2	block_3	Viereck	A	3	1	8026664	0	1	2664	1	0	2500	hit	242
LB02	407	Response	1							8030210	3546	0
LB02	409	Picture	run_2;block_3;Stern;T;3;0	run_2	block_3	Stern	T	3	0	8039653	0	1	2664	1	0	2500	other	0
LB02	411	Picture	run_2;block_3;Viereck;A;3;1	run_2	block_3	Viereck	A	3	1	8080950	0	1	2664	1	0	2500	hit	245
LB02	411	Response	1							8086610	5660	0
LB02	413	Picture	run_2;block_3;Viereck;D;3;0	run_2	block_3	Viereck	D	3	0	8103930	0	1	2664	1	0	2500	other	0
LB02	415	Picture	run_2;block_3;Dreieck;D;3;0	run_2	block_3	Dreieck	D	3	0	8145227	0	1	2664	1	0	2500	other	0
LB02	417	Picture	run_2;block_3;Kreis;E;3;2	run_2	block_3	Kreis	E	3	2	8174868	0	1	2831	1	0	2500	hit	249
LB02	417	Response	2							8179650	4782	0
LB02	419	Picture	run_2;block_3;Stern;T;3;0	run_2	block_3	Stern	T	3	0	8189189	0	1	2831	1	0	2500	other	0
LB02	421	Picture	run_2;block_3;Stern;A;3;1	run_2	block_3	Stern	A	3	1	8230653	0	1	2664	1	0	2500	hit	252
LB02	421	Response	1							8235970	5317	0
LB02	423	Picture	run_2;block_3;Dreieck;M;3;0	run_2	block_3	Dreieck	M	3	0	8247305	0	1	2664	1	0	2500	other	0
LB02	425	Picture	run_2;block_3;Stern;D;3;0	run_2	block_3	Stern	D	3	0	8272616	0	1	2664	1	0	2500	other	0
LB02	427	Picture	run_2;block_3;Stern;M;3;0	run_2	block_3	Stern	M	3	0	8297927	0	1	2664	1	0	2500	other	0
LB02	429	Picture	run_2;block_3;Stern;E;3;0	run_2	block_3	Stern	E	3	0	8339225	0	1	2664	1	0	2500	other	0
LB02	431	Picture	run_2;block_3;Stern;X;3;0	run_2	block_3	Stern	X	3	0	8364869	0	1	2831	1	0	2500	other	0
LB02	433	Picture	run_2;block_3;Dreieck;E;3;0	run_2	block_3	Dreieck	E	3	0	8394510	0	1	2664	1	0	2500	other	0
LB02	435	Picture	run_2;block_3;Viereck;E;3;0	run_2	block_3	Viereck	E	3	0	8433809	0	1	2664	1	0	2500	other	0
LB02	437	Picture	run_2;block_3;Viereck;X;3;0	run_2	block_3	Viereck	X	3	0	8473108	0	1	2664	1	0	2500	other	0
LB02	439	Picture	run_2;block_3;Dreieck;M;3;0	run_2	block_3	Dreieck	M	3	0	8510409	0	1	2664	1	0	2500	other	0
LB02	440	Response	3							8564050	35490	0
LB02	442	Picture	run_2;block_4;Kreis;2;3;0	run_2	block_4	Kreis	2	3	0	8574686	0	1	2831	1	0	2500	other	0
LB02	444	Picture	run_2;block_4;Viereck;9;3;0	run_2	block_4	Viereck	9	3	0	8610155	0	1	2664	1	0	2500	other	0
LB02	446	Picture	run_2;block_4;Stern;2;3;0	run_2	block_4	Stern	2	3	0	8643459	0	1	2664	1	0	2500	other	0
LB02	448	Picture	run_2;block_4;Stern;3;3;0	run_2	block_4	Stern	3	3	0	8682758	0	1	2664	1	0	2500	other	0
LB02	450	Picture	run_2;block_4;Stern;4;3;0	run_2	block_4	Stern	4	3	0	8710068	0	1	2664	1	0	2500	other	0
LB02	452	Picture	run_2;block_4;Viereck;2;3;0	run_2	block_4	Viereck	2	3	0	8747535	0	1	2831	1	0	2500	other	0
LB02	454	Picture	run_2;block_4;Stern;6;3;1	run_2	block_4	Stern	6	3	1	8785169	0	1	2664	1	0	2500	hit	270
LB02	454	Response	1							8789969	4801	0
LB02	456	Picture	run_2;block_4;Viereck;9;3;0	run_2	block_4	Viereck	9	3	0	8803320	0	1	2664	1	0	2500	other	0
LB02	458	Picture	run_2;block_4;Stern;9;3;0	run_2	block_4	Stern	9	3	0	8844617	0	1	2664	1	0	2500	other	0
LB02	460	Picture	run_2;block_4;Kreis;7;3;0	run_2	block_4	Kreis	7	3	0	8875923	0	1	2664	1	0	2500	other	0
LB02	462	Picture	run_2;block_4;Kreis;9;3;0	run_2	block_4	Kreis	9	3	0	8917220	0	1	2664	1	0	2500	other	0
LB02	464	Picture	run_2;block_4;Stern;2;3;0	run_2	block_4	Stern	2	3	0	8944863	0	1	2831	1	0	2500	other	0
LB02	466	Picture	run_2;block_4;Dreieck;7;3;2	run_2	block_4	Dreieck	7	3	2	8972506	0	1	2664	1	0	2500	hit	277
LB02	466	Response	2							8979329	6824	0
LB02	468	Picture	run_2;block_4;Stern;3;3;0	run_2	block_4	Stern	3	3	0	8998649	0	1	2664	1	0	2500	other	0
LB02	470	Picture	run_2;block_4;Kreis;2;3;0	run_2	block_4	Kreis	2	3	0	9021962	0	1	2664	1	0	2500	other	0
LB02	472	Picture	run_2;block_4;Stern;6;3;1	run_2	block_4	Stern	6	3	1	9059263	0	1	2664	1	0	2500	hit	281
LB02	472	Response	1							9063249	3986	0
LB02	474	Picture	run_2;block_4;Viereck;2;3;0	run_2	block_4	Viereck	2	3	0	9068588	0	1	2664	1	0	2500	other	0
LB02	476	Picture	run_2;block_4;Kreis;9;3;0	run_2	block_4	Kreis	9	3	0	9107887	0	1	2664	1	0	2500	other	0
LB02	478	Picture	run_2;block_4;Stern;3;3;0	run_2	block_4	Stern	3	3	0	9139526	0	1	2831	1	0	2500	other	0
LB02	480	Picture	run_2;block_4;Stern;2;3;0	run_2	block_4	Stern	2	3	0	9176994	0	1	2664	1	0	2500	other	0
LB02	482	Picture	run_2;block_4;Kreis;2;3;0	run_2	block_4	Kreis	2	3	0	9208300	0	1	2664	1	0	2500	other	0
LB02	484	Picture	run_2;block_4;Dreieck;2;3;2	run_2	block_4	Dreieck	2	3	2	9245601	0	1	2664	1	0	2500	hit	288
LB02	484	Response	2							9252529	6929	0
LB02	486	Picture	run_2;block_4;Viereck;2;3;0	run_2	block_4	Viereck	2	3	0	9267914	0	1	2664	1	0	2500	other	0
LB02	488	Picture	run_2;block_4;Dreieck;7;3;2	run_2	block_4	Dreieck	7	3	2	9303217	0	1	2664	1	0	2500	hit	291
LB02	488	Response	2							9307411	4194	1
LB02	490	Picture	run_2;block_4;Kreis;7;3;0	run_2	block_4	Kreis	7	3	0	9329028	0	1	2831	1	0	2500	other	0
LB02	492	Picture	run_2;block_4;Stern;6;3;1	run_2	block_4	Stern	6	3	1	9368660	0	1	2664	1	0	2500	hit	294
LB02	492	Response	1							9373249	4589	0
LB02	494	Response	3							10605969	32360	0
LB02	495	Response	3							10669088	63008	0
LB02	497	Picture	run_3;block_1;Kreis;T;2;0	run_3	block_1	Kreis	T	2	0	10679683	0	1	2831	1	0	2500	other	0
LB02	499	Picture	run_3;block_1;Dreieck;D;2;0	run_3	block_1	Dreieck	D	2	0	10721147	0	1	2664	1	0	2500	other	0
LB02	501	Picture	run_3;block_1;Dreieck;M;2;0	run_3	block_1	Dreieck	M	2	0	10758447	0	1	2664	1	0	2500	other	0
LB02	503	Picture	run_3;block_1;Dreieck;T;2;0	run_3	block_1	Dreieck	T	2	0	10781760	0	1	2664	1	0	2500	other	0
LB02	505	Picture	run_3;block_1;Stern;A;2;2	run_3	block_1	Stern	A	2	2	10823058	0	1	2664	1	0	2500	hit	302
LB02	505	Response	2							10826688	3630	0
LB02	507	Picture	run_3;block_1;Viereck;X;2;0	run_3	block_1	Viereck	X	2	0	10836213	0	1	2831	1	0	2500	other	0
LB02	509	Picture	run_3;block_1;Kreis;A;2;0	run_3	block_1	Kreis	A	2	0	10861857	0	1	2831	1	0	2500	other	0
LB02	511	Picture	run_3;block_1;Stern;D;2;2	run_3	block_1	Stern	D	2	2	10889333	0	1	2664	1	0	2500	hit	306
LB02	511	Response	2							10893648	4315	0
LB02	513	Picture	run_3;block_1;Kreis;D;2;0	run_3	block_1	Kreis	D	2	0	10910981	0	1	2664	1	0	2500	other	0
LB02	515	Picture	run_3;block_1;Viereck;T;2;0	run_3	block_1	Viereck	T	2	0	10938291	0	1	2664	1	0	2500	other	0
LB02	517	Picture	run_3;block_1;Stern;M;2;2	run_3	block_1	Stern	M	2	2	10969597	0	1	2664	1	0	2500	hit	310
LB02	517	Response	2							10973568	3972	0
LB02	519	Picture	run_3;block_1;Dreieck;E;2;0	run_3	block_1	Dreieck	E	2	0	10992910	0	1	2664	1	0	2500	other	0
LB02	521	Picture	run_3;block_1;Viereck;D;2;0	run_3	block_1	Viereck	D	2	0	11020219	0	1	2664	1	0	2500	other	0
LB02	523	Picture	run_3;block_1;Viereck;E;2;0	run_3	block_1	Viereck	E	2	0	11053856	0	1	2831	1	0	2500	other	0
LB02	525	Picture	run_3;block_1;Stern;E;2;2	run_3	block_1	Stern	E	2	2	11089325	0	1	2664	1	0	2500	hit	315
LB02	525	Response	2							11093488	4163	0
LB02	527	Picture	run_3;block_1;Kreis;D;2;0	run_3	block_1	Kreis	D	2	0	11108809	0	1	2664	1	0	2500	other	0
LB02	529	Picture	run_3;block_1;Kreis;T;2;0	run_3	block_1	Kreis	T	2	0	11136118	0	1	2664	1	0	2500	other	0
LB02	531	Picture	run_3;block_1;Viereck;A;2;0	run_3	block_1	Viereck	A	2	0	11169422	0	1	2664	1	0	2500	other	0
LB02	533	Picture	run_3;block_1;Stern;E;2;2	run_3	block_1	Stern	E	2	2	11198730	0	1	2664	1	0	2500	hit	320
LB02	533	Response	2							11204288	5558	0
LB02	535	Picture	run_3;block_1;Kreis;X;2;0	run_3	block_1	Kreis	X	2	0	11211552	0	1	2664	1	0	2500	other	0
LB02	537	Picture	run_3;block_1;Viereck;A;2;0	run_3	block_1	Viereck	A	2	0	11235198	0	1	2831	1	0	2500	other	0
LB02	539	Picture	run_3;block_1;Kreis;M;2;0	run_3	block_1	Kreis	M	2	0	11260843	0	1	2664	1	0	2500	other	0
LB02	541	Picture	run_3;block_1;Stern;E;2;2	run_3	block_1	Stern	E	2	2	11294147	0	1	2664	1	0	2500	hit	325
LB02	541	Response	2							11297328	3181	0
LB02	543	Picture	run_3;block_1;Viereck;E;2;0	run_3	block_1	Viereck	E	2	0	11302639	0	1	2664	1	0	2500	other	0
LB02	545	Picture	run_3;block_1;Kreis;A;2;0	run_3	block_1	Kreis	A	2	0	11339940	0	1	2664	1	0	2500	other	0
LB02	547	Picture	run_3;block_1;Kreis;M;2;0	run_3	block_1	Kreis	M	2	0	11367250	0	1	2664	1	0	2500	other	0
LB02	548	Response	3							11420048	34647	0
LB02	550	Picture	run_3;block_2;Stern;2;3;0	run_3	block_2	Stern	2	3	0	11430694	0	1	2831	1	0	2500	other	0
LB02	552	Picture	run_3;block_2;Dreieck;6;3;0	run_3	block_2	Dreieck	6	3	0	11470326	0	1	2664	1	0	2500	other	0
LB02	554	Picture	run_3;block_2;Kreis;9;3;0	run_3	block_2	Kreis	9	3	0	11507627	0	1	2664	1	0	2500	other	0
LB02	556	Picture	run_3;block_2;Dreieck;3;3;0	run_3	block_2	Dreieck	3	3	0	11530940	0	1	2664	1	0	2500	other	0
LB02	558	Picture	run_3;block_2;Viereck;3;3;2	run_3	block_2	Viereck	3	3	2	11572238	0	1	2664	1	0	2500	hit	335
LB02	558	Response	2							11579888	7651	0
LB02	560	Picture	run_3;block_2;Stern;3;3;0	run_3	block_2	Stern	3	3	0	11591221	0	1	2664	1	0	2500	other	0
LB02	562	Picture	run_3;block_2;Dreieck;2;3;0	run_3	block_2	Dreieck	2	3	0	11618864	0	1	2831	1	0	2500	other	0
LB02	564	Picture	run_3;block_2;Kreis;9;3;0	run_3	block_2	Kreis	9	3	0	11650503	0	1	2664	1	0	2500	other	0
LB02	566	Picture	run_3;block_2;Dreieck;6;3;0	run_3	block_2	Dreieck	6	3	0	11685805	0	1	2664	1	0	2500	other	0
LB02	568	Picture	run_3;block_2;Stern;7;3;1	run_3	block_2	Stern	7	3	1	11721108	0	1	2664	1	0	2500	hit	341
LB02	568	Response	1							11728448	7340	0
LB02	570	Picture	run_3;block_2;Kreis;6;3;0	run_3	block_2	Kreis	6	3	0	11745753	0	1	2664	1	0	2500	other	0
LB02	572	Picture	run_3;block_2;Kreis;9;3;0	run_3	block_2	Kreis	9	3	0	11771064	0	1	2664	1	0	2500	other	0
LB02	574	Picture	run_3;block_2;Kreis;7;3;1	run_3	block_2	Kreis	7	3	1	11802537	0	1	2831	1	0	2500	hit	345
LB02	574	Response	1							11808528	5991	0
LB02	576	Picture	run_3;block_2;Dreieck;2;3;0	run_3	block_2	Dreieck	2	3	0	11828181	0	1	2831	1	0	2500	other	0
LB02	578	Picture	run_3;block_2;Stern;7;3;1	run_3	block_2	Stern	7	3	1	11857655	0	1	2664	1	0	2500	hit	348
LB02	578	Response	1							11864208	6553	0
LB02	580	Picture	run_3;block_2;Kreis;2;3;0	run_3	block_2	Kreis	2	3	0	11869645	0	1	2664	1	0	2500	other	0
LB02	582	Picture	run_3;block_2;Stern;9;3;0	run_3	block_2	Stern	9	3	0	11898953	0	1	2664	1	0	2500	other	0
LB02	584	Picture	run_3;block_2;Kreis;9;3;0	run_3	block_2	Kreis	9	3	0	11932257	0	1	2664	1	0	2500	other	0
LB02	586	Picture	run_3;block_2;Viereck;2;3;2	run_3	block_2	Viereck	2	3	2	11963563	0	1	2664	1	0	2500	hit	353
LB02	586	Response	2							11969488	5925	0
LB02	588	Picture	run_3;block_2;Kreis;6;3;0	run_3	block_2	Kreis	6	3	0	11990872	0	1	2831	1	0	2500	other	0
LB02	590	Picture	run_3;block_2;Kreis;3;3;0	run_3	block_2	Kreis	3	3	0	12022511	0	1	2664	1	0	2500	other	0
LB02	592	Picture	run_3;block_2;Dreieck;2;3;0	run_3	block_2	Dreieck	2	3	0	12047989	0	1	2664	1	0	2500	other	0
LB02	594	Picture	run_3;block_2;Kreis;9;3;0	run_3	block_2	Kreis	9	3	0	12087288	0	1	2664	1	0	2500	other	0
LB02	596	Picture	run_3;block_2;Stern;3;3;0	run_3	block_2	Stern	3	3	0	12114598	0	1	2664	1	0	2500	other	0
LB02	598	Picture	run_3;block_2;Dreieck;6;3;0	run_3	block_2	Dreieck	6	3	0	12137911	0	1	2664	1	0	2500	other	0
LB02	600	Picture	run_3;block_2;Viereck;6;3;2	run_3	block_2	Viereck	6	3	2	12161224	0	1	2664	1	0	2500	hit	361
LB02	600	Response	2							12168048	6824	0
LB02	601	Response	3							12194288	26070	0
LB02	603	Picture	run_3;block_3;Kreis;D;1;0	run_3	block_3	Kreis	D	1	0	12204852	0	1	2831	1	0	2500	other	0
LB02	605	Picture	run_3;block_3;Dreieck;E;1;0	run_3	block_3	Dreieck	E	1	0	12236325	0	1	2664	1	0	2500	other	0
LB02	607	Picture	run_3;block_3;Viereck;D;1;0	run_3	block_3	Viereck	D	1	0	12261636	0	1	2664	1	0	2500	other	0
LB02	609	Picture	run_3;block_3;Kreis;T;1;1	run_3	block_3	Kreis	T	1	1	12300935	0	1	2664	1	0	2500	hit	367
LB02	609	Response	1							12305327	4392	0
LB02	611	Picture	run_3;block_3;Dreieck;D;1;0	run_3	block_3	Dreieck	D	1	0	12316588	0	1	2664	1	0	2500	other	0
LB02	613	Picture	run_3;block_3;Kreis;E;1;0	run_3	block_3	Kreis	E	1	0	12349892	0	1	2664	1	0	2500	other	0
LB02	615	Picture	run_3;block_3;Stern;M;1;0	run_3	block_3	Stern	M	1	0	12385528	0	1	2831	1	0	2500	other	0
LB02	617	Picture	run_3;block_3;Stern;A;1;0	run_3	block_3	Stern	A	1	0	12427158	0	1	2664	1	0	2500	other	0
LB02	619	Picture	run_3;block_3;Stern;T;1;1	run_3	block_3	Stern	T	1	1	12466457	0	1	2664	1	0	2500	hit	373
LB02	619	Response	1							12470847	4390	0
LB02	621	Picture	run_3;block_3;Viereck;D;1;0	run_3	block_3	Viereck	D	1	0	12488272	0	1	2664	1	0	2500	other	0
LB02	623	Picture	run_3;block_3;Kreis;E;1;0	run_3	block_3	Kreis	E	1	0	12511585	0	1	2664	1	0	2500	other	0
LB02	625	Picture	run_3;block_3;Kreis;M;1;0	run_3	block_3	Kreis	M	1	0	12550884	0	1	2664	1	0	2500	other	0
LB02	627	Picture	run_3;block_3;Dreieck;T;1;1	run_3	block_3	Dreieck	T	1	1	12586519	0	1	2831	1	0	2500	hit	378
LB02	627	Response	1							12590847	4328	0
LB02	629	Picture	run_3;block_3;Viereck;D;1;0	run_3	block_3	Viereck	D	1	0	12614495	0	1	2664	1	0	2500	other	0
LB02	631	Picture	run_3;block_3;Kreis;A;1;0	run_3	block_3	Kreis	A	1	0	12653794	0	1	2664	1	0	2500	other	0
LB02	633	Picture	run_3;block_3;Viereck;A;1;0	run_3	block_3	Viereck	A	1	0	12681104	0	1	2664	1	0	2500	other	0
LB02	635	Picture	run_3;block_3;Dreieck;M;1;0	run_3	block_3	Dreieck	M	1	0	12718404	0	1	2664	1	0	2500	other	0
LB02	637	Picture	run_3;block_3;Kreis;M;1;0	run_3	block_3	Kreis	M	1	0	12745714	0	1	2831	1	0	2500	other	0
LB02	639	Picture	run_3;block_3;Kreis;T;1;1	run_3	block_3	Kreis	T	1	1	12769360	0	1	2831	1	0	2500	hit	385
LB02	639	Response	1							12773967	4607	0
LB02	641	Picture	run_3;block_3;Kreis;A;1;0	run_3	block_3	Kreis	A	1	0	12793505	0	1	2664	1	0	2500	other	0
LB02	643	Picture	run_3;block_3;Stern;D;1;0	run_3	block_3	Stern	D	1	0	12820815	0	1	2664	1	0	2500	other	0
LB02	645	Picture	run_3;block_3;Kreis;E;1;0	run_3	block_3	Kreis	E	1	0	12860114	0	1	2664	1	0	2500	other	0
LB02	647	Picture	run_3;block_3;Kreis;T;1;1	run_3	block_3	Kreis	T	1	1	12883427	0	1	2664	1	0	2500	hit	390
LB02	647	Response	1							12887727	4300	0
LB02	649	Picture	run_3;block_3;Stern;M;1;0	run_3	block_3	Stern	M	1	0	12901078	0	1	2664	1	0	2500	other	0
LB02	651	Picture	run_3;block_3;Kreis;M;1;0	run_3	block_3	Kreis	M	1	0	12940544	0	1	2831	1	0	2500	other	0
LB02	653	Picture	run_3;block_3;Viereck;T;1;1	run_3	block_3	Viereck	T	1	1	12974181	0	1	2831	1	0	2500	hit	394
LB02	653	Response	1							12978207	4026	0
LB02	654	Response	3							13020047	41536	0
LB02	656	Picture	run_3;block_4;Stern;3;3;0	run_3	block_4	Stern	3	3	0	13030465	0	1	2664	1	0	2500	other	0
LB02	658	Picture	run_3;block_4;Kreis;7;3;2	run_3	block_4	Kreis	7	3	2	13059773	0	1	2664	1	0	2500	hit	398
LB02	658	Response	2							13070127	10354	0
LB02	660	Picture	run_3;block_4;Stern;4;3;0	run_3	block_4	Stern	4	3	0	13091412	0	1	2664	1	0	2500	other	0
LB02	662	Picture	run_3;block_4;Viereck;4;3;0	run_3	block_4	Viereck	4	3	0	13120720	0	1	2664	1	0	2500	other	0
LB02	664	Picture	run_3;block_4;Stern;3;3;0	run_3	block_4	Stern	3	3	0	13156356	0	1	2831	1	0	2500	other	0
LB02	666	Picture	run_3;block_4;Viereck;7;3;0	run_3	block_4	Viereck	7	3	0	13183832	0	1	2664	1	0	2500	other	0
LB02	668	Picture	run_3;block_4;Stern;7;3;0	run_3	block_4	Stern	7	3	0	13211141	0	1	2664	1	0	2500	other	0
LB02	670	Picture	run_3;block_4;Dreieck;9;3;1	run_3	block_4	Dreieck	9	3	1	13252438	0	1	2664	1	0	2500	hit	405
LB02	670	Response	1							13256287	3849	0
LB02	672	Picture	run_3;block_4;Dreieck;6;3;0	run_3	block_4	Dreieck	6	3	0	13269590	0	1	2664	1	0	2500	other	0
LB02	674	Picture	run_3;block_4;Dreieck;7;3;0	run_3	block_4	Dreieck	7	3	0	13306891	0	1	2664	1	0	2500	other	0
LB02	676	Picture	run_3;block_4;Kreis;2;3;2	run_3	block_4	Kreis	2	3	2	13334533	0	1	2831	1	0	2500	hit	409
LB02	676	Response	2							13338767	4233	0
LB02	678	Picture	run_3;block_4;Dreieck;7;3;0	run_3	block_4	Dreieck	7	3	0	13362343	0	1	2664	1	0	2500	other	0
LB02	680	Picture	run_3;block_4;Stern;3;3;0	run_3	block_4	Stern	3	3	0	13385822	0	1	2664	1	0	2500	other	0
LB02	682	Picture	run_3;block_4;Dreieck;6;3;0	run_3	block_4	Dreieck	6	3	0	13413132	0	1	2664	1	0	2500	other	0
LB02	684	Picture	run_3;block_4;Dreieck;7;3;0	run_3	block_4	Dreieck	7	3	0	13438443	0	1	2664	1	0	2500	other	0
LB02	686	Picture	run_3;block_4;Stern;7;3;0	run_3	block_4	Stern	7	3	0	13469749	0	1	2664	1	0	2500	other	0
LB02	688	Picture	run_3;block_4;Stern;2;3;0	run_3	block_4	Stern	2	3	0	13503053	0	1	2664	1	0	2500	other	0
LB02	690	Picture	run_3;block_4;Kreis;6;3;2	run_3	block_4	Kreis	6	3	2	13536690	0	1	2831	1	0	2500	hit	417
LB02	690	Response	2							13541167	4476	0
LB02	692	Picture	run_3;block_4;Dreieck;4;3;0	run_3	block_4	Dreieck	4	3	0	13556673	0	1	2664	1	0	2500	other	0
LB02	694	Picture	run_3;block_4;Stern;2;3;0	run_3	block_4	Stern	2	3	0	13583983	0	1	2664	1	0	2500	other	0
LB02	696	Picture	run_3;block_4;Dreieck;4;3;0	run_3	block_4	Dreieck	4	3	0	13617287	0	1	2664	1	0	2500	other	0
LB02	698	Picture	run_3;block_4;Stern;6;3;0	run_3	block_4	Stern	6	3	0	13656586	0	1	2664	1	0	2500	other	0
LB02	700	Picture	run_3;block_4;Viereck;4;3;0	run_3	block_4	Viereck	4	3	0	13695885	0	1	2664	1	0	2500	other	0
LB02	702	Picture	run_3;block_4;Viereck;9;3;1	run_3	block_4	Viereck	9	3	1	13721529	0	1	2831	1	0	2500	hit	424
LB02	702	Response	1							13727727	6198	0
LB02	704	Picture	run_3;block_4;Stern;3;3;0	run_3	block_4	Stern	3	3	0	13749338	0	1	2664	1	0	2500	other	0
LB02	706	Picture	run_3;block_4;Dreieck;9;3;1	run_3	block_4	Dreieck	9	3	1	13780644	0	1	2664	1	0	2500	hit	427
LB02	706	Response	1							13788687	8043	0
LB02	707	Response	3							13811726	22756	0
LB02	709	Picture	run_3;block_5;Stern;7;2;0	run_3	block_5	Stern	7	2	0	13822108	0	1	2664	1	0	2500	other	0
LB02	711	Picture	run_3;block_5;Stern;9;2;0	run_3	block_5	Stern	9	2	0	13855412	0	1	2664	1	0	2500	other	0
LB02	713	Picture	run_3;block_5;Dreieck;2;2;2	run_3	block_5	Dreieck	2	2	2	13888717	0	1	2664	1	0	2500	hit	432
LB02	713	Response	2							13892367	3650	0
LB02	715	Picture	run_3;block_5;Viereck;9;2;0	run_3	block_5	Viereck	9	2	0	13911863	0	1	2831	1	0	2500	other	0
LB02	717	Picture	run_3;block_5;Viereck;6;2;0	run_3	block_5	Viereck	6	2	0	13949497	0	1	2664	1	0	2500	other	0
LB02	719	Picture	run_3;block_5;Kreis;4;2;0	run_3	block_5	Kreis	4	2	0	13980803	0	1	2664	1	0	2500	other	0
LB02	721	Picture	run_3;block_5;Stern;2;2;0	run_3	block_5	Stern	2	2	0	14010111	0	1	2664	1	0	2500	other	0
LB02	723	Picture	run_3;block_5;Dreieck;2;2;2	run_3	block_5	Dreieck	2	2	2	14039419	0	1	2664	1	0	2500	hit	438
LB02	723	Response	2							14044527	5108	0
LB02	725	Picture	run_3;block_5;Viereck;2;2;0	run_3	block_5	Viereck	2	2	0	14065895	0	1	2664	1	0	2500	other	0
LB02	727	Picture	run_3;block_5;Viereck;3;2;0	run_3	block_5	Viereck	3	2	0	14103363	0	1	2831	1	0	2500	other	0
LB02	729	Picture	run_3;block_5;Stern;6;2;0	run_3	block_5	Stern	6	2	0	14131005	0	1	2664	1	0	2500	other	0
LB02	731	Picture	run_3;block_5;Dreieck;3;2;2	run_3	block_5	Dreieck	3	2	2	14164310	0	1	2664	1	0	2500	hit	443
LB02	731	Response	2							14168687	4377	0
LB02	733	Picture	run_3;block_5;Viereck;7;2;0	run_3	block_5	Viereck	7	2	0	14182127	0	1	2664	1	0	2500	other	0
LB02	735	Picture	run_3;block_5;Dreieck;7;2;2	run_3	block_5	Dreieck	7	2	2	14207439	0	1	2664	1	0	2500	hit	446
LB02	735	Response	2							14211087	3648	0
LB02	737	Picture	run_3;block_5;Kreis;2;2;0	run_3	block_5	Kreis	2	2	0	14234415	0	1	2664	1	0	2500	other	0
LB02	739	Picture	run_3;block_5;Viereck;2;2;0	run_3	block_5	Viereck	2	2	0	14267719	0	1	2664	1	0	2500	other	0
LB02	741	Picture	run_3;block_5;Stern;3;2;0	run_3	block_5	Stern	3	2	0	14307352	0	1	2831	1	0	2500	other	0
LB02	743	Picture	run_3;block_5;Kreis;6;2;0	run_3	block_5	Kreis	6	2	0	14330831	0	1	2664	1	0	2500	other	0
LB02	745	Picture	run_3;block_5;Dreieck;9;2;2	run_3	block_5	Dreieck	9	2	2	14372128	0	1	2664	1	0	2500	hit	452
LB02	745	Response	2							14375166	3038	0
LB02	747	Picture	run_3;block_5;Stern;7;2;0	run_3	block_5	Stern	7	2	0	14398439	0	1	2664	1	0	2500	other	0
LB02	749	Picture	run_3;block_5;Kreis;6;2;0	run_3	block_5	Kreis	6	2	0	14435739	0	1	2664	1	0	2500	other	0
LB02	751	Picture	run_3;block_5;Stern;7;2;0	run_3	block_5	Stern	7	2	0	14459052	0	1	2664	1	0	2500	other	0
LB02	753	Picture	run_3;block_5;Stern;6;2;0	run_3	block_5	Stern	6	2	0	14482699	0	1	2831	1	0	2500	other	0
LB02	755	Picture	run_3;block_5;Kreis;3;2;0	run_3	block_5	Kreis	3	2	0	14516336	0	1	2664	1	0	2500	other	0
LB02	757	Picture	run_3;block_5;Dreieck;7;2;2	run_3	block_5	Dreieck	7	2	2	14539649	0	1	2664	1	0	2500	hit	459
LB02	757	Response	2							14543566	3917	0
LB02	759	Picture	run_3;block_5;Viereck;6;2;0	run_3	block_5	Viereck	6	2	0	14566958	0	1	2664	1	0	2500	other	0
LB02	760	Response	3							14612126	27017	0
LB02	762	Picture	run_3;block_6;Dreieck;D;3;0	run_3	block_6	Dreieck	D	3	0	14622410	0	1	2664	1	0	2500	other	0
LB02	764	Picture	run_3;block_6;Dreieck;A;3;0	run_3	block_6	Dreieck	A	3	0	14647721	0	1	2664	1	0	2500	other	0
LB02	766	Picture	run_3;block_6;Dreieck;X;3;0	run_3	block_6	Dreieck	X	3	0	14673365	0	1	2831	1	0	2500	other	0
LB02	768	Picture	run_3;block_6;Kreis;T;3;0	run_3	block_6	Kreis	T	3	0	14697012	0	1	2831	1	0	2500	other	0
LB02	770	Picture	run_3;block_6;Dreieck;T;3;0	run_3	block_6	Dreieck	T	3	0	14738475	0	1	2664	1	0	2500	other	0
LB02	772	Picture	run_3;block_6;Stern;A;3;2	run_3	block_6	Stern	A	3	2	14775776	0	1	2664	1	0	2500	hit	468
LB02	772	Response	2							14779886	4110	0
LB02	774	Picture	run_3;block_6;Kreis;D;3;0	run_3	block_6	Kreis	D	3	0	14787266	0	1	2664	1	0	2500	other	0
LB02	776	Picture	run_3;block_6;Kreis;E;3;1	run_3	block_6	Kreis	E	3	1	14810579	0	1	2664	1	0	2500	hit	471
LB02	776	Response	1							14814766	4187	0
LB02	778	Picture	run_3;block_6;Kreis;T;3;0	run_3	block_6	Kreis	T	3	0	14836057	0	1	2664	1	0	2500	other	0
LB02	780	Picture	run_3;block_6;Kreis;X;3;0	run_3	block_6	Kreis	X	3	0	14859703	0	1	2831	1	0	2500	other	0
LB02	782	Picture	run_3;block_6;Kreis;A;3;0	run_3	block_6	Kreis	A	3	0	14889344	0	1	2664	1	0	2500	other	0
LB02	784	Picture	run_3;block_6;Stern;T;3;2	run_3	block_6	Stern	T	3	2	14920816	0	1	2664	1	0	2500	hit	476
LB02	784	Response	2							14928606	7790	0
LB02	786	Picture	run_3;block_6;Viereck;T;3;0	run_3	block_6	Viereck	T	3	0	14945961	0	1	2664	1	0	2500	other	0
LB02	788	Picture	run_3;block_6;Stern;X;3;2	run_3	block_6	Stern	X	3	2	14975269	0	1	2664	1	0	2500	hit	479
LB02	788	Response	2							14978929	3660	0
LB02	790	Picture	run_3;block_6;Dreieck;D;3;0	run_3	block_6	Dreieck	D	3	0	14986259	0	1	2664	1	0	2500	other	0
LB02	792	Picture	run_3;block_6;Kreis;A;3;0	run_3	block_6	Kreis	A	3	0	15015567	0	1	2664	1	0	2500	other	0
LB02	794	Picture	run_3;block_6;Viereck;M;3;0	run_3	block_6	Viereck	M	3	0	15055033	0	1	2831	1	0	2500	other	0
LB02	796	Picture	run_3;block_6;Kreis;E;3;1	run_3	block_6	Kreis	E	3	1	15082675	0	1	2664	1	0	2500	hit	484
LB02	796	Response	1							15087966	5291	0
LB02	798	Picture	run_3;block_6;Kreis;M;3;0	run_3	block_6	Kreis	M	3	0	15095331	0	1	2664	1	0	2500	other	0
LB02	800	Picture	run_3;block_6;Viereck;M;3;0	run_3	block_6	Viereck	M	3	0	15124638	0	1	2664	1	0	2500	other	0
LB02	802	Picture	run_3;block_6;Viereck;T;3;0	run_3	block_6	Viereck	T	3	0	15155944	0	1	2664	1	0	2500	other	0
LB02	804	Picture	run_3;block_6;Viereck;D;3;0	run_3	block_6	Viereck	D	3	0	15195244	0	1	2664	1	0	2500	other	0
LB02	806	Picture	run_3;block_6;Viereck;T;3;0	run_3	block_6	Viereck	T	3	0	15236707	0	1	2831	1	0	2500	other	0
LB02	808	Picture	run_3;block_6;Dreieck;A;3;0	run_3	block_6	Dreieck	A	3	0	15278338	0	1	2664	1	0	2500	other	0
LB02	810	Picture	run_3;block_6;Viereck;E;3;1	run_3	block_6	Viereck	E	3	1	15315639	0	1	2664	1	0	2500	hit	492
LB02	810	Response	1							15320526	4887	0
LB02	812	Picture	run_3;block_6;Kreis;D;3;0	run_3	block_6	Kreis	D	3	0	15335954	0	1	2664	1	0	2500	other	0
LB02	813	Response	3							15376526	22421	0
LB02	815	Picture	run_3;block_7;Dreieck;9;1;0	run_3	block_7	Dreieck	9	1	0	15386910	0	1	2664	1	0	2500	other	0
LB02	817	Picture	run_3;block_7;Stern;9;1;0	run_3	block_7	Stern	9	1	0	15428374	0	1	2831	1	0	2500	other	0
LB02	819	Picture	run_3;block_7;Dreieck;6;1;0	run_3	block_7	Dreieck	6	1	0	15470004	0	1	2664	1	0	2500	other	0
LB02	821	Picture	run_3;block_7;Dreieck;3;1;0	run_3	block_7	Dreieck	3	1	0	15499312	0	1	2664	1	0	2500	other	0
LB02	823	Picture	run_3;block_7;Dreieck;4;1;0	run_3	block_7	Dreieck	4	1	0	15530618	0	1	2664	1	0	2500	other	0
LB02	825	Picture	run_3;block_7;Viereck;2;1;1	run_3	block_7	Viereck	2	1	1	15555929	0	1	2664	1	0	2500	hit	501
LB02	825	Response	1							15561326	5397	0
LB02	827	Picture	run_3;block_7;Stern;7;1;0	run_3	block_7	Stern	7	1	0	15572581	0	1	2664	1	0	2500	other	0
LB02	829	Picture	run_3;block_7;Dreieck;9;1;0	run_3	block_7	Dreieck	9	1	0	15603887	0	1	2664	1	0	2500	other	0
LB02	831	Picture	run_3;block_7;Stern;2;1;1	run_3	block_7	Stern	2	1	1	15629531	0	1	2831	1	0	2500	hit	505
LB02	831	Response	1							15641486	11954	0
LB02	833	Picture	run_3;block_7;Dreieck;4;1;0	run_3	block_7	Dreieck	4	1	0	15653011	0	1	2831	1	0	2500	other	0
LB02	835	Picture	run_3;block_7;Kreis;2;1;1	run_3	block_7	Kreis	2	1	1	15680487	0	1	2664	1	0	2500	hit	508
LB02	835	Response	1							15684526	4039	0
LB02	837	Picture	run_3;block_7;Kreis;7;1;0	run_3	block_7	Kreis	7	1	0	15705965	0	1	2664	1	0	2500	other	0
LB02	839	Picture	run_3;block_7;Dreieck;7;1;0	run_3	block_7	Dreieck	7	1	0	15733274	0	1	2664	1	0	2500	other	0
LB02	841	Picture	run_3;block_7;Kreis;7;1;0	run_3	block_7	Kreis	7	1	0	15768577	0	1	2664	1	0	2500	other	0
LB02	843	Picture	run_3;block_7;Stern;6;1;0	run_3	block_7	Stern	6	1	0	15791890	0	1	2664	1	0	2500	other	0
LB02	845	Picture	run_3;block_7;Kreis;9;1;0	run_3	block_7	Kreis	9	1	0	15829524	0	1	2831	1	0	2500	other	0
LB02	847	Picture	run_3;block_7;Stern;9;1;0	run_3	block_7	Stern	9	1	0	15857166	0	1	2664	1	0	2500	other	0
LB02	849	Picture	run_3;block_7;Kreis;4;1;0	run_3	block_7	Kreis	4	1	0	15886474	0	1	2664	1	0	2500	other	0
LB02	851	Picture	run_3;block_7;Viereck;2;1;1	run_3	block_7	Viereck	2	1	1	15925773	0	1	2664	1	0	2500	hit	517
LB02	851	Response	1							15929965	4192	0
LB02	853	Picture	run_3;block_7;Viereck;4;1;0	run_3	block_7	Viereck	4	1	0	15951251	0	1	2664	1	0	2500	other	0
LB02	855	Picture	run_3;block_7;Kreis;2;1;1	run_3	block_7	Kreis	2	1	1	15986553	0	1	2664	1	0	2500	hit	520
LB02	855	Response	1							15992925	6372	0
LB02	857	Picture	run_3;block_7;Kreis;6;1;0	run_3	block_7	Kreis	6	1	0	16008368	0	1	2831	1	0	2500	other	0
LB02	859	Picture	run_3;block_7;Kreis;2;1;1	run_3	block_7	Kreis	2	1	1	16049998	0	1	2664	1	0	2500	hit	523
LB02	859	Response	1							16053965	3967	0
LB02	861	Picture	run_3;block_7;Kreis;4;1;0	run_3	block_7	Kreis	4	1	0	16067316	0	1	2664	1	0	2500	other	0
LB02	863	Picture	run_3;block_7;Viereck;7;1;0	run_3	block_7	Viereck	7	1	0	16096624	0	1	2664	1	0	2500	other	0
LB02	865	Picture	run_3;block_7;Dreieck;6;1;0	run_3	block_7	Dreieck	6	1	0	16119937	0	1	2664	1	0	2500	other	0
LB02	866	Response	3							16187805	49718	0
LB02	868	Picture	run_3;block_8;Kreis;M;3;0	run_3	block_8	Kreis	M	3	0	16198202	0	1	2831	1	0	2500	other	0
LB02	870	Picture	run_3;block_8;Stern;E;3;0	run_3	block_8	Stern	E	3	0	16235836	0	1	2664	1	0	2500	other	0
LB02	872	Picture	run_3;block_8;Kreis;D;3;1	run_3	block_8	Kreis	D	3	1	16261147	0	1	2664	1	0	2500	hit	531
LB02	872	Response	1							16265165	4018	0
LB02	874	Picture	run_3;block_8;Dreieck;A;3;0	run_3	block_8	Dreieck	A	3	0	16270472	0	1	2664	1	0	2500	other	0
LB02	876	Picture	run_3;block_8;Viereck;E;3;2	run_3	block_8	Viereck	E	3	2	16311769	0	1	2664	1	0	2500	hit	534
LB02	876	Response	2							16317725	5956	0
LB02	878	Picture	run_3;block_8;Stern;T;3;0	run_3	block_8	Stern	T	3	0	16339079	0	1	2664	1	0	2500	other	0
LB02	880	Picture	run_3;block_8;Kreis;A;3;0	run_3	block_8	Kreis	A	3	0	16372383	0	1	2664	1	0	2500	other	0
LB02	882	Picture	run_3;block_8;Viereck;M;3;2	run_3	block_8	Viereck	M	3	2	16406018	0	3	2833	3	0	2500	hit	538
LB02	882	Response	2							16410925	4907	0
LB02	884	Picture	run_3;block_8;Kreis;E;3;0	run_3	block_8	Kreis	E	3	0	16418510	0	1	2664	1	0	2500	other	0
LB02	886	Picture	run_3;block_8;Kreis;A;3;0	run_3	block_8	Kreis	A	3	0	16443987	0	1	2664	1	0	2500	other	0
LB02	888	Picture	run_3;block_8;Kreis;T;3;0	run_3	block_8	Kreis	T	3	0	16485285	0	1	2664	1	0	2500	other	0
LB02	890	Picture	run_3;block_8;Stern;A;3;0	run_3	block_8	Stern	A	3	0	16520587	0	1	2664	1	0	2500	other	0
LB02	892	Picture	run_3;block_8;Kreis;M;3;0	run_3	block_8	Kreis	M	3	0	16557888	0	1	2664	1	0	2500	other	0
LB02	894	Picture	run_3;block_8;Kreis;E;3;0	run_3	block_8	Kreis	E	3	0	16591525	0	1	2831	1	0	2500	other	0
LB02	896	Picture	run_3;block_8;Kreis;D;3;1	run_3	block_8	Kreis	D	3	1	16627161	0	1	2664	1	0	2500	hit	546
LB02	896	Response	1							16632125	4964	0
LB02	898	Picture	run_3;block_8;Stern;E;3;0	run_3	block_8	Stern	E	3	0	16643480	0	1	2664	1	0	2500	other	0
LB02	900	Picture	run_3;block_8;Kreis;X;3;0	run_3	block_8	Kreis	X	3	0	16668791	0	1	2664	1	0	2500	other	0
LB02	902	Picture	run_3;block_8;Stern;E;3;0	run_3	block_8	Stern	E	3	0	16708090	0	1	2664	1	0	2500	other	0
LB02	904	Picture	run_3;block_8;Dreieck;M;3;0	run_3	block_8	Dreieck	M	3	0	16747389	0	1	2664	1	0	2500	other	0
LB02	906	Picture	run_3;block_8;Dreieck;E;3;0	run_3	block_8	Dreieck	E	3	0	16775032	0	1	2831	1	0	2500	other	0
LB02	908	Picture	run_3;block_8;Viereck;T;3;2	run_3	block_8	Viereck	T	3	2	16814664	0	1	2664	1	0	2500	hit	553
LB02	908	Response	2							16820445	5781	0
LB02	910	Picture	run_3;block_8;Kreis;M;3;0	run_3	block_8	Kreis	M	3	0	16833814	0	1	2664	1	0	2500	other	0
LB02	912	Picture	run_3;block_8;Dreieck;A;3;0	run_3	block_8	Dreieck	A	3	0	16869117	0	1	2664	1	0	2500	other	0
LB02	914	Picture	run_3;block_8;Stern;M;3;0	run_3	block_8	Stern	M	3	0	16910414	0	1	2664	1	0	2500	other	0
LB02	916	Picture	run_3;block_8;Kreis;D;3;1	run_3	block_8	Kreis	D	3	1	16949713	0	1	2664	1	0	2500	hit	558
LB02	916	Response	1							16956685	6972	0
LB02	918	Picture	run_3;block_8;Kreis;X;3;0	run_3	block_8	Kreis	X	3	0	16980352	0	2	2832	2	0	2500	other	0
LB02	919	Response	3							17087805	89135	0


{
   "app": "Presentation Version 20.1 Build 12.04.17",
   "device": "Dell Inc. Latitude 3590",
   "experiment": "{3EDEE026-D8DC-4466-8CD4-50C9D6AA7BA0}",
   "os": "Windows 10 64 bit",
   "package": "",
   "parameters": {
      "configuration": "Default configuration"
   },
   "scenario": "Praxisprojekt.sce",
   "subject": "LB02",
   "timestamp": "2018/07/05 14:00:19 GMT"
}
