Scenario - 
Logfile written - 05/25/2018 02:55:40

Trial	Event Type	Code	Time	TTime	Uncertainty	Duration	Uncertainty	ReqTime	ReqDur	Stim Type	Pair Index

1	Picture	test	200	0	1	10200	1	0	next	other	0
4	Picture	test	41400	0	1	10200	1	0	next	other	0
7	Picture	test	73200	0	1	10200	1	0	next	other	0
10	Picture	test	100600	0	1	8577	1	0	next	other	0
10	Quit		103962	3362	NA


{
   "app": "Presentation Version 20.1 Build 12.04.17",
   "device": "LENOVO 20DTCTO1WW",
   "experiment": "{3EDEE026-D8DC-4466-8CD4-50C9D6AA7BA0}",
   "os": "Windows 10 64 bit",
   "package": "",
   "parameters": {
      "configuration": "Default configuration"
   },
   "scenario": "Praxisprojekt.sce",
   "subject": "",
   "timestamp": "2018/05/25 00:55:29 GMT"
}
