Scenario - Messung von Wechselkosten zwischen geteilter und selektiver Aufmerksamkeit
Logfile written - 06/26/2018 10:15:08

Subject	Trial	Event Type	Code	runid(str)	blockid(str)	form(str)	character(str)	Time	TTime	Uncertainty	Duration	Uncertainty	ReqTime	ReqDur	Stim Type	Pair Index

1	1	Response	3					17697	17298	0
1	2	Response	3					46523	28723	0
1	3	Response	3					63380	16580	0
1	5	Picture	test;block_1;Kreis;T	test	block_1	Kreis	T	73800	0	1	2600	1	0	2500	false_alarm	5
1	5	Response	1					80226	6427	0
1	6	Response	1					82341	1741	0
1	8	Picture	test;block_1;Kreis;D	test	block_1	Kreis	D	124000	0	1	2400	1	0	2500	hit	8
1	8	Response	1					126285	2286	0
1	11	Picture	test;block_1;Dreieck;E	test	block_1	Dreieck	E	159800	0	1	2600	1	0	2500	false_alarm	10
1	11	Response	2					162624	2824	0
1	12	Quit						167775	4975	NA


{
   "app": "Presentation Version 20.1 Build 12.04.17",
   "device": "LENOVO 20DTCTO1WW",
   "experiment": "{3EDEE026-D8DC-4466-8CD4-50C9D6AA7BA0}",
   "os": "Windows 10 64 bit",
   "package": "",
   "parameters": {
      "configuration": "Default configuration"
   },
   "scenario": "Praxisprojekt.sce",
   "subject": "1",
   "timestamp": "2018/06/26 08:14:50 GMT"
}
