Scenario - 
Logfile written - 06/25/2018 14:42:24

Trial	Event Type	Code	runid(str)	blockid(str)	form(str)	character(str)	Time	TTime	Uncertainty	Duration	Uncertainty	ReqTime	ReqDur	Stim Type	Pair Index

1	Response	3					338455	338386	0
2	Response	3					359095	20560	0
3	Response	3					505415	146255	0
5	Picture	test;block_1;Dreieck;X	test	block_1	Dreieck	X	515546	0	1	2569	1	0	2500	other	0
8	Picture	test;block_1;Kreis;D	test	block_1	Kreis	D	570753	0	1	2569	1	0	2500	hit	6
8	Response	1					576455	5702	0
11	Picture	test;block_1;Dreieck;X	test	block_1	Dreieck	X	615683	0	1	2569	1	0	2500	other	0
14	Picture	test;block_1;Dreieck;D	test	block_1	Dreieck	D	670821	0	1	2569	1	0	2500	hit	9
14	Response	1					674054	3234	0
17	Picture	test;block_1;Dreieck;X	test	block_1	Dreieck	X	707278	0	1	2569	1	0	2500	other	0
20	Picture	test;block_1;Dreieck;D	test	block_1	Dreieck	D	752416	0	1	2569	1	0	2500	hit	12
20	Response	1					755494	3078	0
23	Picture	test;block_1;Stern;X	test	block_1	Stern	X	784708	0	1	2569	1	0	2500	other	0
26	Picture	test;block_1;Kreis;D	test	block_1	Kreis	D	841859	0	1	2569	1	0	2500	hit	15
26	Response	1					845094	3235	0
29	Picture	test;block_1;Viereck;T	test	block_1	Viereck	T	880261	0	1	2569	1	0	2500	other	0
32	Picture	test;block_1;Viereck;A	test	block_1	Viereck	A	937413	0	1	2569	1	0	2500	other	0
34	Response	3					1165974	190437	0
36	Picture	test;block_2;Stern;7	test	block_2	Stern	7	1176089	0	1	2569	1	0	2500	other	0
39	Picture	test;block_2;Viereck;3	test	block_2	Viereck	3	1221227	0	1	2569	1	0	2500	hit	21
39	Response	2					1231334	10107	0
42	Picture	test;block_2;Stern;4	test	block_2	Stern	4	1272476	0	1	2569	1	0	2500	other	0
45	Picture	test;block_2;Viereck;4	test	block_2	Viereck	4	1321781	0	1	2569	1	0	2500	hit	24
45	Response	2					1327734	5953	0
48	Picture	test;block_2;Kreis;3	test	block_2	Kreis	3	1370947	0	1	2569	1	0	2500	other	0
51	Picture	test;block_2;Kreis;2	test	block_2	Kreis	2	1426154	0	1	2569	1	0	2500	hit	27
51	Response	1					1429333	3179	0
53	Response	1					1469094	19676	0
54	Picture	test;block_2;Stern;3	test	block_2	Stern	3	1472542	0	1	2570	1	0	2500	other	0
55	Response	1					1494294	3696	0
55	Response	1					1510454	19856	0
56	Response	1					1520213	9547	0
57	Picture	test;block_2;Dreieck;2	test	block_2	Dreieck	2	1531708	0	1	2569	1	0	2500	hit	34
57	Response	1					1541894	10186	0
60	Picture	test;block_2;Stern;3	test	block_2	Stern	3	1581013	0	1	2569	1	0	2500	other	0
62	Response	1					1640694	21557	0
63	Picture	test;block_2;Stern;4	test	block_2	Stern	4	1642192	0	1	2569	1	0	2500	false_alarm	38
63	Response	1					1653813	11621	0
65	Quit						1861414	187486	NA


{
   "app": "Presentation Version 20.1 Build 12.04.17",
   "device": "To Be Filled By O.E.M. To Be Filled By O.E.M.",
   "experiment": "{3EDEE026-D8DC-4466-8CD4-50C9D6AA7BA0}",
   "os": "Windows 10 64 bit",
   "package": "",
   "parameters": {
      "configuration": "Default configuration"
   },
   "scenario": "Praxisprojekt.sce",
   "subject": "",
   "timestamp": "2018/06/25 12:39:17 GMT"
}
