Scenario - Messung von Wechselkosten zwischen geteilter und selektiver Aufmerksamkeit
Logfile written - 06/26/2018 15:50:48

Subject	Trial	Event Type	Code	runid(str)	blockid(str)	form(str)	character(str)	seperateAttention(num)	target(num)	Time	TTime	Uncertainty	Duration	Uncertainty	ReqTime	ReqDur	Stim Type	Pair Index

Melanie	1	Response	3							207006	206008	0
Melanie	2	Response	3							241204	33944	0
Melanie	3	Response	3							317990	76602	0
Melanie	5	Picture	test;block_1;Stern;X;1;0	test	block_1	Stern	X	1	0	328287	0	1	2664	1	0	2500	other	0
Melanie	8	Picture	test;block_1;Kreis;E;1;0	test	block_1	Kreis	E	1	0	383723	0	1	2664	1	0	2500	other	0
Melanie	11	Picture	test;block_1;Kreis;D;1;1	test	block_1	Kreis	D	1	1	437161	0	1	2664	1	0	2500	hit	7
Melanie	11	Response	1							440691	3530	0
Melanie	14	Picture	test;block_1;Kreis;A;1;0	test	block_1	Kreis	A	1	0	472287	0	1	2664	1	0	2500	other	0
Melanie	17	Picture	test;block_1;Kreis;D;1;1	test	block_1	Kreis	D	1	1	525726	0	1	2664	1	0	2500	hit	10
Melanie	17	Response	1							530233	4507	0
Melanie	20	Picture	test;block_1;Viereck;X;1;0	test	block_1	Viereck	X	1	0	561684	0	1	2664	1	0	2500	other	0
Melanie	23	Picture	test;block_1;Stern;D;1;1	test	block_1	Stern	D	1	1	609129	0	1	2664	1	0	2500	hit	13
Melanie	23	Response	1							612582	3452	0
Melanie	26	Picture	test;block_1;Dreieck;E;1;0	test	block_1	Dreieck	E	1	0	656075	0	1	2664	1	0	2500	other	0
Melanie	29	Picture	test;block_1;Stern;X;1;0	test	block_1	Stern	X	1	0	699525	0	1	2664	1	0	2500	other	0
Melanie	32	Picture	test;block_1;Kreis;D;1;1	test	block_1	Kreis	D	1	1	744972	0	1	2664	1	0	2500	hit	17
Melanie	32	Response	1							748950	3977	1
Melanie	34	Response	3							896616	127338	0
Melanie	36	Picture	test;block_2;Stern;7;3;0	test	block_2	Stern	7	3	0	906952	0	1	2664	1	0	2500	other	0
Melanie	39	Picture	test;block_2;Kreis;6;3;0	test	block_2	Kreis	6	3	0	966384	0	1	2664	1	0	2500	other	0
Melanie	42	Picture	test;block_2;Stern;2;3;1	test	block_2	Stern	2	3	1	1023817	0	1	2664	1	0	2500	hit	22
Melanie	42	Response	1							1029992	6175	0
Melanie	45	Picture	test;block_2;Dreieck;6;3;0	test	block_2	Dreieck	6	3	0	1067433	0	1	2664	1	0	2500	other	0
Melanie	48	Picture	test;block_2;Viereck;7;3;2	test	block_2	Viereck	7	3	2	1110883	0	1	2664	1	0	2500	hit	25
Melanie	48	Response	2							1117966	7082	0
Melanie	51	Picture	test;block_2;Dreieck;4;3;0	test	block_2	Dreieck	4	3	0	1149339	0	1	2664	1	0	2500	other	0
Melanie	54	Picture	test;block_2;Kreis;2;3;1	test	block_2	Kreis	2	3	1	1200779	0	1	2664	1	0	2500	hit	28
Melanie	54	Response	1							1204656	3877	0
Melanie	57	Picture	test;block_2;Kreis;3;3;0	test	block_2	Kreis	3	3	0	1238070	0	1	2664	1	0	2500	other	0
Melanie	60	Picture	test;block_2;Dreieck;4;3;0	test	block_2	Dreieck	4	3	0	1285515	0	1	2664	1	0	2500	other	0
Melanie	63	Picture	test;block_2;Viereck;3;3;2	test	block_2	Viereck	3	3	2	1342949	0	1	2664	1	0	2500	hit	32
Melanie	63	Response	2							1351074	8126	0
Melanie	66	Response	3							1703178	31608	0
Melanie	67	Response	3							1750050	46684	0
Melanie	69	Picture	run_1;block_1;Dreieck;D;2;0	run_1	block_1	Dreieck	D	2	0	1760300	0	1	2664	1	0	2500	other	0
Melanie	71	Picture	run_1;block_1;Dreieck;A;2;0	run_1	block_1	Dreieck	A	2	0	1793595	0	1	2664	1	0	2500	other	0
Melanie	73	Picture	run_1;block_1;Kreis;E;2;2	run_1	block_1	Kreis	E	2	2	1832883	0	1	2664	1	0	2500	hit	38
Melanie	73	Response	2							1839739	6856	0
Melanie	75	Picture	run_1;block_1;Viereck;A;2;0	run_1	block_1	Viereck	A	2	0	1857022	0	1	2664	1	0	2500	other	0
Melanie	77	Picture	run_1;block_1;Dreieck;M;2;0	run_1	block_1	Dreieck	M	2	0	1890317	0	1	2664	1	0	2500	other	0
Melanie	79	Picture	run_1;block_1;Kreis;A;2;2	run_1	block_1	Kreis	A	2	2	1931602	0	1	2664	1	0	2500	hit	42
Melanie	79	Response	2							1934498	2896	0
Melanie	81	Picture	run_1;block_1;Viereck;E;2;0	run_1	block_1	Viereck	E	2	0	1953743	0	1	2664	1	0	2500	other	0
Melanie	83	Picture	run_1;block_1;Viereck;T;2;0	run_1	block_1	Viereck	T	2	0	1995029	0	1	2664	1	0	2500	other	0
Melanie	85	Picture	run_1;block_1;Stern;E;2;0	run_1	block_1	Stern	E	2	0	2020333	0	1	2664	1	0	2500	other	0
Melanie	87	Picture	run_1;block_1;Kreis;D;2;2	run_1	block_1	Kreis	D	2	2	2049633	0	1	2664	1	0	2500	hit	47
Melanie	87	Response	2							2052726	3093	0
Melanie	89	Picture	run_1;block_1;Stern;T;2;0	run_1	block_1	Stern	T	2	0	2063950	0	1	2664	1	0	2500	other	0
Melanie	91	Picture	run_1;block_1;Dreieck;E;2;0	run_1	block_1	Dreieck	E	2	0	2097244	0	1	2664	1	0	2500	other	0
Melanie	93	Picture	run_1;block_1;Stern;E;2;0	run_1	block_1	Stern	E	2	0	2128542	0	1	2664	1	0	2500	other	0
Melanie	95	Picture	run_1;block_1;Dreieck;M;2;0	run_1	block_1	Dreieck	M	2	0	2161837	0	1	2664	1	0	2500	other	0
Melanie	97	Picture	run_1;block_1;Kreis;M;2;2	run_1	block_1	Kreis	M	2	2	2193134	0	1	2664	1	0	2500	hit	53
Melanie	97	Response	2							2196466	3332	0
Melanie	99	Picture	run_1;block_1;Stern;E;2;0	run_1	block_1	Stern	E	2	0	2207783	0	1	2664	1	0	2500	other	0
Melanie	101	Picture	run_1;block_1;Viereck;E;2;0	run_1	block_1	Viereck	E	2	0	2249069	0	1	2664	1	0	2500	other	0
Melanie	103	Picture	run_1;block_1;Stern;M;2;0	run_1	block_1	Stern	M	2	0	2286359	0	1	2664	1	0	2500	other	0
Melanie	105	Picture	run_1;block_1;Viereck;E;2;0	run_1	block_1	Viereck	E	2	0	2313661	0	1	2664	1	0	2500	other	0
Melanie	107	Picture	run_1;block_1;Stern;A;2;0	run_1	block_1	Stern	A	2	0	2338965	0	1	2664	1	0	2500	other	0
Melanie	109	Picture	run_1;block_1;Viereck;M;2;0	run_1	block_1	Viereck	M	2	0	2380251	0	1	2664	1	0	2500	other	0
Melanie	111	Picture	run_1;block_1;Kreis;X;2;2	run_1	block_1	Kreis	X	2	2	2413546	0	1	2664	1	0	2500	hit	61
Melanie	111	Response	2							2417302	3756	0
Melanie	113	Picture	run_1;block_1;Dreieck;X;2;0	run_1	block_1	Dreieck	X	2	0	2424533	0	1	2664	1	0	2500	other	0
Melanie	115	Picture	run_1;block_1;Dreieck;M;2;0	run_1	block_1	Dreieck	M	2	0	2459826	0	1	2664	1	0	2500	other	0
Melanie	117	Picture	run_1;block_1;Kreis;A;2;2	run_1	block_1	Kreis	A	2	2	2495118	0	1	2663	1	0	2500	hit	65
Melanie	117	Response	2							2499413	4295	0
Melanie	119	Picture	run_1;block_1;Dreieck;X;2;0	run_1	block_1	Dreieck	X	2	0	2512765	0	1	2664	1	0	2500	other	0
Melanie	120	Response	3							2591542	60631	0
Melanie	122	Picture	run_1;block_2;Dreieck;9;1;0	run_1	block_2	Dreieck	9	1	0	2601828	0	1	2664	1	0	2500	other	0
Melanie	124	Picture	run_1;block_2;Stern;3;1;1	run_1	block_2	Stern	3	1	1	2633126	0	1	2663	1	0	2500	hit	70
Melanie	124	Response	1							2636528	3402	0
Melanie	126	Picture	run_1;block_2;Viereck;7;1;0	run_1	block_2	Viereck	7	1	0	2647775	0	1	2664	1	0	2500	other	0
Melanie	128	Picture	run_1;block_2;Viereck;9;1;0	run_1	block_2	Viereck	9	1	0	2677075	0	1	2664	1	0	2500	other	0
Melanie	130	Picture	run_1;block_2;Kreis;6;1;0	run_1	block_2	Kreis	6	1	0	2714365	0	1	2664	1	0	2500	other	0
Melanie	132	Picture	run_1;block_2;Dreieck;6;1;0	run_1	block_2	Dreieck	6	1	0	2745663	0	1	2663	1	0	2500	other	0
Melanie	134	Picture	run_1;block_2;Dreieck;4;1;0	run_1	block_2	Dreieck	4	1	0	2776960	0	1	2664	1	0	2500	other	0
Melanie	136	Picture	run_1;block_2;Stern;3;1;1	run_1	block_2	Stern	3	1	1	2800266	0	1	2664	1	0	2500	hit	77
Melanie	136	Response	1							2805718	5452	0
Melanie	138	Picture	run_1;block_2;Viereck;7;1;0	run_1	block_2	Viereck	7	1	0	2826902	0	1	2664	1	0	2500	other	0
Melanie	140	Picture	run_1;block_2;Stern;3;1;1	run_1	block_2	Stern	3	1	1	2854204	0	1	2664	1	0	2500	hit	80
Melanie	140	Response	1							2859634	5430	0
Melanie	142	Picture	run_1;block_2;Stern;6;1;0	run_1	block_2	Stern	6	1	0	2882837	0	1	2664	1	0	2500	other	0
Melanie	144	Picture	run_1;block_2;Kreis;3;1;1	run_1	block_2	Kreis	3	1	1	2908142	0	1	2663	1	0	2500	hit	83
Melanie	144	Response	1							2912550	4409	0
Melanie	146	Picture	run_1;block_2;Viereck;6;1;0	run_1	block_2	Viereck	6	1	0	2923790	0	1	2664	1	0	2500	other	0
Melanie	148	Picture	run_1;block_2;Stern;4;1;0	run_1	block_2	Stern	4	1	0	2961080	0	1	2664	1	0	2500	other	0
Melanie	150	Picture	run_1;block_2;Dreieck;9;1;0	run_1	block_2	Dreieck	9	1	0	2984387	0	1	2664	1	0	2500	other	0
Melanie	152	Picture	run_1;block_2;Kreis;7;1;0	run_1	block_2	Kreis	7	1	0	3015684	0	1	2664	1	0	2500	other	0
Melanie	154	Picture	run_1;block_2;Kreis;3;1;1	run_1	block_2	Kreis	3	1	1	3038990	0	1	2664	1	0	2500	hit	89
Melanie	154	Response	1							3042795	3804	0
Melanie	156	Picture	run_1;block_2;Dreieck;2;1;0	run_1	block_2	Dreieck	2	1	0	3056137	0	1	2664	1	0	2500	other	0
Melanie	158	Picture	run_1;block_2;Dreieck;4;1;0	run_1	block_2	Dreieck	4	1	0	3079444	0	1	2664	1	0	2500	other	0
Melanie	160	Picture	run_1;block_2;Viereck;6;1;0	run_1	block_2	Viereck	6	1	0	3116734	0	1	2664	1	0	2500	other	0
Melanie	162	Picture	run_1;block_2;Viereck;3;1;1	run_1	block_2	Viereck	3	1	1	3142038	0	1	2664	1	0	2500	hit	94
Melanie	162	Response	1							3145448	3410	0
Melanie	164	Picture	run_1;block_2;Dreieck;6;1;0	run_1	block_2	Dreieck	6	1	0	3166676	0	1	2663	1	0	2500	other	0
Melanie	166	Picture	run_1;block_2;Stern;6;1;0	run_1	block_2	Stern	6	1	0	3189983	0	1	2664	1	0	2500	other	0
Melanie	168	Picture	run_1;block_2;Kreis;2;1;0	run_1	block_2	Kreis	2	1	0	3231268	0	1	2664	1	0	2500	other	0
Melanie	170	Picture	run_1;block_2;Kreis;7;1;0	run_1	block_2	Kreis	7	1	0	3260568	0	1	2664	1	0	2500	other	0
Melanie	172	Picture	run_1;block_2;Viereck;7;1;0	run_1	block_2	Viereck	7	1	0	3289867	0	1	2664	1	0	2500	other	0
Melanie	173	Response	3							3415705	107691	0
Melanie	175	Picture	run_1;block_3;Viereck;D;1;0	run_1	block_3	Viereck	D	1	0	3426043	0	1	2664	1	0	2500	other	0
Melanie	177	Picture	run_1;block_3;Dreieck;M;1;1	run_1	block_3	Dreieck	M	1	1	3455343	0	1	2664	1	0	2500	hit	103
Melanie	177	Response	1							3459264	3921	0
Melanie	179	Picture	run_1;block_3;Stern;E;1;0	run_1	block_3	Stern	E	1	0	3472490	0	1	2664	1	0	2500	other	0
Melanie	181	Picture	run_1;block_3;Stern;M;1;1	run_1	block_3	Stern	M	1	1	3513776	0	1	2664	1	0	2500	hit	106
Melanie	181	Response	1							3517587	3811	0
Melanie	183	Picture	run_1;block_3;Stern;E;1;0	run_1	block_3	Stern	E	1	0	3530922	0	1	2664	1	0	2500	other	0
Melanie	185	Picture	run_1;block_3;Dreieck;E;1;0	run_1	block_3	Dreieck	E	1	0	3566215	0	1	2664	1	0	2500	other	0
Melanie	187	Picture	run_1;block_3;Stern;M;1;1	run_1	block_3	Stern	M	1	1	3601508	0	1	2663	1	0	2500	hit	110
Melanie	187	Response	1							3604847	3339	0
Melanie	189	Picture	run_1;block_3;Kreis;D;1;0	run_1	block_3	Kreis	D	1	0	3610164	0	1	2664	1	0	2500	other	0
Melanie	191	Picture	run_1;block_3;Kreis;M;1;1	run_1	block_3	Kreis	M	1	1	3643459	0	1	2664	1	0	2500	hit	113
Melanie	191	Response	1							3647424	3965	0
Melanie	193	Picture	run_1;block_3;Viereck;E;1;0	run_1	block_3	Viereck	E	1	0	3658775	0	1	2663	1	0	2500	other	0
Melanie	195	Picture	run_1;block_3;Viereck;T;1;0	run_1	block_3	Viereck	T	1	0	3692070	0	1	2664	1	0	2500	other	0
Melanie	197	Picture	run_1;block_3;Dreieck;X;1;0	run_1	block_3	Dreieck	X	1	0	3727362	0	1	2664	1	0	2500	other	0
Melanie	199	Picture	run_1;block_3;Stern;T;1;0	run_1	block_3	Stern	T	1	0	3756662	0	1	2664	1	0	2500	other	0
Melanie	201	Picture	run_1;block_3;Kreis;D;1;0	run_1	block_3	Kreis	D	1	0	3783964	0	1	2664	1	0	2500	other	0
Melanie	203	Picture	run_1;block_3;Kreis;X;1;0	run_1	block_3	Kreis	X	1	0	3813263	0	1	2664	1	0	2500	other	0
Melanie	205	Picture	run_1;block_3;Dreieck;A;1;0	run_1	block_3	Dreieck	A	1	0	3838567	0	1	2664	1	0	2500	other	0
Melanie	207	Picture	run_1;block_3;Stern;A;1;0	run_1	block_3	Stern	A	1	0	3867867	0	1	2664	1	0	2500	other	0
Melanie	209	Picture	run_1;block_3;Viereck;M;1;1	run_1	block_3	Viereck	M	1	1	3903159	0	1	2664	1	0	2500	hit	123
Melanie	209	Response	1							3906654	3495	0
Melanie	211	Picture	run_1;block_3;Viereck;A;1;0	run_1	block_3	Viereck	A	1	0	3927964	0	1	2664	1	0	2500	other	0
Melanie	213	Picture	run_1;block_3;Dreieck;X;1;0	run_1	block_3	Dreieck	X	1	0	3967252	0	1	2664	1	0	2500	other	0
Melanie	215	Picture	run_1;block_3;Dreieck;T;1;0	run_1	block_3	Dreieck	T	1	0	4002545	0	1	2664	1	0	2500	other	0
Melanie	217	Picture	run_1;block_3;Dreieck;E;1;0	run_1	block_3	Dreieck	E	1	0	4025851	0	1	2664	1	0	2500	other	0
Melanie	219	Picture	run_1;block_3;Kreis;D;1;0	run_1	block_3	Kreis	D	1	0	4059146	0	1	2664	1	0	2500	other	0
Melanie	221	Picture	run_1;block_3;Kreis;A;1;0	run_1	block_3	Kreis	A	1	0	4100432	0	1	2664	1	0	2500	other	0
Melanie	223	Picture	run_1;block_3;Dreieck;M;1;1	run_1	block_3	Dreieck	M	1	1	4141717	0	1	2664	1	0	2500	hit	131
Melanie	223	Response	1							4145549	3832	0
Melanie	225	Picture	run_1;block_3;Kreis;A;1;0	run_1	block_3	Kreis	A	1	0	4162859	0	1	2664	1	0	2500	other	0
Melanie	226	Response	3							4208012	26840	0
Melanie	228	Picture	run_1;block_4;Kreis;3;2;0	run_1	block_4	Kreis	3	2	0	4218295	0	1	2664	1	0	2500	other	0
Melanie	230	Picture	run_1;block_4;Stern;6;2;0	run_1	block_4	Stern	6	2	0	4241602	0	1	2664	1	0	2500	other	0
Melanie	232	Picture	run_1;block_4;Dreieck;7;2;2	run_1	block_4	Dreieck	7	2	2	4280890	0	1	2664	1	0	2500	hit	137
Melanie	232	Response	2							4284457	3567	0
Melanie	234	Picture	run_1;block_4;Kreis;6;2;0	run_1	block_4	Kreis	6	2	0	4305695	0	1	2664	1	0	2500	other	0
Melanie	236	Picture	run_1;block_4;Kreis;9;2;0	run_1	block_4	Kreis	9	2	0	4340987	0	1	2663	1	0	2500	other	0
Melanie	238	Picture	run_1;block_4;Stern;2;2;0	run_1	block_4	Stern	2	2	0	4382273	0	1	2664	1	0	2500	other	0
Melanie	240	Picture	run_1;block_4;Stern;4;2;0	run_1	block_4	Stern	4	2	0	4421561	0	1	2664	1	0	2500	other	0
Melanie	242	Picture	run_1;block_4;Kreis;3;2;0	run_1	block_4	Kreis	3	2	0	4452858	0	1	2664	1	0	2500	other	0
Melanie	244	Picture	run_1;block_4;Kreis;6;2;0	run_1	block_4	Kreis	6	2	0	4492146	0	1	2664	1	0	2500	other	0
Melanie	246	Picture	run_1;block_4;Dreieck;7;2;2	run_1	block_4	Dreieck	7	2	2	4517450	0	1	2664	1	0	2500	hit	145
Melanie	246	Response	2							4520573	3123	0
Melanie	248	Picture	run_1;block_4;Viereck;4;2;0	run_1	block_4	Viereck	4	2	0	4539924	0	1	2664	1	0	2500	other	0
Melanie	250	Picture	run_1;block_4;Viereck;3;2;0	run_1	block_4	Viereck	3	2	0	4567226	0	1	2664	1	0	2500	other	0
Melanie	252	Picture	run_1;block_4;Stern;6;2;0	run_1	block_4	Stern	6	2	0	4600521	0	1	2663	1	0	2500	other	0
Melanie	254	Picture	run_1;block_4;Dreieck;4;2;2	run_1	block_4	Dreieck	4	2	2	4623827	0	1	2663	1	0	2500	hit	150
Melanie	254	Response	2							4628627	4800	0
Melanie	256	Picture	run_1;block_4;Kreis;6;2;0	run_1	block_4	Kreis	6	2	0	4635980	0	1	2664	1	0	2500	other	0
Melanie	258	Picture	run_1;block_4;Dreieck;3;2;2	run_1	block_4	Dreieck	3	2	2	4661284	0	1	2664	1	0	2500	hit	153
Melanie	258	Response	2							4666636	5353	0
Melanie	260	Picture	run_1;block_4;Kreis;9;2;0	run_1	block_4	Kreis	9	2	0	4673936	0	1	2664	1	0	2500	other	0
Melanie	262	Picture	run_1;block_4;Kreis;2;2;0	run_1	block_4	Kreis	2	2	0	4707231	0	1	2664	1	0	2500	other	0
Melanie	264	Picture	run_1;block_4;Stern;4;2;0	run_1	block_4	Stern	4	2	0	4742523	0	1	2664	1	0	2500	other	0
Melanie	266	Picture	run_1;block_4;Viereck;3;2;0	run_1	block_4	Viereck	3	2	0	4765830	0	1	2663	1	0	2500	other	0
Melanie	268	Picture	run_1;block_4;Stern;6;2;0	run_1	block_4	Stern	6	2	0	4791134	0	1	2664	1	0	2500	other	0
Melanie	270	Picture	run_1;block_4;Dreieck;4;2;2	run_1	block_4	Dreieck	4	2	2	4822431	0	1	2663	1	0	2500	hit	160
Melanie	270	Response	2							4826608	4177	0
Melanie	272	Picture	run_1;block_4;Kreis;2;2;0	run_1	block_4	Kreis	2	2	0	4835916	0	1	2664	1	0	2500	other	0
Melanie	274	Picture	run_1;block_4;Dreieck;2;2;2	run_1	block_4	Dreieck	2	2	2	4877201	0	1	2664	1	0	2500	hit	163
Melanie	274	Response	2							4880805	3604	0
Melanie	276	Picture	run_1;block_4;Kreis;6;2;0	run_1	block_4	Kreis	6	2	0	4896013	0	1	2664	1	0	2500	other	0
Melanie	278	Picture	run_1;block_4;Stern;7;2;0	run_1	block_4	Stern	7	2	0	4937299	0	1	2664	1	0	2500	other	0
Melanie	280	Response	3							6247552	91994	0
Melanie	281	Response	3							6325294	77509	0
Melanie	283	Picture	run_2;block_1;Kreis;A;3;0	run_2	block_1	Kreis	A	3	0	6335517	0	1	2664	1	0	2500	other	0
Melanie	285	Picture	run_2;block_1;Dreieck;T;3;0	run_2	block_1	Dreieck	T	3	0	6364817	0	1	2664	1	0	2500	other	0
Melanie	287	Picture	run_2;block_1;Viereck;D;3;0	run_2	block_1	Viereck	D	3	0	6400110	0	1	2664	1	0	2500	other	0
Melanie	289	Picture	run_2;block_1;Kreis;M;3;0	run_2	block_1	Kreis	M	3	0	6423416	0	1	2664	1	0	2500	other	0
Melanie	291	Picture	run_2;block_1;Dreieck;X;3;1	run_2	block_1	Dreieck	X	3	1	6448720	0	1	2664	1	0	2500	hit	173
Melanie	291	Response	1							6452459	3738	0
Melanie	293	Picture	run_2;block_1;Dreieck;T;3;0	run_2	block_1	Dreieck	T	3	0	6463703	0	1	2664	1	0	2500	other	0
Melanie	295	Picture	run_2;block_1;Kreis;D;3;0	run_2	block_1	Kreis	D	3	0	6504989	0	1	2664	1	0	2500	other	0
Melanie	297	Picture	run_2;block_1;Kreis;X;3;1	run_2	block_1	Kreis	X	3	1	6538283	0	1	2663	1	0	2500	incorrect	177
Melanie	297	Response	2							6542489	4206	0
Melanie	299	Picture	run_2;block_1;Dreieck;T;3;0	run_2	block_1	Dreieck	T	3	0	6547772	0	1	2664	1	0	2500	other	0
Melanie	301	Picture	run_2;block_1;Stern;T;3;2	run_2	block_1	Stern	T	3	2	6583065	0	1	2664	1	0	2500	hit	180
Melanie	301	Response	2							6587409	4344	0
Melanie	303	Picture	run_2;block_1;Dreieck;E;3;0	run_2	block_1	Dreieck	E	3	0	6592721	0	1	2664	1	0	2500	other	0
Melanie	305	Picture	run_2;block_1;Kreis;D;3;0	run_2	block_1	Kreis	D	3	0	6620022	0	1	2664	1	0	2500	other	0
Melanie	307	Picture	run_2;block_1;Viereck;A;3;0	run_2	block_1	Viereck	A	3	0	6647324	0	1	2664	1	0	2500	other	0
Melanie	309	Picture	run_2;block_1;Viereck;D;3;0	run_2	block_1	Viereck	D	3	0	6672628	0	1	2664	1	0	2500	other	0
Melanie	311	Picture	run_2;block_1;Kreis;T;3;0	run_2	block_1	Kreis	T	3	0	6711916	0	1	2664	1	0	2500	other	0
Melanie	313	Picture	run_2;block_1;Viereck;X;3;1	run_2	block_1	Viereck	X	3	1	6747209	0	1	2664	1	0	2500	hit	187
Melanie	313	Response	1							6753601	6393	0
Melanie	315	Picture	run_2;block_1;Viereck;D;3;0	run_2	block_1	Viereck	D	3	0	6762857	0	1	2664	1	0	2500	other	0
Melanie	317	Picture	run_2;block_1;Viereck;A;3;0	run_2	block_1	Viereck	A	3	0	6800148	0	1	2664	1	0	2500	other	0
Melanie	319	Picture	run_2;block_1;Kreis;E;3;0	run_2	block_1	Kreis	E	3	0	6837438	0	1	2664	1	0	2500	other	0
Melanie	321	Picture	run_2;block_1;Viereck;A;3;0	run_2	block_1	Viereck	A	3	0	6864740	0	1	2664	1	0	2500	other	0
Melanie	323	Picture	run_2;block_1;Kreis;E;3;0	run_2	block_1	Kreis	E	3	0	6890044	0	1	2664	1	0	2500	other	0
Melanie	325	Picture	run_2;block_1;Stern;D;3;2	run_2	block_1	Stern	D	3	2	6931330	0	1	2664	1	0	2500	hit	194
Melanie	325	Response	2							6935996	4666	0
Melanie	327	Picture	run_2;block_1;Kreis;A;3;0	run_2	block_1	Kreis	A	3	0	6959297	0	1	2664	1	0	2500	other	0
Melanie	329	Picture	run_2;block_1;Viereck;D;3;0	run_2	block_1	Viereck	D	3	0	6992592	0	1	2664	1	0	2500	other	0
Melanie	331	Picture	run_2;block_1;Stern;E;3;2	run_2	block_1	Stern	E	3	2	7015899	0	1	2664	1	0	2500	hit	198
Melanie	331	Response	2							7020398	4500	0
Melanie	333	Picture	run_2;block_1;Kreis;D;3;0	run_2	block_1	Kreis	D	3	0	7027718	0	1	2664	1	0	2500	other	0
Melanie	334	Response	3							7140185	94154	0
Melanie	336	Picture	run_2;block_2;Kreis;6;3;0	run_2	block_2	Kreis	6	3	0	7150410	0	1	2664	1	0	2500	other	0
Melanie	338	Picture	run_2;block_2;Kreis;2;3;0	run_2	block_2	Kreis	2	3	0	7179709	0	1	2664	1	0	2500	other	0
Melanie	340	Picture	run_2;block_2;Dreieck;7;3;0	run_2	block_2	Dreieck	7	3	0	7209009	0	1	2664	1	0	2500	other	0
Melanie	342	Picture	run_2;block_2;Dreieck;9;3;0	run_2	block_2	Dreieck	9	3	0	7232315	0	1	2664	1	0	2500	other	0
Melanie	344	Picture	run_2;block_2;Dreieck;4;3;1	run_2	block_2	Dreieck	4	3	1	7267608	0	1	2664	1	0	2500	hit	206
Melanie	344	Response	1							7271793	4185	0
Melanie	346	Picture	run_2;block_2;Kreis;6;3;0	run_2	block_2	Kreis	6	3	0	7277097	0	1	2664	1	0	2500	other	0
Melanie	348	Picture	run_2;block_2;Kreis;3;3;0	run_2	block_2	Kreis	3	3	0	7304399	0	1	2664	1	0	2500	other	0
Melanie	350	Picture	run_2;block_2;Dreieck;6;3;0	run_2	block_2	Dreieck	6	3	0	7335696	0	1	2664	1	0	2500	other	0
Melanie	352	Picture	run_2;block_2;Viereck;3;3;2	run_2	block_2	Viereck	3	3	2	7370989	0	1	2664	1	0	2500	hit	211
Melanie	352	Response	2							7374523	3534	0
Melanie	354	Picture	run_2;block_2;Stern;9;3;0	run_2	block_2	Stern	9	3	0	7391798	0	1	2664	1	0	2500	other	0
Melanie	356	Picture	run_2;block_2;Viereck;9;3;2	run_2	block_2	Viereck	9	3	2	7431086	0	1	2664	1	0	2500	hit	214
Melanie	356	Response	2							7439039	7954	0
Melanie	358	Picture	run_2;block_2;Dreieck;9;3;0	run_2	block_2	Dreieck	9	3	0	7454392	0	1	2664	1	0	2500	other	0
Melanie	360	Picture	run_2;block_2;Kreis;9;3;0	run_2	block_2	Kreis	9	3	0	7495678	0	1	2664	1	0	2500	other	0
Melanie	362	Picture	run_2;block_2;Dreieck;9;3;0	run_2	block_2	Dreieck	9	3	0	7534966	0	1	2664	1	0	2500	other	0
Melanie	364	Picture	run_2;block_2;Stern;4;3;1	run_2	block_2	Stern	4	3	1	7570259	0	1	2664	1	0	2500	hit	219
Melanie	364	Response	1							7576256	5998	0
Melanie	366	Picture	run_2;block_2;Kreis;7;3;0	run_2	block_2	Kreis	7	3	0	7595563	0	1	2664	1	0	2500	other	0
Melanie	368	Picture	run_2;block_2;Dreieck;6;3;0	run_2	block_2	Dreieck	6	3	0	7622864	0	1	2664	1	0	2500	other	0
Melanie	370	Picture	run_2;block_2;Kreis;4;3;1	run_2	block_2	Kreis	4	3	1	7658157	0	1	2664	1	0	2500	miss	0
Melanie	372	Picture	run_2;block_2;Dreieck;6;3;0	run_2	block_2	Dreieck	6	3	0	7693450	0	1	2664	1	0	2500	other	0
Melanie	374	Picture	run_2;block_2;Kreis;7;3;0	run_2	block_2	Kreis	7	3	0	7718754	0	1	2664	1	0	2500	other	0
Melanie	376	Picture	run_2;block_2;Dreieck;2;3;0	run_2	block_2	Dreieck	2	3	0	7742060	0	1	2664	1	0	2500	other	0
Melanie	378	Picture	run_2;block_2;Stern;6;3;0	run_2	block_2	Stern	6	3	0	7777353	0	1	2664	1	0	2500	other	0
Melanie	380	Picture	run_2;block_2;Kreis;7;3;0	run_2	block_2	Kreis	7	3	0	7818638	0	1	2664	1	0	2500	other	0
Melanie	382	Picture	run_2;block_2;Kreis;2;3;0	run_2	block_2	Kreis	2	3	0	7843942	0	1	2664	1	0	2500	other	0
Melanie	384	Picture	run_2;block_2;Viereck;6;3;2	run_2	block_2	Viereck	6	3	2	7871244	0	1	2664	1	0	2500	hit	230
Melanie	384	Response	2							7878588	7343	0
Melanie	386	Picture	run_2;block_2;Dreieck;2;3;0	run_2	block_2	Dreieck	2	3	0	7901876	0	1	2664	1	0	2500	other	0
Melanie	387	Response	3							7980469	60448	0
Melanie	389	Picture	run_2;block_3;Stern;E;3;0	run_2	block_3	Stern	E	3	0	7990773	0	1	2664	1	0	2500	other	0
Melanie	391	Picture	run_2;block_3;Dreieck;D;3;0	run_2	block_3	Dreieck	D	3	0	8026066	0	1	2664	1	0	2500	other	0
Melanie	393	Picture	run_2;block_3;Dreieck;X;3;0	run_2	block_3	Dreieck	X	3	0	8061358	0	1	2664	1	0	2500	other	0
Melanie	395	Picture	run_2;block_3;Dreieck;M;3;0	run_2	block_3	Dreieck	M	3	0	8100646	0	1	2664	1	0	2500	other	0
Melanie	397	Picture	run_2;block_3;Kreis;D;3;2	run_2	block_3	Kreis	D	3	2	8129946	0	1	2664	1	0	2500	hit	238
Melanie	397	Response	2							8135252	5306	0
Melanie	399	Picture	run_2;block_3;Stern;T;3;0	run_2	block_3	Stern	T	3	0	8156581	0	1	2664	1	0	2500	other	0
Melanie	401	Picture	run_2;block_3;Stern;A;3;1	run_2	block_3	Stern	A	3	1	8197867	0	1	2664	1	0	2500	hit	241
Melanie	401	Response	1							8207348	9481	0
Melanie	403	Picture	run_2;block_3;Dreieck;E;3;0	run_2	block_3	Dreieck	E	3	0	8224670	0	1	2664	1	0	2500	other	0
Melanie	405	Picture	run_2;block_3;Viereck;A;3;1	run_2	block_3	Viereck	A	3	1	8251971	0	1	2664	1	0	2500	hit	244
Melanie	405	Response	1							8258208	6236	0
Melanie	407	Picture	run_2;block_3;Dreieck;X;3;0	run_2	block_3	Dreieck	X	3	0	8281437	0	1	2664	1	0	2500	other	0
Melanie	409	Picture	run_2;block_3;Kreis;X;3;2	run_2	block_3	Kreis	X	3	2	8316730	0	1	2664	1	0	2500	hit	247
Melanie	409	Response	2							8321353	4623	0
Melanie	411	Picture	run_2;block_3;Dreieck;M;3;0	run_2	block_3	Dreieck	M	3	0	8328716	0	1	2664	1	0	2500	other	0
Melanie	413	Picture	run_2;block_3;Viereck;E;3;0	run_2	block_3	Viereck	E	3	0	8358016	0	1	2664	1	0	2500	other	0
Melanie	415	Picture	run_2;block_3;Dreieck;E;3;0	run_2	block_3	Dreieck	E	3	0	8397304	0	1	2664	1	0	2500	other	0
Melanie	417	Picture	run_2;block_3;Dreieck;A;3;1	run_2	block_3	Dreieck	A	3	1	8426603	0	1	2664	1	0	2500	hit	252
Melanie	417	Response	1							8432291	5688	0
Melanie	419	Picture	run_2;block_3;Stern;X;3;0	run_2	block_3	Stern	X	3	0	8451574	0	1	2663	1	0	2500	other	0
Melanie	421	Picture	run_2;block_3;Viereck;E;3;0	run_2	block_3	Viereck	E	3	0	8478876	0	1	2664	1	0	2500	other	0
Melanie	423	Picture	run_2;block_3;Kreis;M;3;2	run_2	block_3	Kreis	M	3	2	8510173	0	1	2664	1	0	2500	hit	256
Melanie	423	Response	2							8517559	7386	0
Melanie	425	Picture	run_2;block_3;Stern;X;3;0	run_2	block_3	Stern	X	3	0	8534811	0	1	2664	1	0	2500	other	0
Melanie	427	Picture	run_2;block_3;Stern;T;3;0	run_2	block_3	Stern	T	3	0	8560116	0	1	2664	1	0	2500	other	0
Melanie	429	Picture	run_2;block_3;Stern;M;3;0	run_2	block_3	Stern	M	3	0	8595408	0	1	2664	1	0	2500	other	0
Melanie	431	Picture	run_2;block_3;Viereck;X;3;0	run_2	block_3	Viereck	X	3	0	8624708	0	1	2664	1	0	2500	other	0
Melanie	433	Picture	run_2;block_3;Viereck;T;3;0	run_2	block_3	Viereck	T	3	0	8658003	0	1	2664	1	0	2500	other	0
Melanie	435	Picture	run_2;block_3;Dreieck;X;3;0	run_2	block_3	Dreieck	X	3	0	8697291	0	1	2664	1	0	2500	other	0
Melanie	437	Picture	run_2;block_3;Dreieck;T;3;0	run_2	block_3	Dreieck	T	3	0	8726590	0	1	2664	1	0	2500	other	0
Melanie	439	Picture	run_2;block_3;Dreieck;E;3;0	run_2	block_3	Dreieck	E	3	0	8757887	0	1	2664	1	0	2500	other	0
Melanie	440	Response	3							8818115	41915	0
Melanie	442	Picture	run_2;block_4;Stern;4;3;0	run_2	block_4	Stern	4	3	0	8828472	0	1	2664	1	0	2500	other	0
Melanie	444	Picture	run_2;block_4;Stern;6;3;1	run_2	block_4	Stern	6	3	1	8859770	0	1	2664	1	0	2500	hit	268
Melanie	444	Response	1							8868696	8926	0
Melanie	446	Picture	run_2;block_4;Kreis;2;3;0	run_2	block_4	Kreis	2	3	0	8873920	0	1	2663	1	0	2500	other	0
Melanie	448	Picture	run_2;block_4;Stern;2;3;0	run_2	block_4	Stern	2	3	0	8909213	0	1	2664	1	0	2500	other	0
Melanie	450	Picture	run_2;block_4;Kreis;4;3;0	run_2	block_4	Kreis	4	3	0	8934517	0	1	2664	1	0	2500	other	0
Melanie	452	Picture	run_2;block_4;Stern;3;3;0	run_2	block_4	Stern	3	3	0	8975802	0	1	2664	1	0	2500	other	0
Melanie	454	Picture	run_2;block_4;Kreis;2;3;0	run_2	block_4	Kreis	2	3	0	9007099	0	1	2664	1	0	2500	other	0
Melanie	456	Picture	run_2;block_4;Dreieck;3;3;2	run_2	block_4	Dreieck	3	3	2	9046387	0	1	2664	1	0	2500	hit	275
Melanie	456	Response	2							9052634	6247	0
Melanie	458	Picture	run_2;block_4;Kreis;4;3;0	run_2	block_4	Kreis	4	3	0	9071858	0	1	2664	1	0	2500	other	0
Melanie	460	Picture	run_2;block_4;Stern;6;3;1	run_2	block_4	Stern	6	3	1	9109148	0	1	2664	1	0	2500	hit	278
Melanie	460	Response	1							9114411	5263	0
Melanie	462	Picture	run_2;block_4;Kreis;2;3;0	run_2	block_4	Kreis	2	3	0	9133620	0	1	2664	1	0	2500	other	0
Melanie	464	Picture	run_2;block_4;Viereck;7;3;0	run_2	block_4	Viereck	7	3	0	9156927	0	1	2664	1	0	2500	other	0
Melanie	466	Picture	run_2;block_4;Kreis;7;3;0	run_2	block_4	Kreis	7	3	0	9184228	0	1	2664	1	0	2500	other	0
Melanie	468	Picture	run_2;block_4;Viereck;2;3;0	run_2	block_4	Viereck	2	3	0	9221519	0	1	2664	1	0	2500	other	0
Melanie	470	Picture	run_2;block_4;Dreieck;4;3;2	run_2	block_4	Dreieck	4	3	2	9250818	0	1	2664	1	0	2500	hit	284
Melanie	470	Response	2							9257161	6343	0
Melanie	472	Picture	run_2;block_4;Viereck;4;3;0	run_2	block_4	Viereck	4	3	0	9268464	0	1	2664	1	0	2500	other	0
Melanie	474	Picture	run_2;block_4;Kreis;2;3;0	run_2	block_4	Kreis	2	3	0	9295766	0	1	2664	1	0	2500	other	0
Melanie	476	Picture	run_2;block_4;Stern;2;3;0	run_2	block_4	Stern	2	3	0	9323068	0	1	2664	1	0	2500	other	0
Melanie	478	Picture	run_2;block_4;Kreis;2;3;0	run_2	block_4	Kreis	2	3	0	9346375	0	1	2664	1	0	2500	other	0
Melanie	480	Picture	run_2;block_4;Stern;6;3;1	run_2	block_4	Stern	6	3	1	9383665	0	1	2664	1	0	2500	hit	290
Melanie	480	Response	1							9389973	6308	0
Melanie	482	Picture	run_2;block_4;Kreis;2;3;0	run_2	block_4	Kreis	2	3	0	9399313	0	1	2664	1	0	2500	other	0
Melanie	484	Picture	run_2;block_4;Dreieck;7;3;2	run_2	block_4	Dreieck	7	3	2	9424617	0	1	2664	1	0	2500	hit	293
Melanie	484	Response	2							9431647	7030	0
Melanie	486	Picture	run_2;block_4;Stern;7;3;0	run_2	block_4	Stern	7	3	0	9452918	0	1	2664	1	0	2500	other	0
Melanie	488	Picture	run_2;block_4;Stern;4;3;0	run_2	block_4	Stern	4	3	0	9482218	0	1	2664	1	0	2500	other	0
Melanie	490	Picture	run_2;block_4;Kreis;4;3;0	run_2	block_4	Kreis	4	3	0	9519508	0	1	2664	1	0	2500	other	0
Melanie	492	Picture	run_2;block_4;Viereck;9;3;0	run_2	block_4	Viereck	9	3	0	9560793	0	1	2664	1	0	2500	other	0
Melanie	494	Response	3							10818286	39233	0
Melanie	495	Response	3							10865273	46765	0
Melanie	497	Picture	run_3;block_1;Dreieck;A;2;0	run_3	block_1	Dreieck	A	2	0	10875609	0	1	2664	1	0	2500	other	0
Melanie	499	Picture	run_3;block_1;Viereck;A;2;0	run_3	block_1	Viereck	A	2	0	10906906	0	1	2664	1	0	2500	other	0
Melanie	501	Picture	run_3;block_1;Kreis;D;2;0	run_3	block_1	Kreis	D	2	0	10940201	0	1	2664	1	0	2500	other	0
Melanie	503	Picture	run_3;block_1;Dreieck;D;2;0	run_3	block_1	Dreieck	D	2	0	10981487	0	1	2664	1	0	2500	other	0
Melanie	505	Picture	run_3;block_1;Viereck;E;2;0	run_3	block_1	Viereck	E	2	0	11016779	0	1	2664	1	0	2500	other	0
Melanie	507	Picture	run_3;block_1;Dreieck;T;2;0	run_3	block_1	Dreieck	T	2	0	11058065	0	1	2664	1	0	2500	other	0
Melanie	509	Picture	run_3;block_1;Kreis;X;2;0	run_3	block_1	Kreis	X	2	0	11089362	0	1	2664	1	0	2500	other	0
Melanie	511	Picture	run_3;block_1;Stern;E;2;2	run_3	block_1	Stern	E	2	2	11128650	0	1	2664	1	0	2500	hit	308
Melanie	511	Response	2							11132238	3588	0
Melanie	513	Picture	run_3;block_1;Viereck;X;2;0	run_3	block_1	Viereck	X	2	0	11141468	0	1	2664	1	0	2500	other	0
Melanie	515	Picture	run_3;block_1;Stern;D;2;2	run_3	block_1	Stern	D	2	2	11176761	0	1	2664	1	0	2500	hit	311
Melanie	515	Response	2							11181130	4369	0
Melanie	517	Picture	run_3;block_1;Viereck;M;2;0	run_3	block_1	Viereck	M	2	0	11188414	0	1	2663	1	0	2500	other	0
Melanie	519	Picture	run_3;block_1;Viereck;E;2;0	run_3	block_1	Viereck	E	2	0	11211721	0	1	2664	1	0	2500	other	0
Melanie	521	Picture	run_3;block_1;Viereck;T;2;0	run_3	block_1	Viereck	T	2	0	11251009	0	1	2664	1	0	2500	other	0
Melanie	523	Picture	run_3;block_1;Viereck;M;2;0	run_3	block_1	Viereck	M	2	0	11286301	0	1	2664	1	0	2500	other	0
Melanie	525	Picture	run_3;block_1;Kreis;T;2;0	run_3	block_1	Kreis	T	2	0	11321594	0	1	2664	1	0	2500	other	0
Melanie	527	Picture	run_3;block_1;Viereck;E;2;0	run_3	block_1	Viereck	E	2	0	11346898	0	1	2664	1	0	2500	other	0
Melanie	529	Picture	run_3;block_1;Stern;X;2;2	run_3	block_1	Stern	X	2	2	11382190	0	1	2664	1	0	2500	hit	319
Melanie	529	Response	2							11385870	3679	0
Melanie	531	Picture	run_3;block_1;Kreis;D;2;0	run_3	block_1	Kreis	D	2	0	11391180	0	1	2664	1	0	2500	other	0
Melanie	533	Picture	run_3;block_1;Stern;T;2;2	run_3	block_1	Stern	T	2	2	11428470	0	1	2664	1	0	2500	hit	322
Melanie	533	Response	2							11431957	3486	0
Melanie	535	Picture	run_3;block_1;Dreieck;E;2;0	run_3	block_1	Dreieck	E	2	0	11441289	0	1	2664	1	0	2500	other	0
Melanie	537	Picture	run_3;block_1;Viereck;T;2;0	run_3	block_1	Viereck	T	2	0	11474584	0	1	2664	1	0	2500	other	0
Melanie	539	Picture	run_3;block_1;Stern;T;2;2	run_3	block_1	Stern	T	2	2	11497890	0	1	2664	1	0	2500	hit	326
Melanie	539	Response	2							11502683	4793	0
Melanie	541	Picture	run_3;block_1;Kreis;X;2;0	run_3	block_1	Kreis	X	2	0	11526024	0	1	2664	1	0	2500	other	0
Melanie	543	Picture	run_3;block_1;Viereck;T;2;0	run_3	block_1	Viereck	T	2	0	11549331	0	1	2664	1	0	2500	other	0
Melanie	545	Picture	run_3;block_1;Kreis;T;2;0	run_3	block_1	Kreis	T	2	0	11580628	0	1	2664	1	0	2500	other	0
Melanie	547	Picture	run_3;block_1;Stern;M;2;2	run_3	block_1	Stern	M	2	2	11605932	0	1	2664	1	0	2500	hit	331
Melanie	547	Response	2							11609120	3188	0
Melanie	548	Response	3							11664782	55520	0
Melanie	550	Picture	run_3;block_2;Kreis;4;3;0	run_3	block_2	Kreis	4	3	0	11675019	0	1	2664	1	0	2500	other	0
Melanie	552	Picture	run_3;block_2;Dreieck;7;3;1	run_3	block_2	Dreieck	7	3	1	11702321	0	1	2663	1	0	2500	hit	335
Melanie	552	Response	1							11705562	3241	0
Melanie	554	Picture	run_3;block_2;Stern;2;3;0	run_3	block_2	Stern	2	3	0	11716804	0	1	2664	1	0	2500	other	0
Melanie	556	Picture	run_3;block_2;Stern;3;3;0	run_3	block_2	Stern	3	3	0	11754094	0	1	2664	1	0	2500	other	0
Melanie	558	Picture	run_3;block_2;Viereck;2;3;2	run_3	block_2	Viereck	2	3	2	11787389	0	1	2664	1	0	2500	hit	339
Melanie	558	Response	2							11792287	4898	0
Melanie	560	Picture	run_3;block_2;Kreis;4;3;0	run_3	block_2	Kreis	4	3	0	11799542	0	1	2664	1	0	2500	other	0
Melanie	562	Picture	run_3;block_2;Viereck;2;3;2	run_3	block_2	Viereck	2	3	2	11840828	0	1	2664	1	0	2500	hit	342
Melanie	562	Response	2							11847194	6367	0
Melanie	564	Picture	run_3;block_2;Stern;3;3;0	run_3	block_2	Stern	3	3	0	11862469	0	1	2663	1	0	2500	other	0
Melanie	566	Picture	run_3;block_2;Dreieck;4;3;0	run_3	block_2	Dreieck	4	3	0	11887773	0	1	2664	1	0	2500	other	0
Melanie	568	Picture	run_3;block_2;Stern;6;3;0	run_3	block_2	Stern	6	3	0	11915075	0	1	2664	1	0	2500	other	0
Melanie	570	Picture	run_3;block_2;Stern;7;3;1	run_3	block_2	Stern	7	3	1	11944375	0	1	2664	1	0	2500	hit	347
Melanie	570	Response	1							11950134	5759	0
Melanie	572	Picture	run_3;block_2;Dreieck;2;3;0	run_3	block_2	Dreieck	2	3	0	11955362	0	1	2664	1	0	2500	other	0
Melanie	574	Picture	run_3;block_2;Dreieck;7;3;1	run_3	block_2	Dreieck	7	3	1	11994650	0	1	2663	1	0	2500	incorrect	350
Melanie	574	Response	2							12005192	10542	0
Melanie	576	Picture	run_3;block_2;Stern;4;3;0	run_3	block_2	Stern	4	3	0	12024449	0	1	2664	1	0	2500	other	0
Melanie	578	Picture	run_3;block_2;Stern;9;3;0	run_3	block_2	Stern	9	3	0	12053748	0	1	2664	1	0	2500	other	0
Melanie	580	Picture	run_3;block_2;Kreis;9;3;0	run_3	block_2	Kreis	9	3	0	12083048	0	1	2664	1	0	2500	other	0
Melanie	582	Picture	run_3;block_2;Dreieck;3;3;0	run_3	block_2	Dreieck	3	3	0	12112347	0	1	2664	1	0	2500	other	0
Melanie	584	Picture	run_3;block_2;Stern;4;3;0	run_3	block_2	Stern	4	3	0	12143645	0	1	2664	1	0	2500	other	0
Melanie	586	Picture	run_3;block_2;Stern;3;3;0	run_3	block_2	Stern	3	3	0	12178937	0	1	2664	1	0	2500	other	0
Melanie	588	Picture	run_3;block_2;Stern;9;3;0	run_3	block_2	Stern	9	3	0	12204241	0	1	2664	1	0	2500	other	0
Melanie	590	Picture	run_3;block_2;Viereck;9;3;2	run_3	block_2	Viereck	9	3	2	12243529	0	1	2664	1	0	2500	hit	359
Melanie	590	Response	2							12250459	6929	0
Melanie	592	Picture	run_3;block_2;Kreis;4;3;0	run_3	block_2	Kreis	4	3	0	12255682	0	1	2664	1	0	2500	other	0
Melanie	594	Picture	run_3;block_2;Dreieck;6;3;0	run_3	block_2	Dreieck	6	3	0	12286979	0	1	2664	1	0	2500	other	0
Melanie	596	Picture	run_3;block_2;Kreis;4;3;0	run_3	block_2	Kreis	4	3	0	12316279	0	1	2664	1	0	2500	other	0
Melanie	598	Picture	run_3;block_2;Dreieck;4;3;0	run_3	block_2	Dreieck	4	3	0	12351571	0	1	2664	1	0	2500	other	0
Melanie	600	Picture	run_3;block_2;Kreis;3;3;0	run_3	block_2	Kreis	3	3	0	12382868	0	1	2664	1	0	2500	other	0
Melanie	601	Response	3							12438133	37118	0
Melanie	603	Picture	run_3;block_3;Dreieck;A;1;0	run_3	block_3	Dreieck	A	1	0	12448459	0	1	2664	1	0	2500	other	0
Melanie	605	Picture	run_3;block_3;Kreis;T;1;1	run_3	block_3	Kreis	T	1	1	12489745	0	1	2664	1	0	2500	hit	368
Melanie	605	Response	1							12493380	3635	0
Melanie	607	Picture	run_3;block_3;Stern;D;1;0	run_3	block_3	Stern	D	1	0	12502730	0	1	2664	1	0	2500	other	0
Melanie	609	Picture	run_3;block_3;Stern;M;1;0	run_3	block_3	Stern	M	1	0	12544016	0	1	2664	1	0	2500	false_alarm	371
Melanie	609	Response	1							12561501	17485	0
Melanie	611	Picture	run_3;block_3;Stern;X;1;0	run_3	block_3	Stern	X	1	0	12580806	0	1	2664	1	0	2500	other	0
Melanie	613	Picture	run_3;block_3;Dreieck;D;1;0	run_3	block_3	Dreieck	D	1	0	12610106	0	1	2664	1	0	2500	other	0
Melanie	615	Picture	run_3;block_3;Dreieck;X;1;0	run_3	block_3	Dreieck	X	1	0	12635410	0	1	2664	1	0	2500	other	0
Melanie	617	Picture	run_3;block_3;Kreis;M;1;0	run_3	block_3	Kreis	M	1	0	12664710	0	1	2664	1	0	2500	other	0
Melanie	619	Picture	run_3;block_3;Kreis;X;1;0	run_3	block_3	Kreis	X	1	0	12696007	0	1	2664	1	0	2500	other	0
Melanie	621	Picture	run_3;block_3;Dreieck;E;1;0	run_3	block_3	Dreieck	E	1	0	12719313	0	1	2664	1	0	2500	other	0
Melanie	623	Picture	run_3;block_3;Dreieck;A;1;0	run_3	block_3	Dreieck	A	1	0	12756604	0	1	2664	1	0	2500	other	0
Melanie	625	Picture	run_3;block_3;Stern;T;1;1	run_3	block_3	Stern	T	1	1	12783905	0	1	2664	1	0	2500	hit	380
Melanie	625	Response	1							12788279	4373	0
Melanie	627	Picture	run_3;block_3;Kreis;A;1;0	run_3	block_3	Kreis	A	1	0	12799554	0	1	2664	1	0	2500	other	0
Melanie	629	Picture	run_3;block_3;Dreieck;T;1;1	run_3	block_3	Dreieck	T	1	1	12834847	0	1	2664	1	0	2500	hit	383
Melanie	629	Response	1							12839582	4736	0
Melanie	631	Picture	run_3;block_3;Stern;D;1;0	run_3	block_3	Stern	D	1	0	12848830	0	1	2664	1	0	2500	other	0
Melanie	633	Picture	run_3;block_3;Stern;T;1;1	run_3	block_3	Stern	T	1	1	12876132	0	1	2664	1	0	2500	hit	386
Melanie	633	Response	1							12880727	4595	0
Melanie	635	Picture	run_3;block_3;Kreis;D;1;0	run_3	block_3	Kreis	D	1	0	12897940	0	1	2664	1	0	2500	other	0
Melanie	637	Picture	run_3;block_3;Stern;E;1;0	run_3	block_3	Stern	E	1	0	12929237	0	1	2664	1	0	2500	other	0
Melanie	639	Picture	run_3;block_3;Kreis;D;1;0	run_3	block_3	Kreis	D	1	0	12958537	0	1	2664	1	0	2500	other	0
Melanie	641	Picture	run_3;block_3;Viereck;E;1;0	run_3	block_3	Viereck	E	1	0	12983841	0	1	2664	1	0	2500	other	0
Melanie	643	Picture	run_3;block_3;Viereck;T;1;1	run_3	block_3	Viereck	T	1	1	13007148	0	1	2664	1	0	2500	hit	392
Melanie	643	Response	1							13012421	5273	0
Melanie	645	Picture	run_3;block_3;Viereck;X;1;0	run_3	block_3	Viereck	X	1	0	13029622	0	1	2664	1	0	2500	other	0
Melanie	647	Picture	run_3;block_3;Dreieck;E;1;0	run_3	block_3	Dreieck	E	1	0	13066912	0	1	2664	1	0	2500	other	0
Melanie	649	Picture	run_3;block_3;Stern;X;1;0	run_3	block_3	Stern	X	1	0	13104202	0	1	2664	1	0	2500	other	0
Melanie	651	Picture	run_3;block_3;Stern;M;1;0	run_3	block_3	Stern	M	1	0	13139495	0	1	2664	1	0	2500	other	0
Melanie	653	Picture	run_3;block_3;Viereck;T;1;1	run_3	block_3	Viereck	T	1	1	13170792	0	1	2664	1	0	2500	hit	398
Melanie	653	Response	1							13174959	4167	0
Melanie	654	Response	3							13223585	48464	0
Melanie	656	Picture	run_3;block_4;Stern;7;3;0	run_3	block_4	Stern	7	3	0	13233886	0	1	2664	1	0	2500	other	0
Melanie	658	Picture	run_3;block_4;Stern;6;3;0	run_3	block_4	Stern	6	3	0	13271176	0	1	2664	1	0	2500	other	0
Melanie	660	Picture	run_3;block_4;Dreieck;2;3;0	run_3	block_4	Dreieck	2	3	0	13308466	0	1	2664	1	0	2500	other	0
Melanie	662	Picture	run_3;block_4;Dreieck;9;3;1	run_3	block_4	Dreieck	9	3	1	13349752	0	1	2664	1	0	2500	hit	404
Melanie	662	Response	1							13355287	5535	0
Melanie	664	Picture	run_3;block_4;Dreieck;2;3;0	run_3	block_4	Dreieck	2	3	0	13364568	0	1	2663	1	0	2500	other	0
Melanie	666	Picture	run_3;block_4;Dreieck;6;3;0	run_3	block_4	Dreieck	6	3	0	13399861	0	1	2664	1	0	2500	other	0
Melanie	668	Picture	run_3;block_4;Stern;2;3;0	run_3	block_4	Stern	2	3	0	13431158	0	1	2664	1	0	2500	other	0
Melanie	670	Picture	run_3;block_4;Stern;9;3;1	run_3	block_4	Stern	9	3	1	13462455	0	1	2664	1	0	2500	hit	409
Melanie	670	Response	1							13468912	6456	0
Melanie	672	Picture	run_3;block_4;Viereck;3;3;0	run_3	block_4	Viereck	3	3	0	13490257	0	1	2664	1	0	2500	other	0
Melanie	674	Picture	run_3;block_4;Viereck;4;3;0	run_3	block_4	Viereck	4	3	0	13521554	0	1	2664	1	0	2500	other	0
Melanie	676	Picture	run_3;block_4;Stern;3;3;0	run_3	block_4	Stern	3	3	0	13550853	0	1	2664	1	0	2500	other	0
Melanie	678	Picture	run_3;block_4;Dreieck;7;3;0	run_3	block_4	Dreieck	7	3	0	13582150	0	1	2664	1	0	2500	other	0
Melanie	680	Picture	run_3;block_4;Stern;9;3;1	run_3	block_4	Stern	9	3	1	13605457	0	1	2664	1	0	2500	hit	415
Melanie	680	Response	1							13609243	3786	0
Melanie	682	Picture	run_3;block_4;Stern;6;3;0	run_3	block_4	Stern	6	3	0	13618442	0	1	2664	1	0	2500	other	0
Melanie	684	Picture	run_3;block_4;Kreis;3;3;2	run_3	block_4	Kreis	3	3	2	13655732	0	1	2664	1	0	2500	hit	418
Melanie	684	Response	2							13659709	3977	0
Melanie	686	Picture	run_3;block_4;Dreieck;2;3;0	run_3	block_4	Dreieck	2	3	0	13665055	0	1	2664	1	0	2500	other	0
Melanie	688	Picture	run_3;block_4;Viereck;7;3;0	run_3	block_4	Viereck	7	3	0	13690359	0	1	2664	1	0	2500	other	0
Melanie	690	Picture	run_3;block_4;Stern;6;3;0	run_3	block_4	Stern	6	3	0	13721656	0	1	2664	1	0	2500	other	0
Melanie	692	Picture	run_3;block_4;Viereck;7;3;0	run_3	block_4	Viereck	7	3	0	13754951	0	1	2664	1	0	2500	other	0
Melanie	694	Picture	run_3;block_4;Kreis;6;3;2	run_3	block_4	Kreis	6	3	2	13780255	0	1	2664	1	0	2500	hit	424
Melanie	694	Response	2							13784039	3784	0
Melanie	696	Picture	run_3;block_4;Viereck;6;3;0	run_3	block_4	Viereck	6	3	0	13793240	0	1	2664	1	0	2500	other	0
Melanie	698	Picture	run_3;block_4;Viereck;4;3;0	run_3	block_4	Viereck	4	3	0	13822539	0	1	2664	1	0	2500	other	0
Melanie	700	Picture	run_3;block_4;Kreis;3;3;2	run_3	block_4	Kreis	3	3	2	13849841	0	1	2664	1	0	2500	hit	428
Melanie	700	Response	2							13852881	3040	0
Melanie	702	Picture	run_3;block_4;Viereck;2;3;0	run_3	block_4	Viereck	2	3	0	13876144	0	1	2664	1	0	2500	other	0
Melanie	704	Picture	run_3;block_4;Viereck;6;3;0	run_3	block_4	Viereck	6	3	0	13905444	0	1	2664	1	0	2500	other	0
Melanie	706	Picture	run_3;block_4;Stern;6;3;0	run_3	block_4	Stern	6	3	0	13938739	0	1	2664	1	0	2500	other	0
Melanie	707	Response	3							14028498	71447	0
Melanie	709	Picture	run_3;block_5;Kreis;4;2;0	run_3	block_5	Kreis	4	2	0	14038790	0	1	2664	1	0	2500	other	0
Melanie	711	Picture	run_3;block_5;Dreieck;3;2;2	run_3	block_5	Dreieck	3	2	2	14064094	0	1	2664	1	0	2500	hit	435
Melanie	711	Response	2							14067270	3177	0
Melanie	713	Picture	run_3;block_5;Stern;9;2;0	run_3	block_5	Stern	9	2	0	14086568	0	1	2664	1	0	2500	other	0
Melanie	715	Picture	run_3;block_5;Kreis;3;2;0	run_3	block_5	Kreis	3	2	0	14121861	0	1	2664	1	0	2500	other	0
Melanie	717	Picture	run_3;block_5;Viereck;6;2;0	run_3	block_5	Viereck	6	2	0	14157153	0	1	2664	1	0	2500	other	0
Melanie	719	Picture	run_3;block_5;Kreis;3;2;0	run_3	block_5	Kreis	3	2	0	14180459	0	1	2664	1	0	2500	other	0
Melanie	721	Picture	run_3;block_5;Stern;7;2;0	run_3	block_5	Stern	7	2	0	14213754	0	1	2663	1	0	2500	other	0
Melanie	723	Picture	run_3;block_5;Dreieck;2;2;2	run_3	block_5	Dreieck	2	2	2	14255040	0	1	2664	1	0	2500	hit	442
Melanie	723	Response	2							14258884	3844	0
Melanie	725	Picture	run_3;block_5;Viereck;3;2;0	run_3	block_5	Viereck	3	2	0	14268192	0	1	2663	1	0	2500	other	0
Melanie	727	Picture	run_3;block_5;Kreis;4;2;0	run_3	block_5	Kreis	4	2	0	14309477	0	1	2664	1	0	2500	other	0
Melanie	729	Picture	run_3;block_5;Stern;7;2;0	run_3	block_5	Stern	7	2	0	14338777	0	1	2664	1	0	2500	other	0
Melanie	731	Picture	run_3;block_5;Kreis;4;2;0	run_3	block_5	Kreis	4	2	0	14366079	0	1	2664	1	0	2500	other	0
Melanie	733	Picture	run_3;block_5;Dreieck;7;2;2	run_3	block_5	Dreieck	7	2	2	14405367	0	1	2664	1	0	2500	hit	448
Melanie	733	Response	2							14411281	5915	0
Melanie	735	Picture	run_3;block_5;Kreis;7;2;0	run_3	block_5	Kreis	7	2	0	14422513	0	1	2664	1	0	2500	other	0
Melanie	737	Picture	run_3;block_5;Stern;4;2;0	run_3	block_5	Stern	4	2	0	14455808	0	1	2664	1	0	2500	other	0
Melanie	739	Picture	run_3;block_5;Viereck;6;2;0	run_3	block_5	Viereck	6	2	0	14485108	0	1	2664	1	0	2500	other	0
Melanie	741	Picture	run_3;block_5;Kreis;9;2;0	run_3	block_5	Kreis	9	2	0	14518403	0	1	2664	1	0	2500	other	0
Melanie	743	Picture	run_3;block_5;Stern;4;2;0	run_3	block_5	Stern	4	2	0	14553695	0	1	2664	1	0	2500	other	0
Melanie	745	Picture	run_3;block_5;Stern;2;2;0	run_3	block_5	Stern	2	2	0	14580997	0	1	2664	1	0	2500	other	0
Melanie	747	Picture	run_3;block_5;Dreieck;4;2;2	run_3	block_5	Dreieck	4	2	2	14616290	0	1	2664	1	0	2500	hit	456
Melanie	747	Response	2							14619763	3474	0
Melanie	749	Picture	run_3;block_5;Viereck;3;2;0	run_3	block_5	Viereck	3	2	0	14629108	0	1	2664	1	0	2500	other	0
Melanie	751	Picture	run_3;block_5;Dreieck;9;2;2	run_3	block_5	Dreieck	9	2	2	14662403	0	1	2664	1	0	2500	hit	459
Melanie	751	Response	2							14668009	5606	0
Melanie	753	Picture	run_3;block_5;Stern;6;2;0	run_3	block_5	Stern	6	2	0	14689205	0	1	2664	1	0	2500	other	0
Melanie	755	Picture	run_3;block_5;Stern;4;2;0	run_3	block_5	Stern	4	2	0	14724498	0	1	2664	1	0	2500	other	0
Melanie	757	Picture	run_3;block_5;Stern;9;2;0	run_3	block_5	Stern	9	2	0	14747805	0	1	2664	1	0	2500	other	0
Melanie	759	Picture	run_3;block_5;Dreieck;3;2;2	run_3	block_5	Dreieck	3	2	2	14777104	0	1	2664	1	0	2500	hit	464
Melanie	759	Response	2							14780912	3808	0
Melanie	760	Response	3							14882255	101156	0
Melanie	762	Picture	run_3;block_6;Viereck;M;3;0	run_3	block_6	Viereck	M	3	0	14892471	0	1	2664	1	0	2500	other	0
Melanie	764	Picture	run_3;block_6;Kreis;M;3;0	run_3	block_6	Kreis	M	3	0	14927763	0	1	2664	1	0	2500	other	0
Melanie	766	Picture	run_3;block_6;Viereck;A;3;0	run_3	block_6	Viereck	A	3	0	14957063	0	1	2664	1	0	2500	other	0
Melanie	768	Picture	run_3;block_6;Dreieck;D;3;0	run_3	block_6	Dreieck	D	3	0	14990358	0	1	2664	1	0	2500	other	0
Melanie	770	Picture	run_3;block_6;Kreis;D;3;0	run_3	block_6	Kreis	D	3	0	15025650	0	1	2664	1	0	2500	other	0
Melanie	772	Picture	run_3;block_6;Viereck;A;3;0	run_3	block_6	Viereck	A	3	0	15048957	0	1	2664	1	0	2500	other	0
Melanie	774	Picture	run_3;block_6;Stern;T;3;2	run_3	block_6	Stern	T	3	2	15082252	0	1	2664	1	0	2500	hit	473
Melanie	774	Response	2							15085419	3167	0
Melanie	776	Picture	run_3;block_6;Dreieck;D;3;0	run_3	block_6	Dreieck	D	3	0	15090742	0	1	2664	1	0	2500	other	0
Melanie	778	Picture	run_3;block_6;Stern;A;3;2	run_3	block_6	Stern	A	3	2	15118044	0	1	2664	1	0	2500	incorrect	476
Melanie	778	Response	1							15124698	6654	0
Melanie	780	Picture	run_3;block_6;Kreis;T;3;0	run_3	block_6	Kreis	T	3	0	15132028	0	1	2664	1	0	2500	other	0
Melanie	782	Picture	run_3;block_6;Kreis;M;3;0	run_3	block_6	Kreis	M	3	0	15173313	0	1	2664	1	0	2500	other	0
Melanie	784	Picture	run_3;block_6;Stern;X;3;2	run_3	block_6	Stern	X	3	2	15206608	0	1	2664	1	0	2500	hit	480
Melanie	784	Response	2							15213120	6511	0
Melanie	786	Picture	run_3;block_6;Viereck;T;3;0	run_3	block_6	Viereck	T	3	0	15220425	0	1	2664	1	0	2500	other	0
Melanie	788	Picture	run_3;block_6;Dreieck;D;3;0	run_3	block_6	Dreieck	D	3	0	15253720	0	1	2664	1	0	2500	other	0
Melanie	790	Picture	run_3;block_6;Dreieck;M;3;0	run_3	block_6	Dreieck	M	3	0	15283020	0	1	2664	1	0	2500	other	0
Melanie	792	Picture	run_3;block_6;Dreieck;E;3;1	run_3	block_6	Dreieck	E	3	1	15324306	0	1	2664	1	0	2500	miss	0
Melanie	794	Picture	run_3;block_6;Viereck;T;3;0	run_3	block_6	Viereck	T	3	0	15357600	0	1	2664	1	0	2500	other	0
Melanie	796	Picture	run_3;block_6;Kreis;T;3;0	run_3	block_6	Kreis	T	3	0	15384902	0	1	2664	1	0	2500	other	0
Melanie	798	Picture	run_3;block_6;Kreis;D;3;0	run_3	block_6	Kreis	D	3	0	15420195	0	1	2664	1	0	2500	other	0
Melanie	800	Picture	run_3;block_6;Kreis;M;3;0	run_3	block_6	Kreis	M	3	0	15453490	0	1	2664	1	0	2500	other	0
Melanie	802	Picture	run_3;block_6;Kreis;E;3;1	run_3	block_6	Kreis	E	3	1	15488782	0	1	2664	1	0	2500	hit	490
Melanie	802	Response	1							15501516	12734	0
Melanie	804	Picture	run_3;block_6;Viereck;A;3;0	run_3	block_6	Viereck	A	3	0	15510757	0	1	2664	1	0	2500	other	0
Melanie	806	Picture	run_3;block_6;Kreis;E;3;1	run_3	block_6	Kreis	E	3	1	15546049	0	1	2664	1	0	2500	hit	493
Melanie	806	Response	1							15549488	3438	0
Melanie	808	Picture	run_3;block_6;Kreis;D;3;0	run_3	block_6	Kreis	D	3	0	15560699	0	1	2664	1	0	2500	other	0
Melanie	810	Picture	run_3;block_6;Kreis;X;3;0	run_3	block_6	Kreis	X	3	0	15601985	0	1	2664	1	0	2500	other	0
Melanie	812	Picture	run_3;block_6;Kreis;D;3;0	run_3	block_6	Kreis	D	3	0	15641273	0	1	2664	1	0	2500	other	0
Melanie	813	Response	3							15695689	36104	0
Melanie	815	Picture	run_3;block_7;Stern;7;1;0	run_3	block_7	Stern	7	1	0	15706031	0	1	2664	1	0	2500	other	0
Melanie	817	Picture	run_3;block_7;Viereck;2;1;1	run_3	block_7	Viereck	2	1	1	15739326	0	1	2664	1	0	2500	hit	500
Melanie	817	Response	1							15742944	3618	0
Melanie	819	Picture	run_3;block_7;Dreieck;4;1;0	run_3	block_7	Dreieck	4	1	0	15750147	0	1	2664	1	0	2500	other	0
Melanie	821	Picture	run_3;block_7;Stern;9;1;0	run_3	block_7	Stern	9	1	0	15785440	0	1	2663	1	0	2500	other	0
Melanie	823	Picture	run_3;block_7;Kreis;4;1;0	run_3	block_7	Kreis	4	1	0	15820732	0	1	2664	1	0	2500	other	0
Melanie	825	Picture	run_3;block_7;Stern;3;1;0	run_3	block_7	Stern	3	1	0	15846036	0	1	2664	1	0	2500	other	0
Melanie	827	Picture	run_3;block_7;Kreis;2;1;1	run_3	block_7	Kreis	2	1	1	15887322	0	1	2664	1	0	2500	hit	506
Melanie	827	Response	1							15890399	3077	0
Melanie	829	Picture	run_3;block_7;Dreieck;7;1;0	run_3	block_7	Dreieck	7	1	0	15895646	0	1	2664	1	0	2500	other	0
Melanie	831	Picture	run_3;block_7;Dreieck;9;1;0	run_3	block_7	Dreieck	9	1	0	15934934	0	1	2664	1	0	2500	other	0
Melanie	833	Picture	run_3;block_7;Stern;3;1;0	run_3	block_7	Stern	3	1	0	15964233	0	1	2664	1	0	2500	other	0
Melanie	835	Picture	run_3;block_7;Dreieck;3;1;0	run_3	block_7	Dreieck	3	1	0	15999526	0	1	2664	1	0	2500	other	0
Melanie	837	Picture	run_3;block_7;Dreieck;2;1;1	run_3	block_7	Dreieck	2	1	1	16028825	0	1	2664	1	0	2500	hit	512
Melanie	837	Response	1							16032273	3447	0
Melanie	839	Picture	run_3;block_7;Stern;6;1;0	run_3	block_7	Stern	6	1	0	16047471	0	1	2664	1	0	2500	other	0
Melanie	841	Picture	run_3;block_7;Dreieck;3;1;0	run_3	block_7	Dreieck	3	1	0	16088756	0	1	2664	1	0	2500	other	0
Melanie	843	Picture	run_3;block_7;Dreieck;6;1;0	run_3	block_7	Dreieck	6	1	0	16112063	0	1	2664	1	0	2500	other	0
Melanie	845	Picture	run_3;block_7;Dreieck;2;1;1	run_3	block_7	Dreieck	2	1	1	16143360	0	1	2664	1	0	2500	hit	517
Melanie	845	Response	1							16146628	3268	0
Melanie	847	Picture	run_3;block_7;Viereck;9;1;0	run_3	block_7	Viereck	9	1	0	16159841	0	1	2664	1	0	2500	other	0
Melanie	849	Picture	run_3;block_7;Dreieck;2;1;1	run_3	block_7	Dreieck	2	1	1	16193136	0	1	2664	1	0	2500	hit	520
Melanie	849	Response	1							16197038	3902	0
Melanie	851	Picture	run_3;block_7;Stern;9;1;0	run_3	block_7	Stern	9	1	0	16220271	0	1	2664	1	0	2500	other	0
Melanie	853	Picture	run_3;block_7;Viereck;4;1;0	run_3	block_7	Viereck	4	1	0	16245575	0	1	2664	1	0	2500	other	0
Melanie	855	Picture	run_3;block_7;Kreis;4;1;0	run_3	block_7	Kreis	4	1	0	16268882	0	1	2664	1	0	2500	other	0
Melanie	857	Picture	run_3;block_7;Stern;3;1;0	run_3	block_7	Stern	3	1	0	16304174	0	1	2664	1	0	2500	other	0
Melanie	859	Picture	run_3;block_7;Kreis;6;1;0	run_3	block_7	Kreis	6	1	0	16327481	0	1	2664	1	0	2500	other	0
Melanie	861	Picture	run_3;block_7;Dreieck;6;1;0	run_3	block_7	Dreieck	6	1	0	16368766	0	1	2664	1	0	2500	other	0
Melanie	863	Picture	run_3;block_7;Viereck;4;1;0	run_3	block_7	Viereck	4	1	0	16410052	0	1	2664	1	0	2500	other	0
Melanie	865	Picture	run_3;block_7;Dreieck;2;1;1	run_3	block_7	Dreieck	2	1	1	16439351	0	1	2664	1	0	2500	hit	529
Melanie	865	Response	1							16442661	3310	0
Melanie	866	Response	3							16560104	117256	0
Melanie	868	Picture	run_3;block_8;Kreis;M;3;0	run_3	block_8	Kreis	M	3	0	16570367	0	1	2663	1	0	2500	other	0
Melanie	870	Picture	run_3;block_8;Kreis;D;3;1	run_3	block_8	Kreis	D	3	1	16599666	0	1	2664	1	0	2500	hit	533
Melanie	870	Response	1							16603492	3825	0
Melanie	872	Picture	run_3;block_8;Stern;A;3;0	run_3	block_8	Stern	A	3	0	16626802	0	1	2664	1	0	2500	other	0
Melanie	874	Picture	run_3;block_8;Stern;T;3;0	run_3	block_8	Stern	T	3	0	16654103	0	1	2664	1	0	2500	other	0
Melanie	876	Picture	run_3;block_8;Viereck;X;3;2	run_3	block_8	Viereck	X	3	2	16691394	0	1	2664	1	0	2500	hit	537
Melanie	876	Response	2							16698573	7180	0
Melanie	878	Picture	run_3;block_8;Kreis;M;3;0	run_3	block_8	Kreis	M	3	0	16705877	0	1	2664	1	0	2500	other	0
Melanie	880	Picture	run_3;block_8;Kreis;T;3;0	run_3	block_8	Kreis	T	3	0	16741170	0	1	2664	1	0	2500	other	0
Melanie	882	Picture	run_3;block_8;Dreieck;E;3;0	run_3	block_8	Dreieck	E	3	0	16764476	0	1	2664	1	0	2500	other	0
Melanie	884	Picture	run_3;block_8;Stern;X;3;0	run_3	block_8	Stern	X	3	0	16789780	0	1	2664	1	0	2500	other	0
Melanie	886	Picture	run_3;block_8;Kreis;A;3;0	run_3	block_8	Kreis	A	3	0	16831066	0	1	2664	1	0	2500	other	0
Melanie	888	Picture	run_3;block_8;Dreieck;A;3;0	run_3	block_8	Dreieck	A	3	0	16864361	0	1	2664	1	0	2500	other	0
Melanie	890	Picture	run_3;block_8;Stern;T;3;0	run_3	block_8	Stern	T	3	0	16889665	0	1	2664	1	0	2500	other	0
Melanie	892	Picture	run_3;block_8;Stern;D;3;1	run_3	block_8	Stern	D	3	1	16916967	0	1	2664	1	0	2500	hit	546
Melanie	892	Response	1							16922062	5095	0
Melanie	894	Picture	run_3;block_8;Stern;A;3;0	run_3	block_8	Stern	A	3	0	16945267	0	1	2664	1	0	2500	other	0
Melanie	896	Picture	run_3;block_8;Stern;E;3;0	run_3	block_8	Stern	E	3	0	16968574	0	1	2664	1	0	2500	other	0
Melanie	898	Picture	run_3;block_8;Stern;X;3;0	run_3	block_8	Stern	X	3	0	16991880	0	1	2664	1	0	2500	other	0
Melanie	900	Picture	run_3;block_8;Stern;E;3;0	run_3	block_8	Stern	E	3	0	17017184	0	1	2664	1	0	2500	other	0
Melanie	902	Picture	run_3;block_8;Viereck;E;3;2	run_3	block_8	Viereck	E	3	2	17042488	0	1	2664	1	0	2500	hit	552
Melanie	902	Response	2							17047467	4979	0
Melanie	904	Picture	run_3;block_8;Stern;M;3;0	run_3	block_8	Stern	M	3	0	17058803	0	1	2664	1	0	2500	other	0
Melanie	906	Picture	run_3;block_8;Viereck;X;3;2	run_3	block_8	Viereck	X	3	2	17088102	0	1	2664	1	0	2500	hit	555
Melanie	906	Response	2							17095273	7171	0
Melanie	908	Picture	run_3;block_8;Stern;M;3;0	run_3	block_8	Stern	M	3	0	17114572	0	1	2664	1	0	2500	other	0
Melanie	910	Picture	run_3;block_8;Kreis;D;3;1	run_3	block_8	Kreis	D	3	1	17147867	0	1	2664	1	0	2500	hit	558
Melanie	910	Response	1							17153276	5409	0
Melanie	912	Picture	run_3;block_8;Stern;E;3;0	run_3	block_8	Stern	E	3	0	17160519	0	1	2664	1	0	2500	other	0
Melanie	914	Picture	run_3;block_8;Kreis;A;3;0	run_3	block_8	Kreis	A	3	0	17189818	0	1	2664	1	0	2500	other	0
Melanie	916	Picture	run_3;block_8;Stern;T;3;0	run_3	block_8	Stern	T	3	0	17217120	0	1	2664	1	0	2500	other	0
Melanie	918	Picture	run_3;block_8;Kreis;X;3;0	run_3	block_8	Kreis	X	3	0	17240426	0	1	2664	1	0	2500	other	0
Melanie	919	Response	3							17289136	30564	0


{
   "app": "Presentation Version 20.1 Build 12.04.17",
   "device": "LENOVO 20BFA0GD00",
   "experiment": "{3EDEE026-D8DC-4466-8CD4-50C9D6AA7BA0}",
   "os": "Windows 10 64 bit",
   "package": "",
   "parameters": {
      "configuration": "Default configuration"
   },
   "scenario": "Praxisprojekt.sce",
   "subject": "Melanie",
   "timestamp": "2018/06/26 13:21:57 GMT"
}
