Scenario - Messung von Wechselkosten zwischen geteilter und selektiver Aufmerksamkeit
Logfile written - 06/26/2018 17:35:08

Subject	Trial	Event Type	Code	runid(str)	blockid(str)	form(str)	character(str)	seperateAttention(num)	target(num)	Time	TTime	Uncertainty	Duration	Uncertainty	ReqTime	ReqDur	Stim Type	Pair Index

ismihan	1	Response	3							412302	411969	0
ismihan	2	Response	3							468169	55714	0
ismihan	3	Response	3							741490	273140	0
ismihan	5	Picture	test;block_1;Stern;M;1;0	test	block_1	Stern	M	1	0	751829	0	1	2670	1	0	2500	other	0
ismihan	8	Picture	test;block_1;Stern;D;1;1	test	block_1	Stern	D	1	1	805388	0	1	2670	1	0	2500	hit	6
ismihan	8	Response	1							809464	4076	0
ismihan	11	Picture	test;block_1;Viereck;X;1;0	test	block_1	Viereck	X	1	0	841094	0	1	2670	1	0	2500	other	0
ismihan	14	Picture	test;block_1;Stern;D;1;1	test	block_1	Stern	D	1	1	896656	0	1	2670	1	0	2500	hit	9
ismihan	14	Response	1							900970	4314	0
ismihan	17	Picture	test;block_1;Stern;M;1;0	test	block_1	Stern	M	1	0	934531	0	1	2669	1	0	2500	other	0
ismihan	20	Picture	test;block_1;Stern;D;1;1	test	block_1	Stern	D	1	1	980081	0	1	2670	1	0	2500	hit	12
ismihan	20	Response	1							985106	5025	0
ismihan	23	Picture	test;block_1;Viereck;E;1;0	test	block_1	Viereck	E	1	0	1022628	0	1	2670	1	0	2500	other	0
ismihan	26	Picture	test;block_1;Kreis;E;1;0	test	block_1	Kreis	E	1	0	1068178	0	1	2670	1	0	2500	other	0
ismihan	29	Picture	test;block_1;Stern;D;1;1	test	block_1	Stern	D	1	1	1129746	0	1	2670	1	0	2500	hit	16
ismihan	29	Response	1							1134220	4474	0
ismihan	32	Picture	test;block_1;Stern;T;1;0	test	block_1	Stern	T	1	0	1171793	0	1	2670	1	0	2500	other	0
ismihan	34	Response	3							1300804	90636	0
ismihan	36	Picture	test;block_2;Kreis;4;3;0	test	block_2	Kreis	4	3	0	1311113	0	1	2670	1	0	2500	other	0
ismihan	39	Picture	test;block_2;Kreis;7;3;0	test	block_2	Kreis	7	3	0	1362670	0	1	2670	1	0	2500	other	0
ismihan	42	Picture	test;block_2;Dreieck;2;3;1	test	block_2	Dreieck	2	3	1	1420233	0	1	2670	1	0	2500	hit	22
ismihan	42	Response	1							1426951	6717	0
ismihan	45	Picture	test;block_2;Dreieck;7;3;0	test	block_2	Dreieck	7	3	0	1462447	0	1	2670	1	0	2500	other	0
ismihan	48	Picture	test;block_2;Stern;6;3;0	test	block_2	Stern	6	3	0	1512001	0	1	2670	1	0	2500	other	0
ismihan	51	Picture	test;block_2;Kreis;2;3;1	test	block_2	Kreis	2	3	1	1555549	0	1	2670	1	0	2500	hit	26
ismihan	51	Response	1							1560791	5242	0
ismihan	54	Picture	test;block_2;Dreieck;3;3;0	test	block_2	Dreieck	3	3	0	1592257	0	1	2670	1	0	2500	other	0
ismihan	57	Picture	test;block_2;Viereck;7;3;2	test	block_2	Viereck	7	3	2	1641811	0	1	2670	1	0	2500	hit	29
ismihan	57	Response	2							1646124	4312	0
ismihan	60	Picture	test;block_2;Kreis;9;3;0	test	block_2	Kreis	9	3	0	1689697	0	1	2670	1	0	2500	other	0
ismihan	63	Picture	test;block_2;Viereck;7;3;2	test	block_2	Viereck	7	3	2	1751265	0	1	2670	1	0	2500	incorrect	32
ismihan	63	Response	1							1756479	5214	0
ismihan	66	Response	3							2133528	56570	0
ismihan	67	Response	3							2213097	79410	0
ismihan	69	Picture	run_1;block_1;Dreieck;M;2;0	run_1	block_1	Dreieck	M	2	0	2223453	0	1	2670	1	0	2500	other	0
ismihan	71	Picture	run_1;block_1;Dreieck;T;2;0	run_1	block_1	Dreieck	T	2	0	2246812	0	1	2670	1	0	2500	other	0
ismihan	73	Picture	run_1;block_1;Viereck;A;2;0	run_1	block_1	Viereck	A	2	0	2274176	0	1	2670	1	0	2500	other	0
ismihan	75	Picture	run_1;block_1;Kreis;E;2;2	run_1	block_1	Kreis	E	2	2	2299537	0	1	2670	1	0	2500	hit	39
ismihan	75	Response	2							2303224	3687	0
ismihan	77	Picture	run_1;block_1;Stern;M;2;0	run_1	block_1	Stern	M	2	0	2310549	0	1	2670	1	0	2500	other	0
ismihan	79	Picture	run_1;block_1;Viereck;T;2;0	run_1	block_1	Viereck	T	2	0	2337913	0	1	2670	1	0	2500	other	0
ismihan	81	Picture	run_1;block_1;Stern;X;2;0	run_1	block_1	Stern	X	2	0	2379292	0	1	2670	1	0	2500	other	0
ismihan	83	Picture	run_1;block_1;Stern;T;2;0	run_1	block_1	Stern	T	2	0	2402651	0	1	2670	1	0	2500	other	0
ismihan	85	Picture	run_1;block_1;Viereck;T;2;0	run_1	block_1	Viereck	T	2	0	2436021	0	1	2670	1	0	2500	other	0
ismihan	87	Picture	run_1;block_1;Stern;T;2;0	run_1	block_1	Stern	T	2	0	2463384	0	1	2670	1	0	2500	other	0
ismihan	89	Picture	run_1;block_1;Kreis;E;2;2	run_1	block_1	Kreis	E	2	2	2500759	0	1	2670	1	0	2500	hit	47
ismihan	89	Response	2							2503668	2909	0
ismihan	91	Picture	run_1;block_1;Dreieck;D;2;0	run_1	block_1	Dreieck	D	2	0	2512939	0	1	2670	1	0	2500	other	0
ismihan	93	Picture	run_1;block_1;Stern;T;2;0	run_1	block_1	Stern	T	2	0	2546309	0	1	2670	1	0	2500	other	0
ismihan	95	Picture	run_1;block_1;Kreis;T;2;2	run_1	block_1	Kreis	T	2	2	2585686	0	1	2670	1	0	2500	hit	51
ismihan	95	Response	2							2590580	4894	0
ismihan	97	Picture	run_1;block_1;Dreieck;M;2;0	run_1	block_1	Dreieck	M	2	0	2595864	0	1	2670	1	0	2500	other	0
ismihan	99	Picture	run_1;block_1;Stern;X;2;0	run_1	block_1	Stern	X	2	0	2627232	0	1	2670	1	0	2500	other	0
ismihan	101	Picture	run_1;block_1;Stern;E;2;0	run_1	block_1	Stern	E	2	0	2654595	0	1	2670	1	0	2500	other	0
ismihan	103	Picture	run_1;block_1;Viereck;M;2;0	run_1	block_1	Viereck	M	2	0	2695974	0	1	2670	1	0	2500	other	0
ismihan	105	Picture	run_1;block_1;Viereck;A;2;0	run_1	block_1	Viereck	A	2	0	2729344	0	1	2670	1	0	2500	other	0
ismihan	107	Picture	run_1;block_1;Stern;A;2;0	run_1	block_1	Stern	A	2	0	2760712	0	1	2670	1	0	2500	other	0
ismihan	109	Picture	run_1;block_1;Dreieck;X;2;0	run_1	block_1	Dreieck	X	2	0	2788076	0	1	2670	1	0	2500	other	0
ismihan	111	Picture	run_1;block_1;Kreis;D;2;2	run_1	block_1	Kreis	D	2	2	2813437	0	1	2670	1	0	2500	hit	60
ismihan	111	Response	2							2817896	4459	0
ismihan	113	Picture	run_1;block_1;Dreieck;T;2;0	run_1	block_1	Dreieck	T	2	0	2823115	0	1	2670	1	0	2500	other	0
ismihan	115	Picture	run_1;block_1;Kreis;A;2;2	run_1	block_1	Kreis	A	2	2	2854483	0	1	2670	1	0	2500	hit	63
ismihan	115	Response	2							2858651	4168	0
ismihan	117	Picture	run_1;block_1;Viereck;E;2;0	run_1	block_1	Viereck	E	2	0	2874004	0	1	2670	1	0	2500	other	0
ismihan	119	Picture	run_1;block_1;Kreis;E;2;2	run_1	block_1	Kreis	E	2	2	2909376	0	1	2670	1	0	2500	hit	66
ismihan	119	Response	2							2913656	4280	0
ismihan	120	Response	3							2969654	55773	0
ismihan	122	Picture	run_1;block_2;Viereck;7;1;0	run_1	block_2	Viereck	7	1	0	2979954	0	1	2670	1	0	2500	other	0
ismihan	124	Picture	run_1;block_2;Kreis;3;1;1	run_1	block_2	Kreis	3	1	1	3019331	0	1	2670	1	0	2500	hit	70
ismihan	124	Response	1							3024622	5291	0
ismihan	126	Picture	run_1;block_2;Dreieck;7;1;0	run_1	block_2	Dreieck	7	1	0	3043858	0	1	2670	1	0	2500	other	0
ismihan	128	Picture	run_1;block_2;Kreis;7;1;0	run_1	block_2	Kreis	7	1	0	3075226	0	1	2670	1	0	2500	other	0
ismihan	130	Picture	run_1;block_2;Kreis;9;1;0	run_1	block_2	Kreis	9	1	0	3116605	0	1	2670	1	0	2500	other	0
ismihan	132	Picture	run_1;block_2;Viereck;4;1;0	run_1	block_2	Viereck	4	1	0	3155982	0	1	2670	1	0	2500	other	0
ismihan	134	Picture	run_1;block_2;Stern;9;1;0	run_1	block_2	Stern	9	1	0	3181343	0	1	2670	1	0	2500	other	0
ismihan	136	Picture	run_1;block_2;Viereck;4;1;0	run_1	block_2	Viereck	4	1	0	3204702	0	1	2670	1	0	2500	other	0
ismihan	138	Picture	run_1;block_2;Dreieck;3;1;1	run_1	block_2	Dreieck	3	1	1	3232066	0	1	2670	1	0	2500	hit	78
ismihan	138	Response	1							3235496	3430	0
ismihan	140	Picture	run_1;block_2;Kreis;7;1;0	run_1	block_2	Kreis	7	1	0	3258762	0	1	2670	1	0	2500	other	0
ismihan	142	Picture	run_1;block_2;Stern;6;1;0	run_1	block_2	Stern	6	1	0	3294134	0	1	2670	1	0	2500	other	0
ismihan	144	Picture	run_1;block_2;Stern;7;1;0	run_1	block_2	Stern	7	1	0	3333511	0	1	2670	1	0	2500	other	0
ismihan	146	Picture	run_1;block_2;Kreis;6;1;0	run_1	block_2	Kreis	6	1	0	3366881	0	1	2670	1	0	2500	other	0
ismihan	148	Picture	run_1;block_2;Dreieck;9;1;0	run_1	block_2	Dreieck	9	1	0	3402254	0	1	2670	1	0	2500	other	0
ismihan	150	Picture	run_1;block_2;Stern;4;1;0	run_1	block_2	Stern	4	1	0	3435624	0	1	2670	1	0	2500	other	0
ismihan	152	Picture	run_1;block_2;Dreieck;6;1;0	run_1	block_2	Dreieck	6	1	0	3460985	0	1	2670	1	0	2500	other	0
ismihan	154	Picture	run_1;block_2;Viereck;3;1;1	run_1	block_2	Viereck	3	1	1	3488349	0	1	2670	1	0	2500	hit	87
ismihan	154	Response	1							3492419	4071	0
ismihan	156	Picture	run_1;block_2;Viereck;2;1;0	run_1	block_2	Viereck	2	1	0	3505701	0	1	2670	1	0	2500	other	0
ismihan	158	Picture	run_1;block_2;Viereck;7;1;0	run_1	block_2	Viereck	7	1	0	3529060	0	1	2670	1	0	2500	other	0
ismihan	160	Picture	run_1;block_2;Stern;4;1;0	run_1	block_2	Stern	4	1	0	3552419	0	1	2670	1	0	2500	other	0
ismihan	162	Picture	run_1;block_2;Dreieck;3;1;1	run_1	block_2	Dreieck	3	1	1	3585789	0	1	2670	1	0	2500	hit	92
ismihan	162	Response	1							3589388	3599	0
ismihan	164	Picture	run_1;block_2;Kreis;7;1;0	run_1	block_2	Kreis	7	1	0	3596635	0	1	2670	1	0	2500	other	0
ismihan	166	Picture	run_1;block_2;Dreieck;6;1;0	run_1	block_2	Dreieck	6	1	0	3623998	0	1	2670	1	0	2500	other	0
ismihan	168	Picture	run_1;block_2;Viereck;3;1;1	run_1	block_2	Viereck	3	1	1	3651362	0	1	2670	1	0	2500	hit	96
ismihan	168	Response	1							3654650	3288	0
ismihan	170	Picture	run_1;block_2;Viereck;7;1;0	run_1	block_2	Viereck	7	1	0	3667880	0	1	2670	1	0	2500	other	0
ismihan	172	Picture	run_1;block_2;Dreieck;3;1;1	run_1	block_2	Dreieck	3	1	1	3703252	0	1	2670	1	0	2500	hit	99
ismihan	172	Response	1							3706437	3184	0
ismihan	173	Response	3							3801925	95336	0
ismihan	175	Picture	run_1;block_3;Stern;T;1;0	run_1	block_3	Stern	T	1	0	3812206	0	1	2670	1	0	2500	other	0
ismihan	177	Picture	run_1;block_3;Dreieck;T;1;0	run_1	block_3	Dreieck	T	1	0	3837567	0	1	2670	1	0	2500	other	0
ismihan	179	Picture	run_1;block_3;Dreieck;D;1;0	run_1	block_3	Dreieck	D	1	0	3876944	0	1	2670	1	0	2500	other	0
ismihan	181	Picture	run_1;block_3;Dreieck;A;1;0	run_1	block_3	Dreieck	A	1	0	3900303	0	1	2670	1	0	2500	other	0
ismihan	183	Picture	run_1;block_3;Viereck;D;1;0	run_1	block_3	Viereck	D	1	0	3941682	0	1	2670	1	0	2500	other	0
ismihan	185	Picture	run_1;block_3;Viereck;M;1;1	run_1	block_3	Viereck	M	1	1	3979057	0	1	2670	1	0	2500	hit	107
ismihan	185	Response	1							3982313	3257	0
ismihan	187	Picture	run_1;block_3;Viereck;A;1;0	run_1	block_3	Viereck	A	1	0	3999579	0	1	2670	1	0	2500	other	0
ismihan	189	Picture	run_1;block_3;Dreieck;M;1;1	run_1	block_3	Dreieck	M	1	1	4034952	0	1	2670	1	0	2500	hit	110
ismihan	189	Response	1							4038197	3246	0
ismihan	191	Picture	run_1;block_3;Dreieck;T;1;0	run_1	block_3	Dreieck	T	1	0	4043461	0	1	2670	1	0	2500	other	0
ismihan	193	Picture	run_1;block_3;Viereck;M;1;1	run_1	block_3	Viereck	M	1	1	4066820	0	1	2670	1	0	2500	hit	113
ismihan	193	Response	1							4070781	3961	0
ismihan	195	Picture	run_1;block_3;Dreieck;A;1;0	run_1	block_3	Dreieck	A	1	0	4094184	0	1	2670	1	0	2500	other	0
ismihan	197	Picture	run_1;block_3;Dreieck;X;1;0	run_1	block_3	Dreieck	X	1	0	4135563	0	1	2670	1	0	2500	other	0
ismihan	199	Picture	run_1;block_3;Stern;T;1;0	run_1	block_3	Stern	T	1	0	4174939	0	1	2670	1	0	2500	other	0
ismihan	201	Picture	run_1;block_3;Kreis;E;1;0	run_1	block_3	Kreis	E	1	0	4212314	0	1	2670	1	0	2500	other	0
ismihan	203	Picture	run_1;block_3;Dreieck;M;1;1	run_1	block_3	Dreieck	M	1	1	4245684	0	1	2670	1	0	2500	hit	119
ismihan	203	Response	1							4253127	7443	0
ismihan	205	Picture	run_1;block_3;Viereck;X;1;0	run_1	block_3	Viereck	X	1	0	4272380	0	1	2670	1	0	2500	other	0
ismihan	207	Picture	run_1;block_3;Dreieck;E;1;0	run_1	block_3	Dreieck	E	1	0	4297742	0	1	2670	1	0	2500	other	0
ismihan	209	Picture	run_1;block_3;Viereck;D;1;0	run_1	block_3	Viereck	D	1	0	4323103	0	1	2670	1	0	2500	other	0
ismihan	211	Picture	run_1;block_3;Kreis;E;1;0	run_1	block_3	Kreis	E	1	0	4356473	0	1	2670	1	0	2500	other	0
ismihan	213	Picture	run_1;block_3;Viereck;A;1;0	run_1	block_3	Viereck	A	1	0	4397852	0	1	2670	1	0	2500	other	0
ismihan	215	Picture	run_1;block_3;Kreis;M;1;1	run_1	block_3	Kreis	M	1	1	4431222	0	1	2670	1	0	2500	hit	126
ismihan	215	Response	1							4435471	4249	0
ismihan	217	Picture	run_1;block_3;Dreieck;D;1;0	run_1	block_3	Dreieck	D	1	0	4458753	0	1	2670	1	0	2500	other	0
ismihan	219	Picture	run_1;block_3;Stern;D;1;0	run_1	block_3	Stern	D	1	0	4492123	0	1	2670	1	0	2500	other	0
ismihan	221	Picture	run_1;block_3;Stern;T;1;0	run_1	block_3	Stern	T	1	0	4517484	0	1	2670	1	0	2500	other	0
ismihan	223	Picture	run_1;block_3;Stern;M;1;1	run_1	block_3	Stern	M	1	1	4558863	0	1	2670	1	0	2500	hit	131
ismihan	223	Response	1							4562719	3856	0
ismihan	225	Picture	run_1;block_3;Dreieck;A;1;0	run_1	block_3	Dreieck	A	1	0	4578051	0	1	2670	1	0	2500	other	0
ismihan	226	Response	3							4641343	45105	0
ismihan	228	Picture	run_1;block_4;Viereck;9;2;0	run_1	block_4	Viereck	9	2	0	4651632	0	1	2670	1	0	2500	other	0
ismihan	230	Picture	run_1;block_4;Viereck;7;2;0	run_1	block_4	Viereck	7	2	0	4687004	0	1	2670	1	0	2500	other	0
ismihan	232	Picture	run_1;block_4;Viereck;2;2;0	run_1	block_4	Viereck	2	2	0	4728383	0	1	2670	1	0	2500	other	0
ismihan	234	Picture	run_1;block_4;Dreieck;3;2;2	run_1	block_4	Dreieck	3	2	2	4767760	0	1	2670	1	0	2500	hit	138
ismihan	234	Response	2							4771248	3488	0
ismihan	236	Picture	run_1;block_4;Stern;9;2;0	run_1	block_4	Stern	9	2	0	4778605	0	1	2670	1	0	2500	other	0
ismihan	238	Picture	run_1;block_4;Kreis;2;2;0	run_1	block_4	Kreis	2	2	0	4817982	0	1	2670	1	0	2500	other	0
ismihan	240	Picture	run_1;block_4;Viereck;4;2;0	run_1	block_4	Viereck	4	2	0	4847348	0	1	2670	1	0	2500	other	0
ismihan	242	Picture	run_1;block_4;Kreis;7;2;0	run_1	block_4	Kreis	7	2	0	4872709	0	1	2670	1	0	2500	other	0
ismihan	244	Picture	run_1;block_4;Viereck;4;2;0	run_1	block_4	Viereck	4	2	0	4906079	0	1	2670	1	0	2500	other	0
ismihan	246	Picture	run_1;block_4;Dreieck;7;2;2	run_1	block_4	Dreieck	7	2	2	4929439	0	1	2670	1	0	2500	hit	145
ismihan	246	Response	2							4932450	3012	0
ismihan	248	Picture	run_1;block_4;Stern;6;2;0	run_1	block_4	Stern	6	2	0	4945790	0	1	2670	1	0	2500	other	0
ismihan	250	Picture	run_1;block_4;Viereck;4;2;0	run_1	block_4	Viereck	4	2	0	4973153	0	1	2670	1	0	2500	other	0
ismihan	252	Picture	run_1;block_4;Dreieck;7;2;2	run_1	block_4	Dreieck	7	2	2	4998515	0	1	2670	1	0	2500	hit	149
ismihan	252	Response	2							5002053	3538	0
ismihan	254	Picture	run_1;block_4;Stern;9;2;0	run_1	block_4	Stern	9	2	0	5015367	0	1	2670	1	0	2500	other	0
ismihan	256	Picture	run_1;block_4;Dreieck;6;2;2	run_1	block_4	Dreieck	6	2	2	5054744	0	1	2670	1	0	2500	hit	152
ismihan	256	Response	2							5059289	4545	0
ismihan	258	Picture	run_1;block_4;Stern;2;2;0	run_1	block_4	Stern	2	2	0	5082608	0	1	2670	1	0	2500	other	0
ismihan	260	Picture	run_1;block_4;Stern;3;2;0	run_1	block_4	Stern	3	2	0	5111973	0	1	2670	1	0	2500	other	0
ismihan	262	Picture	run_1;block_4;Kreis;6;2;0	run_1	block_4	Kreis	6	2	0	5141339	0	1	2670	1	0	2500	other	0
ismihan	264	Picture	run_1;block_4;Stern;4;2;0	run_1	block_4	Stern	4	2	0	5168703	0	1	2670	1	0	2500	other	0
ismihan	266	Picture	run_1;block_4;Viereck;2;2;0	run_1	block_4	Viereck	2	2	0	5198068	0	1	2670	1	0	2500	other	0
ismihan	268	Picture	run_1;block_4;Kreis;2;2;0	run_1	block_4	Kreis	2	2	0	5225432	0	1	2670	1	0	2500	other	0
ismihan	270	Picture	run_1;block_4;Viereck;9;2;0	run_1	block_4	Viereck	9	2	0	5258802	0	1	2670	1	0	2500	other	0
ismihan	272	Picture	run_1;block_4;Kreis;9;2;0	run_1	block_4	Kreis	9	2	0	5290170	0	1	2670	1	0	2500	other	0
ismihan	274	Picture	run_1;block_4;Dreieck;4;2;2	run_1	block_4	Dreieck	4	2	2	5325542	0	1	2670	1	0	2500	hit	162
ismihan	274	Response	2							5329272	3730	0
ismihan	276	Picture	run_1;block_4;Kreis;9;2;0	run_1	block_4	Kreis	9	2	0	5344563	0	1	2670	1	0	2500	other	0
ismihan	278	Picture	run_1;block_4;Dreieck;4;2;2	run_1	block_4	Dreieck	4	2	2	5375931	0	1	2670	1	0	2500	hit	165
ismihan	278	Response	2							5380193	4262	0
ismihan	280	Response	3							6665111	84684	0
ismihan	281	Response	3							6760657	95303	0
ismihan	283	Picture	run_2;block_1;Kreis;E;3;0	run_2	block_1	Kreis	E	3	0	6770970	0	1	2670	1	0	2500	other	0
ismihan	285	Picture	run_2;block_1;Viereck;E;3;0	run_2	block_1	Viereck	E	3	0	6802338	0	1	2670	1	0	2500	other	0
ismihan	287	Picture	run_2;block_1;Kreis;A;3;0	run_2	block_1	Kreis	A	3	0	6839713	0	1	2670	1	0	2500	other	0
ismihan	289	Picture	run_2;block_1;Dreieck;D;3;0	run_2	block_1	Dreieck	D	3	0	6869079	0	1	2670	1	0	2500	other	0
ismihan	291	Picture	run_2;block_1;Viereck;D;3;0	run_2	block_1	Viereck	D	3	0	6910458	0	1	2670	1	0	2500	other	0
ismihan	293	Picture	run_2;block_1;Viereck;M;3;0	run_2	block_1	Viereck	M	3	0	6939823	0	1	2670	1	0	2500	other	0
ismihan	295	Picture	run_2;block_1;Dreieck;M;3;0	run_2	block_1	Dreieck	M	3	0	6979200	0	1	2670	1	0	2500	other	0
ismihan	297	Picture	run_2;block_1;Kreis;A;3;0	run_2	block_1	Kreis	A	3	0	7008566	0	1	2670	1	0	2500	other	0
ismihan	299	Picture	run_2;block_1;Stern;A;3;2	run_2	block_1	Stern	A	3	2	7047943	0	1	2670	1	0	2500	hit	177
ismihan	299	Response	2							7056389	8446	0
ismihan	301	Picture	run_2;block_1;Kreis;E;3;0	run_2	block_1	Kreis	E	3	0	7079644	0	1	2670	1	0	2500	other	0
ismihan	303	Picture	run_2;block_1;Kreis;D;3;0	run_2	block_1	Kreis	D	3	0	7121023	0	1	2670	1	0	2500	other	0
ismihan	305	Picture	run_2;block_1;Viereck;X;3;1	run_2	block_1	Viereck	X	3	1	7158398	0	1	2670	1	0	2500	hit	181
ismihan	305	Response	1							7165492	7095	0
ismihan	307	Picture	run_2;block_1;Viereck;A;3;0	run_2	block_1	Viereck	A	3	0	7174749	0	1	2670	1	0	2500	other	0
ismihan	309	Picture	run_2;block_1;Dreieck;D;3;0	run_2	block_1	Dreieck	D	3	0	7210122	0	1	2670	1	0	2500	other	0
ismihan	311	Picture	run_2;block_1;Viereck;X;3;1	run_2	block_1	Viereck	X	3	1	7251501	0	1	2670	1	0	2500	hit	185
ismihan	311	Response	1							7257727	6227	0
ismihan	313	Picture	run_2;block_1;Kreis;E;3;0	run_2	block_1	Kreis	E	3	0	7275027	0	1	2670	1	0	2500	other	0
ismihan	315	Picture	run_2;block_1;Dreieck;M;3;0	run_2	block_1	Dreieck	M	3	0	7300388	0	1	2670	1	0	2500	other	0
ismihan	317	Picture	run_2;block_1;Stern;D;3;2	run_2	block_1	Stern	D	3	2	7329754	0	1	2670	1	0	2500	hit	189
ismihan	317	Response	2							7334631	4877	0
ismihan	319	Picture	run_2;block_1;Kreis;D;3;0	run_2	block_1	Kreis	D	3	0	7357951	0	1	2670	1	0	2500	other	0
ismihan	321	Picture	run_2;block_1;Stern;A;3;2	run_2	block_1	Stern	A	3	2	7387317	0	1	2670	1	0	2500	hit	192
ismihan	321	Response	2							7392963	5646	0
ismihan	323	Picture	run_2;block_1;Viereck;A;3;0	run_2	block_1	Viereck	A	3	0	7412345	0	1	2670	1	0	2500	other	0
ismihan	325	Picture	run_2;block_1;Kreis;A;3;0	run_2	block_1	Kreis	A	3	0	7445715	0	1	2670	1	0	2500	other	0
ismihan	327	Picture	run_2;block_1;Dreieck;X;3;1	run_2	block_1	Dreieck	X	3	1	7469074	0	1	2670	1	0	2500	incorrect	196
ismihan	327	Response	2							7474499	5425	0
ismihan	328	Response	1							7478839	4259	0
ismihan	329	Picture	run_2;block_1;Kreis;T;3;0	run_2	block_1	Kreis	T	3	0	7487761	0	1	2670	1	0	2500	other	0
ismihan	331	Picture	run_2;block_1;Dreieck;M;3;0	run_2	block_1	Dreieck	M	3	0	7517127	0	1	2670	1	0	2500	other	0
ismihan	333	Picture	run_2;block_1;Kreis;D;3;0	run_2	block_1	Kreis	D	3	0	7540486	0	1	2670	1	0	2500	other	0
ismihan	334	Response	3							7656261	97588	0
ismihan	336	Picture	run_2;block_2;Stern;9;3;0	run_2	block_2	Stern	9	3	0	7666625	0	1	2670	1	0	2500	other	0
ismihan	338	Picture	run_2;block_2;Dreieck;4;3;1	run_2	block_2	Dreieck	4	3	1	7691987	0	1	2670	1	0	2500	hit	204
ismihan	338	Response	1							7699691	7704	0
ismihan	340	Picture	run_2;block_2;Dreieck;9;3;0	run_2	block_2	Dreieck	9	3	0	7709005	0	1	2670	1	0	2500	other	0
ismihan	342	Picture	run_2;block_2;Dreieck;2;3;0	run_2	block_2	Dreieck	2	3	0	7740373	0	1	2670	1	0	2500	other	0
ismihan	344	Picture	run_2;block_2;Viereck;2;3;2	run_2	block_2	Viereck	2	3	2	7767737	0	1	2670	1	0	2500	hit	208
ismihan	344	Response	2							7773409	5672	0
ismihan	346	Picture	run_2;block_2;Stern;6;3;0	run_2	block_2	Stern	6	3	0	7796769	0	1	2670	1	0	2500	other	0
ismihan	348	Picture	run_2;block_2;Dreieck;9;3;0	run_2	block_2	Dreieck	9	3	0	7836146	0	1	2670	1	0	2500	other	0
ismihan	350	Picture	run_2;block_2;Viereck;9;3;2	run_2	block_2	Viereck	9	3	2	7861507	0	1	2670	1	0	2500	hit	212
ismihan	350	Response	2							7871761	10254	0
ismihan	352	Picture	run_2;block_2;Kreis;3;3;0	run_2	block_2	Kreis	3	3	0	7895044	0	1	2670	1	0	2500	other	0
ismihan	354	Picture	run_2;block_2;Dreieck;2;3;0	run_2	block_2	Dreieck	2	3	0	7928414	0	1	2670	1	0	2500	other	0
ismihan	356	Picture	run_2;block_2;Dreieck;3;3;0	run_2	block_2	Dreieck	3	3	0	7961784	0	1	2670	1	0	2500	other	0
ismihan	358	Picture	run_2;block_2;Dreieck;4;3;1	run_2	block_2	Dreieck	4	3	1	7985143	0	1	2670	1	0	2500	incorrect	217
ismihan	358	Response	2							7991851	6707	0
ismihan	359	Response	1							7993092	1107	0
ismihan	360	Picture	run_2;block_2;Kreis;2;3;0	run_2	block_2	Kreis	2	3	0	8009170	0	1	2670	1	0	2500	other	0
ismihan	362	Picture	run_2;block_2;Stern;6;3;0	run_2	block_2	Stern	6	3	0	8032529	0	1	2670	1	0	2500	other	0
ismihan	364	Picture	run_2;block_2;Viereck;2;3;2	run_2	block_2	Viereck	2	3	2	8069904	0	1	2670	1	0	2500	hit	222
ismihan	364	Response	2							8077660	7756	0
ismihan	366	Picture	run_2;block_2;Stern;6;3;0	run_2	block_2	Stern	6	3	0	8098936	0	1	2670	1	0	2500	other	0
ismihan	368	Picture	run_2;block_2;Stern;3;3;0	run_2	block_2	Stern	3	3	0	8136310	0	1	2670	1	0	2500	other	0
ismihan	370	Picture	run_2;block_2;Kreis;3;3;0	run_2	block_2	Kreis	3	3	0	8161672	0	1	2670	1	0	2500	other	0
ismihan	372	Picture	run_2;block_2;Stern;6;3;0	run_2	block_2	Stern	6	3	0	8195042	0	1	2670	1	0	2500	other	0
ismihan	374	Picture	run_2;block_2;Kreis;4;3;1	run_2	block_2	Kreis	4	3	1	8236421	0	1	2670	1	0	2500	hit	228
ismihan	374	Response	1							8241115	4694	0
ismihan	376	Picture	run_2;block_2;Kreis;7;3;0	run_2	block_2	Kreis	7	3	0	8262449	0	1	2670	1	0	2500	other	0
ismihan	378	Picture	run_2;block_2;Kreis;6;3;0	run_2	block_2	Kreis	6	3	0	8289813	0	1	2670	1	0	2500	other	0
ismihan	380	Picture	run_2;block_2;Stern;9;3;0	run_2	block_2	Stern	9	3	0	8317176	0	1	2670	1	0	2500	other	0
ismihan	382	Picture	run_2;block_2;Stern;6;3;0	run_2	block_2	Stern	6	3	0	8348544	0	1	2670	1	0	2500	other	0
ismihan	384	Picture	run_2;block_2;Kreis;3;3;0	run_2	block_2	Kreis	3	3	0	8373906	0	1	2670	1	0	2500	other	0
ismihan	386	Picture	run_2;block_2;Dreieck;2;3;0	run_2	block_2	Dreieck	2	3	0	8413282	0	1	2670	1	0	2500	other	0
ismihan	387	Response	3							8501265	69796	0
ismihan	389	Picture	run_2;block_3;Dreieck;X;3;0	run_2	block_3	Dreieck	X	3	0	8511558	0	1	2670	1	0	2500	other	0
ismihan	391	Picture	run_2;block_3;Dreieck;A;3;1	run_2	block_3	Dreieck	A	3	1	8550934	0	1	2670	1	0	2500	hit	238
ismihan	391	Response	1							8559232	8298	0
ismihan	393	Picture	run_2;block_3;Stern;E;3;0	run_2	block_3	Stern	E	3	0	8582469	0	1	2670	1	0	2500	other	0
ismihan	395	Picture	run_2;block_3;Viereck;D;3;0	run_2	block_3	Viereck	D	3	0	8607830	0	1	2670	1	0	2500	other	0
ismihan	397	Picture	run_2;block_3;Stern;X;3;0	run_2	block_3	Stern	X	3	0	8641201	0	1	2670	1	0	2500	other	0
ismihan	399	Picture	run_2;block_3;Viereck;E;3;0	run_2	block_3	Viereck	E	3	0	8672569	0	1	2670	1	0	2500	other	0
ismihan	401	Picture	run_2;block_3;Stern;M;3;0	run_2	block_3	Stern	M	3	0	8707941	0	1	2670	1	0	2500	other	0
ismihan	403	Picture	run_2;block_3;Dreieck;A;3;1	run_2	block_3	Dreieck	A	3	1	8733302	0	1	2670	1	0	2500	hit	245
ismihan	403	Response	1							8739200	5898	0
ismihan	405	Picture	run_2;block_3;Stern;X;3;0	run_2	block_3	Stern	X	3	0	8758497	0	1	2670	1	0	2500	other	0
ismihan	407	Picture	run_2;block_3;Kreis;D;3;2	run_2	block_3	Kreis	D	3	2	8781856	0	1	2670	1	0	2500	hit	248
ismihan	407	Response	2							8785566	3710	0
ismihan	409	Picture	run_2;block_3;Viereck;X;3;0	run_2	block_3	Viereck	X	3	0	8790866	0	1	2670	1	0	2500	other	0
ismihan	411	Picture	run_2;block_3;Stern;X;3;0	run_2	block_3	Stern	X	3	0	8826238	0	1	2670	1	0	2500	other	0
ismihan	413	Picture	run_2;block_3;Dreieck;M;3;0	run_2	block_3	Dreieck	M	3	0	8859608	0	1	2670	1	0	2500	other	0
ismihan	415	Picture	run_2;block_3;Kreis;D;3;2	run_2	block_3	Kreis	D	3	2	8890976	0	1	2670	1	0	2500	hit	253
ismihan	415	Response	2							8898356	7380	0
ismihan	417	Picture	run_2;block_3;Stern;X;3;0	run_2	block_3	Stern	X	3	0	8907661	0	1	2670	1	0	2500	other	0
ismihan	419	Picture	run_2;block_3;Dreieck;D;3;0	run_2	block_3	Dreieck	D	3	0	8933023	0	1	2670	1	0	2500	other	0
ismihan	421	Picture	run_2;block_3;Dreieck;X;3;0	run_2	block_3	Dreieck	X	3	0	8972399	0	1	2670	1	0	2500	other	0
ismihan	423	Picture	run_2;block_3;Dreieck;A;3;1	run_2	block_3	Dreieck	A	3	1	9005770	0	1	2670	1	0	2500	hit	258
ismihan	423	Response	1							9012742	6973	0
ismihan	425	Picture	run_2;block_3;Viereck;X;3;0	run_2	block_3	Viereck	X	3	0	9036136	0	1	2670	1	0	2500	other	0
ismihan	427	Picture	run_2;block_3;Dreieck;M;3;0	run_2	block_3	Dreieck	M	3	0	9077515	0	1	2670	1	0	2500	other	0
ismihan	429	Picture	run_2;block_3;Stern;M;3;0	run_2	block_3	Stern	M	3	0	9108883	0	1	2670	1	0	2500	other	0
ismihan	431	Picture	run_2;block_3;Kreis;D;3;2	run_2	block_3	Kreis	D	3	2	9138249	0	1	2670	1	0	2500	hit	263
ismihan	431	Response	2							9145093	6844	0
ismihan	433	Picture	run_2;block_3;Dreieck;X;3;0	run_2	block_3	Dreieck	X	3	0	9162442	0	1	2670	1	0	2500	other	0
ismihan	435	Picture	run_2;block_3;Stern;M;3;0	run_2	block_3	Stern	M	3	0	9197815	0	1	2670	1	0	2500	other	0
ismihan	437	Picture	run_2;block_3;Viereck;M;3;0	run_2	block_3	Viereck	M	3	0	9221174	0	1	2670	1	0	2500	other	0
ismihan	439	Picture	run_2;block_3;Dreieck;D;3;0	run_2	block_3	Dreieck	D	3	0	9260551	0	1	2670	1	0	2500	other	0
ismihan	440	Response	3							9350019	71281	0
ismihan	442	Picture	run_2;block_4;Viereck;9;3;0	run_2	block_4	Viereck	9	3	0	9360327	0	1	2670	1	0	2500	other	0
ismihan	444	Picture	run_2;block_4;Viereck;4;3;0	run_2	block_4	Viereck	4	3	0	9393698	0	1	2670	1	0	2500	other	0
ismihan	446	Picture	run_2;block_4;Viereck;7;3;0	run_2	block_4	Viereck	7	3	0	9433074	0	1	2670	1	0	2500	other	0
ismihan	448	Picture	run_2;block_4;Stern;4;3;0	run_2	block_4	Stern	4	3	0	9462440	0	1	2670	1	0	2500	other	0
ismihan	450	Picture	run_2;block_4;Dreieck;3;3;2	run_2	block_4	Dreieck	3	3	2	9501817	0	1	2670	1	0	2500	hit	274
ismihan	450	Response	2							9505977	4160	0
ismihan	452	Picture	run_2;block_4;Kreis;2;3;0	run_2	block_4	Kreis	2	3	0	9521338	0	1	2670	1	0	2500	other	0
ismihan	454	Picture	run_2;block_4;Viereck;3;3;0	run_2	block_4	Viereck	3	3	0	9548702	0	1	2670	1	0	2500	other	0
ismihan	456	Picture	run_2;block_4;Viereck;2;3;0	run_2	block_4	Viereck	2	3	0	9576065	0	1	2670	1	0	2500	other	0
ismihan	458	Picture	run_2;block_4;Kreis;3;3;0	run_2	block_4	Kreis	3	3	0	9607433	0	1	2670	1	0	2500	other	0
ismihan	460	Picture	run_2;block_4;Viereck;2;3;0	run_2	block_4	Viereck	2	3	0	9638801	0	1	2670	1	0	2500	other	0
ismihan	462	Picture	run_2;block_4;Viereck;7;3;0	run_2	block_4	Viereck	7	3	0	9668167	0	1	2670	1	0	2500	other	0
ismihan	464	Picture	run_2;block_4;Kreis;3;3;0	run_2	block_4	Kreis	3	3	0	9707544	0	1	2670	1	0	2500	other	0
ismihan	466	Picture	run_2;block_4;Viereck;6;3;1	run_2	block_4	Viereck	6	3	1	9730903	0	1	2670	1	0	2500	miss	0
ismihan	467	Response	1							9752571	3481	0
ismihan	468	Picture	run_2;block_4;Kreis;4;3;0	run_2	block_4	Kreis	4	3	0	9766275	0	1	2670	1	0	2500	other	0
ismihan	470	Picture	run_2;block_4;Dreieck;7;3;2	run_2	block_4	Dreieck	7	3	2	9793639	0	1	2670	1	0	2500	hit	286
ismihan	470	Response	2							9797608	3969	0
ismihan	472	Picture	run_2;block_4;Kreis;3;3;0	run_2	block_4	Kreis	3	3	0	9808989	0	1	2670	1	0	2500	other	0
ismihan	474	Picture	run_2;block_4;Stern;9;3;0	run_2	block_4	Stern	9	3	0	9832348	0	1	2670	1	0	2500	other	0
ismihan	476	Picture	run_2;block_4;Viereck;6;3;1	run_2	block_4	Viereck	6	3	1	9857710	0	1	2670	1	0	2500	hit	290
ismihan	476	Response	1							9864161	6452	0
ismihan	478	Picture	run_2;block_4;Viereck;7;3;0	run_2	block_4	Viereck	7	3	0	9875396	0	1	2670	1	0	2500	other	0
ismihan	480	Picture	run_2;block_4;Stern;2;3;0	run_2	block_4	Stern	2	3	0	9902759	0	1	2670	1	0	2500	other	0
ismihan	482	Picture	run_2;block_4;Stern;4;3;0	run_2	block_4	Stern	4	3	0	9940134	0	1	2670	1	0	2500	other	0
ismihan	484	Picture	run_2;block_4;Stern;6;3;1	run_2	block_4	Stern	6	3	1	9979511	0	1	2670	1	0	2500	hit	295
ismihan	484	Response	1							9984769	5258	0
ismihan	486	Picture	run_2;block_4;Kreis;3;3;0	run_2	block_4	Kreis	3	3	0	9990022	0	1	2670	1	0	2500	other	0
ismihan	488	Picture	run_2;block_4;Dreieck;3;3;2	run_2	block_4	Dreieck	3	3	2	10017386	0	1	2670	1	0	2500	hit	298
ismihan	488	Response	2							10022441	5055	0
ismihan	490	Picture	run_2;block_4;Stern;2;3;0	run_2	block_4	Stern	2	3	0	10033737	0	1	2670	1	0	2500	other	0
ismihan	492	Picture	run_2;block_4;Kreis;3;3;0	run_2	block_4	Kreis	3	3	0	10071112	0	1	2670	1	0	2500	other	0
ismihan	494	Response	3							11439454	149998	0
ismihan	495	Response	3							11591469	151848	0
ismihan	497	Picture	run_3;block_1;Dreieck;E;2;0	run_3	block_1	Dreieck	E	2	0	11601801	0	1	2670	1	0	2500	other	0
ismihan	499	Picture	run_3;block_1;Stern;E;2;2	run_3	block_1	Stern	E	2	2	11639175	0	1	2670	1	0	2500	hit	305
ismihan	499	Response	2							11642503	3328	0
ismihan	501	Picture	run_3;block_1;Dreieck;E;2;0	run_3	block_1	Dreieck	E	2	0	11659865	0	1	2670	1	0	2500	other	0
ismihan	503	Picture	run_3;block_1;Stern;E;2;2	run_3	block_1	Stern	E	2	2	11687228	0	1	2670	1	0	2500	hit	308
ismihan	503	Response	2							11690371	3143	0
ismihan	505	Picture	run_3;block_1;Kreis;M;2;0	run_3	block_1	Kreis	M	2	0	11711755	0	1	2670	1	0	2500	other	0
ismihan	507	Picture	run_3;block_1;Dreieck;T;2;0	run_3	block_1	Dreieck	T	2	0	11751132	0	1	2670	1	0	2500	other	0
ismihan	509	Picture	run_3;block_1;Viereck;X;2;0	run_3	block_1	Viereck	X	2	0	11792511	0	1	2670	1	0	2500	other	0
ismihan	511	Picture	run_3;block_1;Stern;A;2;2	run_3	block_1	Stern	A	2	2	11817872	0	1	2670	1	0	2500	hit	313
ismihan	511	Response	2							11821395	3523	0
ismihan	513	Picture	run_3;block_1;Viereck;M;2;0	run_3	block_1	Viereck	M	2	0	11830720	0	1	2670	1	0	2500	other	0
ismihan	515	Picture	run_3;block_1;Viereck;A;2;0	run_3	block_1	Viereck	A	2	0	11858083	0	1	2670	1	0	2500	other	0
ismihan	517	Picture	run_3;block_1;Viereck;D;2;0	run_3	block_1	Viereck	D	2	0	11883445	0	1	2670	1	0	2500	other	0
ismihan	519	Picture	run_3;block_1;Viereck;E;2;0	run_3	block_1	Viereck	E	2	0	11924824	0	1	2670	1	0	2500	other	0
ismihan	521	Picture	run_3;block_1;Viereck;A;2;0	run_3	block_1	Viereck	A	2	0	11948183	0	1	2670	1	0	2500	other	0
ismihan	523	Picture	run_3;block_1;Kreis;T;2;0	run_3	block_1	Kreis	T	2	0	11989562	0	1	2670	1	0	2500	other	0
ismihan	525	Picture	run_3;block_1;Viereck;A;2;0	run_3	block_1	Viereck	A	2	0	12016925	0	1	2670	1	0	2500	other	0
ismihan	527	Picture	run_3;block_1;Stern;D;2;2	run_3	block_1	Stern	D	2	2	12040284	0	1	2670	1	0	2500	hit	322
ismihan	527	Response	2							12043760	3476	0
ismihan	529	Picture	run_3;block_1;Dreieck;M;2;0	run_3	block_1	Dreieck	M	2	0	12051130	0	1	2670	1	0	2500	other	0
ismihan	531	Picture	run_3;block_1;Kreis;T;2;0	run_3	block_1	Kreis	T	2	0	12092509	0	1	2670	1	0	2500	other	0
ismihan	533	Picture	run_3;block_1;Viereck;M;2;0	run_3	block_1	Viereck	M	2	0	12127881	0	1	2670	1	0	2500	other	0
ismihan	535	Picture	run_3;block_1;Dreieck;A;2;0	run_3	block_1	Dreieck	A	2	0	12169260	0	1	2670	1	0	2500	other	0
ismihan	537	Picture	run_3;block_1;Stern;T;2;2	run_3	block_1	Stern	T	2	2	12192619	0	1	2670	1	0	2500	hit	328
ismihan	537	Response	2							12196203	3584	0
ismihan	539	Picture	run_3;block_1;Dreieck;X;2;0	run_3	block_1	Dreieck	X	2	0	12203464	0	1	2670	1	0	2500	other	0
ismihan	541	Picture	run_3;block_1;Stern;D;2;2	run_3	block_1	Stern	D	2	2	12238837	0	1	2670	1	0	2500	hit	331
ismihan	541	Response	2							12243241	4404	0
ismihan	543	Picture	run_3;block_1;Kreis;T;2;0	run_3	block_1	Kreis	T	2	0	12254521	0	1	2670	1	0	2500	other	0
ismihan	545	Picture	run_3;block_1;Kreis;D;2;0	run_3	block_1	Kreis	D	2	0	12291895	0	1	2670	1	0	2500	other	0
ismihan	547	Picture	run_3;block_1;Dreieck;E;2;0	run_3	block_1	Dreieck	E	2	0	12323263	0	1	2670	1	0	2500	other	0
ismihan	548	Response	3							12390543	49093	0
ismihan	550	Picture	run_3;block_2;Stern;9;3;0	run_3	block_2	Stern	9	3	0	12400849	0	1	2670	1	0	2500	other	0
ismihan	552	Picture	run_3;block_2;Kreis;2;3;0	run_3	block_2	Kreis	2	3	0	12424208	0	1	2670	1	0	2500	other	0
ismihan	554	Picture	run_3;block_2;Dreieck;7;3;1	run_3	block_2	Dreieck	7	3	1	12451571	0	1	2670	1	0	2500	hit	339
ismihan	554	Response	1							12457646	6074	0
ismihan	556	Picture	run_3;block_2;Dreieck;6;3;0	run_3	block_2	Dreieck	6	3	0	12470926	0	1	2670	1	0	2500	other	0
ismihan	558	Picture	run_3;block_2;Kreis;3;3;0	run_3	block_2	Kreis	3	3	0	12510303	0	1	2670	1	0	2500	other	0
ismihan	560	Picture	run_3;block_2;Dreieck;9;3;0	run_3	block_2	Dreieck	9	3	0	12545675	0	1	2670	1	0	2500	other	0
ismihan	562	Picture	run_3;block_2;Stern;2;3;0	run_3	block_2	Stern	2	3	0	12577043	0	1	2670	1	0	2500	other	0
ismihan	564	Picture	run_3;block_2;Stern;7;3;1	run_3	block_2	Stern	7	3	1	12610413	0	1	2670	1	0	2500	hit	345
ismihan	564	Response	1							12617323	6909	0
ismihan	566	Picture	run_3;block_2;Kreis;6;3;0	run_3	block_2	Kreis	6	3	0	12632605	0	1	2670	1	0	2500	other	0
ismihan	568	Picture	run_3;block_2;Kreis;4;3;0	run_3	block_2	Kreis	4	3	0	12673984	0	1	2670	1	0	2500	other	0
ismihan	570	Picture	run_3;block_2;Dreieck;9;3;0	run_3	block_2	Dreieck	9	3	0	12711358	0	1	2670	1	0	2500	other	0
ismihan	572	Picture	run_3;block_2;Stern;9;3;0	run_3	block_2	Stern	9	3	0	12734717	0	1	2670	1	0	2500	other	0
ismihan	574	Picture	run_3;block_2;Stern;6;3;0	run_3	block_2	Stern	6	3	0	12772092	0	1	2670	1	0	2500	other	0
ismihan	576	Picture	run_3;block_2;Dreieck;2;3;0	run_3	block_2	Dreieck	2	3	0	12813471	0	1	2670	1	0	2500	other	0
ismihan	578	Picture	run_3;block_2;Stern;4;3;0	run_3	block_2	Stern	4	3	0	12852848	0	1	2670	1	0	2500	other	0
ismihan	580	Picture	run_3;block_2;Stern;3;3;0	run_3	block_2	Stern	3	3	0	12878209	0	1	2670	1	0	2500	other	0
ismihan	582	Picture	run_3;block_2;Viereck;3;3;2	run_3	block_2	Viereck	3	3	2	12917586	0	1	2670	1	0	2500	hit	355
ismihan	582	Response	2							12925256	7671	0
ismihan	584	Picture	run_3;block_2;Kreis;6;3;0	run_3	block_2	Kreis	6	3	0	12936607	0	1	2670	1	0	2500	other	0
ismihan	586	Picture	run_3;block_2;Stern;2;3;0	run_3	block_2	Stern	2	3	0	12969977	0	1	2670	1	0	2500	other	0
ismihan	588	Picture	run_3;block_2;Viereck;2;3;2	run_3	block_2	Viereck	2	3	2	13003347	0	1	2670	1	0	2500	hit	359
ismihan	588	Response	2							13009986	6639	0
ismihan	590	Picture	run_3;block_2;Stern;2;3;0	run_3	block_2	Stern	2	3	0	13019365	0	1	2670	1	0	2500	other	0
ismihan	592	Picture	run_3;block_2;Dreieck;7;3;1	run_3	block_2	Dreieck	7	3	1	13060744	0	1	2670	1	0	2500	hit	362
ismihan	592	Response	1							13067613	6869	0
ismihan	594	Picture	run_3;block_2;Kreis;3;3;0	run_3	block_2	Kreis	3	3	0	13086939	0	1	2670	1	0	2500	other	0
ismihan	596	Picture	run_3;block_2;Dreieck;3;3;0	run_3	block_2	Dreieck	3	3	0	13120309	0	1	2670	1	0	2500	other	0
ismihan	598	Picture	run_3;block_2;Stern;4;3;0	run_3	block_2	Stern	4	3	0	13161688	0	1	2670	1	0	2500	other	0
ismihan	600	Picture	run_3;block_2;Viereck;6;3;2	run_3	block_2	Viereck	6	3	2	13193056	0	1	2670	1	0	2500	hit	367
ismihan	600	Response	2							13203089	10033	0
ismihan	601	Response	3							13342846	139611	0
ismihan	603	Picture	run_3;block_3;Dreieck;M;1;0	run_3	block_3	Dreieck	M	1	0	13353233	0	1	2670	1	0	2500	other	0
ismihan	605	Picture	run_3;block_3;Kreis;M;1;0	run_3	block_3	Kreis	M	1	0	13380596	0	1	2670	1	0	2500	other	0
ismihan	607	Picture	run_3;block_3;Stern;X;1;0	run_3	block_3	Stern	X	1	0	13403956	0	1	2670	1	0	2500	other	0
ismihan	609	Picture	run_3;block_3;Dreieck;M;1;0	run_3	block_3	Dreieck	M	1	0	13431319	0	1	2670	1	0	2500	other	0
ismihan	611	Picture	run_3;block_3;Dreieck;A;1;0	run_3	block_3	Dreieck	A	1	0	13460685	0	1	2670	1	0	2500	other	0
ismihan	613	Picture	run_3;block_3;Dreieck;D;1;0	run_3	block_3	Dreieck	D	1	0	13498059	0	1	2670	1	0	2500	other	0
ismihan	615	Picture	run_3;block_3;Stern;T;1;1	run_3	block_3	Stern	T	1	1	13539438	0	1	2670	1	0	2500	hit	376
ismihan	615	Response	1							13544186	4747	0
ismihan	617	Picture	run_3;block_3;Kreis;X;1;0	run_3	block_3	Kreis	X	1	0	13557458	0	1	2670	1	0	2500	other	0
ismihan	619	Picture	run_3;block_3;Stern;X;1;0	run_3	block_3	Stern	X	1	0	13590828	0	1	2670	1	0	2500	other	0
ismihan	621	Picture	run_3;block_3;Stern;D;1;0	run_3	block_3	Stern	D	1	0	13618192	0	1	2670	1	0	2500	other	0
ismihan	623	Picture	run_3;block_3;Dreieck;A;1;0	run_3	block_3	Dreieck	A	1	0	13651562	0	1	2670	1	0	2500	other	0
ismihan	625	Picture	run_3;block_3;Viereck;X;1;0	run_3	block_3	Viereck	X	1	0	13680928	0	1	2670	1	0	2500	other	0
ismihan	627	Picture	run_3;block_3;Stern;T;1;1	run_3	block_3	Stern	T	1	1	13704287	0	1	2670	1	0	2500	hit	383
ismihan	627	Response	1							13708619	4332	0
ismihan	629	Picture	run_3;block_3;Stern;E;1;0	run_3	block_3	Stern	E	1	0	13727980	0	1	2670	1	0	2500	other	0
ismihan	631	Picture	run_3;block_3;Dreieck;X;1;0	run_3	block_3	Dreieck	X	1	0	13765354	0	1	2670	1	0	2500	other	0
ismihan	633	Picture	run_3;block_3;Stern;M;1;0	run_3	block_3	Stern	M	1	0	13798724	0	1	2670	1	0	2500	other	0
ismihan	635	Picture	run_3;block_3;Kreis;T;1;1	run_3	block_3	Kreis	T	1	1	13830092	0	1	2670	1	0	2500	hit	388
ismihan	635	Response	1							13833647	3555	0
ismihan	637	Picture	run_3;block_3;Dreieck;E;1;0	run_3	block_3	Dreieck	E	1	0	13854953	0	1	2670	1	0	2500	other	0
ismihan	639	Picture	run_3;block_3;Kreis;T;1;1	run_3	block_3	Kreis	T	1	1	13892328	0	1	2670	1	0	2500	hit	391
ismihan	639	Response	1							13896823	4496	0
ismihan	641	Picture	run_3;block_3;Viereck;M;1;0	run_3	block_3	Viereck	M	1	0	13906176	0	1	2670	1	0	2500	other	0
ismihan	643	Picture	run_3;block_3;Stern;A;1;0	run_3	block_3	Stern	A	1	0	13947555	0	1	2670	1	0	2500	other	0
ismihan	645	Picture	run_3;block_3;Kreis;M;1;0	run_3	block_3	Kreis	M	1	0	13984930	0	1	2670	1	0	2500	other	0
ismihan	647	Picture	run_3;block_3;Viereck;T;1;1	run_3	block_3	Viereck	T	1	1	14012293	0	1	2670	1	0	2500	hit	396
ismihan	647	Response	1							14015661	3367	0
ismihan	649	Picture	run_3;block_3;Kreis;E;1;0	run_3	block_3	Kreis	E	1	0	14032983	0	1	2670	1	0	2500	other	0
ismihan	651	Picture	run_3;block_3;Kreis;T;1;1	run_3	block_3	Kreis	T	1	1	14066353	0	1	2670	1	0	2500	hit	399
ismihan	651	Response	1							14070113	3760	0
ismihan	653	Picture	run_3;block_3;Viereck;X;1;0	run_3	block_3	Viereck	X	1	0	14089379	0	1	2670	1	0	2500	other	0
ismihan	654	Response	3							14195387	87821	0
ismihan	656	Picture	run_3;block_4;Stern;3;3;0	run_3	block_4	Stern	3	3	0	14205673	0	1	2670	1	0	2500	other	0
ismihan	658	Picture	run_3;block_4;Viereck;9;3;1	run_3	block_4	Viereck	9	3	1	14243048	0	1	2670	1	0	2500	hit	404
ismihan	658	Response	1							14248455	5407	0
ismihan	660	Picture	run_3;block_4;Viereck;6;3;0	run_3	block_4	Viereck	6	3	0	14265740	0	1	2670	1	0	2500	other	0
ismihan	662	Picture	run_3;block_4;Kreis;4;3;2	run_3	block_4	Kreis	4	3	2	14299110	0	1	2670	1	0	2500	hit	407
ismihan	662	Response	2							14302764	3655	0
ismihan	664	Picture	run_3;block_4;Viereck;2;3;0	run_3	block_4	Viereck	2	3	0	14312124	0	1	2670	1	0	2500	other	0
ismihan	666	Picture	run_3;block_4;Kreis;7;3;2	run_3	block_4	Kreis	7	3	2	14337486	0	1	2670	1	0	2500	incorrect	410
ismihan	666	Response	1							14346115	8629	0
ismihan	668	Picture	run_3;block_4;Viereck;7;3;0	run_3	block_4	Viereck	7	3	0	14361345	0	1	2670	1	0	2500	other	0
ismihan	670	Picture	run_3;block_4;Viereck;2;3;0	run_3	block_4	Viereck	2	3	0	14384704	0	1	2670	1	0	2500	other	0
ismihan	672	Picture	run_3;block_4;Dreieck;7;3;0	run_3	block_4	Dreieck	7	3	0	14416072	0	1	2670	1	0	2500	other	0
ismihan	674	Picture	run_3;block_4;Viereck;6;3;0	run_3	block_4	Viereck	6	3	0	14451445	0	1	2670	1	0	2500	other	0
ismihan	676	Picture	run_3;block_4;Viereck;3;3;0	run_3	block_4	Viereck	3	3	0	14488819	0	1	2670	1	0	2500	other	0
ismihan	678	Picture	run_3;block_4;Stern;4;3;0	run_3	block_4	Stern	4	3	0	14526194	0	1	2670	1	0	2500	other	0
ismihan	680	Picture	run_3;block_4;Dreieck;2;3;0	run_3	block_4	Dreieck	2	3	0	14567573	0	1	2670	1	0	2500	other	0
ismihan	682	Picture	run_3;block_4;Stern;9;3;1	run_3	block_4	Stern	9	3	1	14606950	0	1	2670	1	0	2500	hit	419
ismihan	682	Response	1							14612647	5698	0
ismihan	684	Picture	run_3;block_4;Dreieck;6;3;0	run_3	block_4	Dreieck	6	3	0	14625971	0	1	2670	1	0	2500	other	0
ismihan	686	Picture	run_3;block_4;Dreieck;2;3;0	run_3	block_4	Dreieck	2	3	0	14651332	0	1	2670	1	0	2500	other	0
ismihan	688	Picture	run_3;block_4;Viereck;9;3;1	run_3	block_4	Viereck	9	3	1	14692711	0	1	2670	1	0	2500	hit	423
ismihan	688	Response	1							14700377	7666	0
ismihan	690	Picture	run_3;block_4;Stern;4;3;0	run_3	block_4	Stern	4	3	0	14715736	0	1	2670	1	0	2500	other	0
ismihan	692	Picture	run_3;block_4;Viereck;7;3;0	run_3	block_4	Viereck	7	3	0	14749106	0	1	2670	1	0	2500	other	0
ismihan	694	Picture	run_3;block_4;Dreieck;2;3;0	run_3	block_4	Dreieck	2	3	0	14786481	0	1	2670	1	0	2500	other	0
ismihan	696	Picture	run_3;block_4;Kreis;3;3;2	run_3	block_4	Kreis	3	3	2	14813845	0	1	2670	1	0	2500	hit	428
ismihan	696	Response	2							14819070	5226	0
ismihan	698	Picture	run_3;block_4;Dreieck;3;3;0	run_3	block_4	Dreieck	3	3	0	14830363	0	1	2670	1	0	2500	other	0
ismihan	700	Picture	run_3;block_4;Viereck;3;3;0	run_3	block_4	Viereck	3	3	0	14865735	0	1	2670	1	0	2500	other	0
ismihan	702	Picture	run_3;block_4;Dreieck;2;3;0	run_3	block_4	Dreieck	2	3	0	14889094	0	1	2670	1	0	2500	other	0
ismihan	704	Picture	run_3;block_4;Viereck;6;3;0	run_3	block_4	Viereck	6	3	0	14920462	0	1	2670	1	0	2500	other	0
ismihan	706	Picture	run_3;block_4;Stern;3;3;0	run_3	block_4	Stern	3	3	0	14945823	0	1	2670	1	0	2500	other	0
ismihan	707	Response	3							15014085	50074	0
ismihan	709	Picture	run_3;block_5;Kreis;2;2;0	run_3	block_5	Kreis	2	2	0	15024410	0	1	2670	1	0	2500	other	0
ismihan	711	Picture	run_3;block_5;Viereck;9;2;0	run_3	block_5	Viereck	9	2	0	15059783	0	1	2670	1	0	2500	other	0
ismihan	713	Picture	run_3;block_5;Kreis;9;2;0	run_3	block_5	Kreis	9	2	0	15093153	0	1	2670	1	0	2500	other	0
ismihan	715	Picture	run_3;block_5;Kreis;7;2;0	run_3	block_5	Kreis	7	2	0	15132529	0	1	2670	1	0	2500	other	0
ismihan	717	Picture	run_3;block_5;Kreis;4;2;0	run_3	block_5	Kreis	4	2	0	15169904	0	1	2670	1	0	2500	other	0
ismihan	719	Picture	run_3;block_5;Stern;3;2;0	run_3	block_5	Stern	3	2	0	15199270	0	1	2670	1	0	2500	other	0
ismihan	721	Picture	run_3;block_5;Dreieck;2;2;2	run_3	block_5	Dreieck	2	2	2	15226633	0	1	2670	1	0	2500	hit	442
ismihan	721	Response	2							15230091	3458	0
ismihan	723	Picture	run_3;block_5;Kreis;9;2;0	run_3	block_5	Kreis	9	2	0	15251327	0	1	2670	1	0	2500	other	0
ismihan	725	Picture	run_3;block_5;Dreieck;9;2;2	run_3	block_5	Dreieck	9	2	2	15276689	0	1	2670	1	0	2500	hit	445
ismihan	725	Response	2							15281473	4785	0
ismihan	727	Picture	run_3;block_5;Kreis;3;2;0	run_3	block_5	Kreis	3	2	0	15304719	0	1	2670	1	0	2500	other	0
ismihan	729	Picture	run_3;block_5;Viereck;2;2;0	run_3	block_5	Viereck	2	2	0	15342094	0	1	2670	1	0	2500	other	0
ismihan	731	Picture	run_3;block_5;Viereck;9;2;0	run_3	block_5	Viereck	9	2	0	15383473	0	1	2670	1	0	2500	other	0
ismihan	733	Picture	run_3;block_5;Dreieck;9;2;2	run_3	block_5	Dreieck	9	2	2	15408834	0	1	2670	1	0	2500	hit	450
ismihan	733	Response	2							15411968	3134	0
ismihan	735	Picture	run_3;block_5;Viereck;7;2;0	run_3	block_5	Viereck	7	2	0	15429357	0	1	2670	1	0	2500	other	0
ismihan	737	Picture	run_3;block_5;Kreis;9;2;0	run_3	block_5	Kreis	9	2	0	15458723	0	1	2670	1	0	2500	other	0
ismihan	739	Picture	run_3;block_5;Dreieck;7;2;2	run_3	block_5	Dreieck	7	2	2	15488088	0	1	2670	1	0	2500	hit	454
ismihan	739	Response	2							15491165	3077	0
ismihan	741	Picture	run_3;block_5;Kreis;4;2;0	run_3	block_5	Kreis	4	2	0	15512449	0	1	2670	1	0	2500	other	0
ismihan	743	Picture	run_3;block_5;Stern;9;2;0	run_3	block_5	Stern	9	2	0	15545819	0	1	2670	1	0	2500	other	0
ismihan	745	Picture	run_3;block_5;Kreis;4;2;0	run_3	block_5	Kreis	4	2	0	15583193	0	1	2670	1	0	2500	other	0
ismihan	747	Picture	run_3;block_5;Dreieck;7;2;2	run_3	block_5	Dreieck	7	2	2	15624572	0	1	2670	1	0	2500	hit	459
ismihan	747	Response	2							15628315	3743	0
ismihan	749	Picture	run_3;block_5;Stern;3;2;0	run_3	block_5	Stern	3	2	0	15635584	0	1	2670	1	0	2500	other	0
ismihan	751	Picture	run_3;block_5;Kreis;4;2;0	run_3	block_5	Kreis	4	2	0	15662948	0	1	2670	1	0	2500	other	0
ismihan	753	Picture	run_3;block_5;Viereck;7;2;0	run_3	block_5	Viereck	7	2	0	15692314	0	1	2670	1	0	2500	other	0
ismihan	755	Picture	run_3;block_5;Kreis;6;2;0	run_3	block_5	Kreis	6	2	0	15719677	0	1	2670	1	0	2500	other	0
ismihan	757	Picture	run_3;block_5;Dreieck;9;2;2	run_3	block_5	Dreieck	9	2	2	15755050	0	1	2670	1	0	2500	hit	465
ismihan	757	Response	2							15759423	4374	0
ismihan	759	Picture	run_3;block_5;Kreis;9;2;0	run_3	block_5	Kreis	9	2	0	15766729	0	1	2670	1	0	2500	other	0
ismihan	760	Response	3							15838683	53767	0
ismihan	762	Picture	run_3;block_6;Kreis;X;3;0	run_3	block_6	Kreis	X	3	0	15848987	0	1	2670	1	0	2500	other	0
ismihan	764	Picture	run_3;block_6;Viereck;E;3;1	run_3	block_6	Viereck	E	3	1	15888363	0	1	2670	1	0	2500	hit	470
ismihan	764	Response	1							15892159	3796	0
ismihan	766	Picture	run_3;block_6;Dreieck;M;3;0	run_3	block_6	Dreieck	M	3	0	15915560	0	1	2670	1	0	2500	other	0
ismihan	768	Picture	run_3;block_6;Viereck;T;3;0	run_3	block_6	Viereck	T	3	0	15944926	0	1	2670	1	0	2500	other	0
ismihan	770	Picture	run_3;block_6;Kreis;M;3;0	run_3	block_6	Kreis	M	3	0	15970287	0	1	2670	1	0	2500	other	0
ismihan	772	Picture	run_3;block_6;Kreis;D;3;0	run_3	block_6	Kreis	D	3	0	15995648	0	1	2670	1	0	2500	other	0
ismihan	774	Picture	run_3;block_6;Stern;D;3;2	run_3	block_6	Stern	D	3	2	16025014	0	1	2670	1	0	2500	hit	476
ismihan	774	Response	2							16029385	4371	0
ismihan	776	Picture	run_3;block_6;Dreieck;A;3;0	run_3	block_6	Dreieck	A	3	0	16042700	0	1	2670	1	0	2500	other	0
ismihan	778	Picture	run_3;block_6;Kreis;M;3;0	run_3	block_6	Kreis	M	3	0	16084079	0	1	2670	1	0	2500	other	0
ismihan	780	Picture	run_3;block_6;Dreieck;A;3;0	run_3	block_6	Dreieck	A	3	0	16119452	0	1	2670	1	0	2500	other	0
ismihan	782	Picture	run_3;block_6;Viereck;E;3;1	run_3	block_6	Viereck	E	3	1	16148817	0	1	2670	1	0	2500	hit	481
ismihan	782	Response	1							16153850	5033	0
ismihan	784	Picture	run_3;block_6;Viereck;M;3;0	run_3	block_6	Viereck	M	3	0	16177182	0	1	2670	1	0	2500	other	0
ismihan	786	Picture	run_3;block_6;Kreis;D;3;0	run_3	block_6	Kreis	D	3	0	16214557	0	1	2670	1	0	2500	other	0
ismihan	788	Picture	run_3;block_6;Dreieck;T;3;0	run_3	block_6	Dreieck	T	3	0	16239918	0	1	2670	1	0	2500	other	0
ismihan	790	Picture	run_3;block_6;Dreieck;M;3;0	run_3	block_6	Dreieck	M	3	0	16277293	0	1	2670	1	0	2500	other	0
ismihan	792	Picture	run_3;block_6;Viereck;M;3;0	run_3	block_6	Viereck	M	3	0	16300652	0	1	2670	1	0	2500	other	0
ismihan	794	Picture	run_3;block_6;Viereck;A;3;0	run_3	block_6	Viereck	A	3	0	16340028	0	1	2670	1	0	2500	other	0
ismihan	796	Picture	run_3;block_6;Dreieck;T;3;0	run_3	block_6	Dreieck	T	3	0	16377403	0	1	2670	1	0	2500	other	0
ismihan	798	Picture	run_3;block_6;Kreis;X;3;0	run_3	block_6	Kreis	X	3	0	16410773	0	1	2670	1	0	2500	other	0
ismihan	800	Picture	run_3;block_6;Stern;X;3;2	run_3	block_6	Stern	X	3	2	16444143	0	1	2670	1	0	2500	hit	491
ismihan	800	Response	2							16449201	5057	0
ismihan	802	Picture	run_3;block_6;Viereck;D;3;0	run_3	block_6	Viereck	D	3	0	16460495	0	1	2670	1	0	2500	other	0
ismihan	804	Picture	run_3;block_6;Viereck;X;3;0	run_3	block_6	Viereck	X	3	0	16483854	0	1	2670	1	0	2500	other	0
ismihan	806	Picture	run_3;block_6;Viereck;M;3;0	run_3	block_6	Viereck	M	3	0	16513220	0	1	2670	1	0	2500	other	0
ismihan	808	Picture	run_3;block_6;Stern;X;3;2	run_3	block_6	Stern	X	3	2	16536579	0	1	2670	1	0	2500	hit	496
ismihan	808	Response	2							16542049	5470	0
ismihan	810	Picture	run_3;block_6;Dreieck;T;3;0	run_3	block_6	Dreieck	T	3	0	16563442	0	1	2670	1	0	2500	other	0
ismihan	812	Picture	run_3;block_6;Dreieck;E;3;1	run_3	block_6	Dreieck	E	3	1	16594810	0	1	2670	1	0	2500	hit	499
ismihan	812	Response	1							16598086	3276	0
ismihan	813	Response	3							16649005	50691	0
ismihan	815	Picture	run_3;block_7;Stern;7;1;0	run_3	block_7	Stern	7	1	0	16659381	0	1	2670	1	0	2500	other	0
ismihan	817	Picture	run_3;block_7;Viereck;4;1;0	run_3	block_7	Viereck	4	1	0	16692751	0	1	2670	1	0	2500	other	0
ismihan	819	Picture	run_3;block_7;Stern;2;1;1	run_3	block_7	Stern	2	1	1	16724119	0	1	2670	1	0	2500	hit	504
ismihan	819	Response	1							16728532	4413	0
ismihan	821	Picture	run_3;block_7;Viereck;4;1;0	run_3	block_7	Viereck	4	1	0	16733796	0	1	2670	1	0	2500	other	0
ismihan	823	Picture	run_3;block_7;Kreis;9;1;0	run_3	block_7	Kreis	9	1	0	16773173	0	1	2670	1	0	2500	other	0
ismihan	825	Picture	run_3;block_7;Dreieck;3;1;0	run_3	block_7	Dreieck	3	1	0	16810548	0	1	2670	1	0	2500	other	0
ismihan	827	Picture	run_3;block_7;Stern;2;1;1	run_3	block_7	Stern	2	1	1	16849924	0	1	2670	1	0	2500	hit	509
ismihan	827	Response	1							16853240	3316	0
ismihan	829	Picture	run_3;block_7;Kreis;9;1;0	run_3	block_7	Kreis	9	1	0	16874618	0	1	2670	1	0	2500	other	0
ismihan	831	Picture	run_3;block_7;Dreieck;4;1;0	run_3	block_7	Dreieck	4	1	0	16915997	0	1	2670	1	0	2500	other	0
ismihan	833	Picture	run_3;block_7;Kreis;4;1;0	run_3	block_7	Kreis	4	1	0	16941359	0	1	2670	1	0	2500	other	0
ismihan	835	Picture	run_3;block_7;Viereck;9;1;0	run_3	block_7	Viereck	9	1	0	16964718	0	1	2670	1	0	2500	other	0
ismihan	837	Picture	run_3;block_7;Viereck;6;1;0	run_3	block_7	Viereck	6	1	0	16996086	0	1	2670	1	0	2500	other	0
ismihan	839	Picture	run_3;block_7;Viereck;9;1;0	run_3	block_7	Viereck	9	1	0	17035462	0	1	2670	1	0	2500	other	0
ismihan	841	Picture	run_3;block_7;Dreieck;2;1;1	run_3	block_7	Dreieck	2	1	1	17068833	0	1	2670	1	0	2500	hit	517
ismihan	841	Response	1							17073491	4658	0
ismihan	843	Picture	run_3;block_7;Kreis;9;1;0	run_3	block_7	Kreis	9	1	0	17082848	0	1	2670	1	0	2500	other	0
ismihan	845	Picture	run_3;block_7;Kreis;2;1;1	run_3	block_7	Kreis	2	1	1	17120223	0	1	2670	1	0	2500	hit	520
ismihan	845	Response	1							17123792	3569	0
ismihan	847	Picture	run_3;block_7;Stern;4;1;0	run_3	block_7	Stern	4	1	0	17145083	0	1	2670	1	0	2500	other	0
ismihan	849	Picture	run_3;block_7;Dreieck;9;1;0	run_3	block_7	Dreieck	9	1	0	17170445	0	1	2670	1	0	2500	other	0
ismihan	851	Picture	run_3;block_7;Stern;9;1;0	run_3	block_7	Stern	9	1	0	17201813	0	1	2670	1	0	2500	other	0
ismihan	853	Picture	run_3;block_7;Kreis;6;1;0	run_3	block_7	Kreis	6	1	0	17233181	0	1	2670	1	0	2500	other	0
ismihan	855	Picture	run_3;block_7;Dreieck;2;1;1	run_3	block_7	Dreieck	2	1	1	17272557	0	1	2670	1	0	2500	hit	526
ismihan	855	Response	1							17276939	4382	0
ismihan	857	Picture	run_3;block_7;Viereck;4;1;0	run_3	block_7	Viereck	4	1	0	17282235	0	1	2670	1	0	2500	other	0
ismihan	859	Picture	run_3;block_7;Kreis;3;1;0	run_3	block_7	Kreis	3	1	0	17317607	0	1	2670	1	0	2500	other	0
ismihan	861	Picture	run_3;block_7;Kreis;4;1;0	run_3	block_7	Kreis	4	1	0	17340966	0	1	2670	1	0	2500	other	0
ismihan	863	Picture	run_3;block_7;Viereck;7;1;0	run_3	block_7	Viereck	7	1	0	17364325	0	1	2670	1	0	2500	other	0
ismihan	865	Picture	run_3;block_7;Dreieck;2;1;1	run_3	block_7	Dreieck	2	1	1	17393691	0	1	2670	1	0	2500	hit	532
ismihan	865	Response	1							17397653	3962	0
ismihan	866	Response	3							17493248	95386	0
ismihan	868	Picture	run_3;block_8;Stern;M;3;0	run_3	block_8	Stern	M	3	0	17503479	0	1	2670	1	0	2500	other	0
ismihan	870	Picture	run_3;block_8;Stern;T;3;0	run_3	block_8	Stern	T	3	0	17526838	0	1	2670	1	0	2500	other	0
ismihan	872	Picture	run_3;block_8;Kreis;E;3;0	run_3	block_8	Kreis	E	3	0	17560208	0	1	2670	1	0	2500	other	0
ismihan	874	Picture	run_3;block_8;Stern;A;3;0	run_3	block_8	Stern	A	3	0	17599585	0	1	2670	1	0	2500	other	0
ismihan	876	Picture	run_3;block_8;Stern;D;3;1	run_3	block_8	Stern	D	3	1	17628951	0	1	2670	1	0	2500	hit	539
ismihan	876	Response	1							17637181	8231	0
ismihan	878	Picture	run_3;block_8;Stern;M;3;0	run_3	block_8	Stern	M	3	0	17642465	0	1	2670	1	0	2500	other	0
ismihan	880	Picture	run_3;block_8;Stern;A;3;0	run_3	block_8	Stern	A	3	0	17679840	0	1	2670	1	0	2500	other	0
ismihan	882	Picture	run_3;block_8;Kreis;T;3;0	run_3	block_8	Kreis	T	3	0	17719217	0	1	2670	1	0	2500	other	0
ismihan	884	Picture	run_3;block_8;Stern;X;3;0	run_3	block_8	Stern	X	3	0	17752587	0	1	2670	1	0	2500	other	0
ismihan	886	Picture	run_3;block_8;Viereck;X;3;2	run_3	block_8	Viereck	X	3	2	17789962	0	1	2670	1	0	2500	hit	545
ismihan	886	Response	2							17795423	5461	0
ismihan	888	Picture	run_3;block_8;Kreis;E;3;0	run_3	block_8	Kreis	E	3	0	17812653	0	1	2670	1	0	2500	other	0
ismihan	890	Picture	run_3;block_8;Stern;T;3;0	run_3	block_8	Stern	T	3	0	17852030	0	1	2670	1	0	2500	other	0
ismihan	892	Picture	run_3;block_8;Dreieck;X;3;0	run_3	block_8	Dreieck	X	3	0	17893409	0	1	2670	1	0	2500	other	0
ismihan	894	Picture	run_3;block_8;Kreis;M;3;0	run_3	block_8	Kreis	M	3	0	17924777	0	1	2670	1	0	2500	other	0
ismihan	896	Picture	run_3;block_8;Kreis;A;3;0	run_3	block_8	Kreis	A	3	0	17950138	0	1	2670	1	0	2500	other	0
ismihan	898	Picture	run_3;block_8;Kreis;D;3;1	run_3	block_8	Kreis	D	3	1	17981506	0	1	2670	1	0	2500	hit	552
ismihan	898	Response	1							17989293	7787	0
ismihan	900	Picture	run_3;block_8;Kreis;T;3;0	run_3	block_8	Kreis	T	3	0	18008536	0	1	2670	1	0	2500	other	0
ismihan	902	Picture	run_3;block_8;Viereck;A;3;2	run_3	block_8	Viereck	A	3	2	18031895	0	1	2670	1	0	2500	hit	555
ismihan	902	Response	2							18040789	8894	0
ismihan	904	Picture	run_3;block_8;Kreis;M;3;0	run_3	block_8	Kreis	M	3	0	18064097	0	1	2670	1	0	2500	other	0
ismihan	906	Picture	run_3;block_8;Kreis;T;3;0	run_3	block_8	Kreis	T	3	0	18105476	0	1	2670	1	0	2500	other	0
ismihan	908	Picture	run_3;block_8;Kreis;M;3;0	run_3	block_8	Kreis	M	3	0	18136844	0	1	2670	1	0	2500	other	0
ismihan	910	Picture	run_3;block_8;Dreieck;X;3;0	run_3	block_8	Dreieck	X	3	0	18174219	0	1	2670	1	0	2500	other	0
ismihan	912	Picture	run_3;block_8;Dreieck;D;3;1	run_3	block_8	Dreieck	D	3	1	18211593	0	1	2670	1	0	2500	hit	561
ismihan	912	Response	1							18219148	7555	0
ismihan	914	Picture	run_3;block_8;Dreieck;E;3;0	run_3	block_8	Dreieck	E	3	0	18226443	0	1	2670	1	0	2500	other	0
ismihan	916	Picture	run_3;block_8;Viereck;X;3;2	run_3	block_8	Viereck	X	3	2	18265820	0	1	2670	1	0	2500	hit	564
ismihan	916	Response	2							18269739	3919	0
ismihan	918	Picture	run_3;block_8;Stern;X;3;0	run_3	block_8	Stern	X	3	0	18274997	0	1	2670	1	0	2500	other	0
ismihan	919	Response	3							18567090	273906	0


{
   "app": "Presentation Version 20.1 Build 12.04.17",
   "device": "Acer Spin SP513-52N",
   "experiment": "{3EDEE026-D8DC-4466-8CD4-50C9D6AA7BA0}",
   "os": "Windows 10 64 bit",
   "package": "",
   "parameters": {
      "configuration": "Default configuration"
   },
   "scenario": "Praxisprojekt.sce",
   "subject": "ismihan",
   "timestamp": "2018/06/26 15:04:08 GMT"
}
