Scenario - Messung von Wechselkosten zwischen geteilter und selektiver Aufmerksamkeit
Logfile written - 06/26/2018 16:21:41

Subject	Trial	Event Type	Code	runid(str)	blockid(str)	form(str)	character(str)	seperateAttention(num)	target(num)	Time	TTime	Uncertainty	Duration	Uncertainty	ReqTime	ReqDur	Stim Type	Pair Index

Verena 	1	Response	3							357667	356914	0
Verena 	2	Response	3							407621	49626	0
Verena 	3	Response	3							485628	77674	0
Verena 	5	Picture	test;block_1;Viereck;M;1;0	test	block_1	Viereck	M	1	0	496073	0	1	2761	1	0	2500	other	0
Verena 	8	Picture	test;block_1;Kreis;D;1;1	test	block_1	Kreis	D	1	1	541764	0	1	2762	1	0	2500	hit	6
Verena 	8	Response	1							545994	4231	0
Verena 	11	Picture	test;block_1;Kreis;M;1;0	test	block_1	Kreis	M	1	0	571639	0	1	2761	1	0	2500	other	0
Verena 	14	Picture	test;block_1;Stern;D;1;1	test	block_1	Stern	D	1	1	627120	0	1	2762	1	0	2500	hit	9
Verena 	14	Response	1							631069	3948	0
Verena 	17	Picture	test;block_1;Stern;M;1;0	test	block_1	Stern	M	1	0	672309	0	1	2762	1	0	2500	other	0
Verena 	20	Picture	test;block_1;Dreieck;D;1;1	test	block_1	Dreieck	D	1	1	731808	0	1	2762	1	0	2500	hit	12
Verena 	20	Response	1							735896	4087	0
Verena 	23	Picture	test;block_1;Dreieck;E;1;0	test	block_1	Dreieck	E	1	0	771223	0	1	2762	1	0	2500	other	0
Verena 	26	Picture	test;block_1;Stern;D;1;1	test	block_1	Stern	D	1	1	824445	0	1	2762	1	0	2500	hit	15
Verena 	26	Response	1							828263	3818	3
Verena 	29	Picture	test;block_1;Kreis;M;1;0	test	block_1	Kreis	M	1	0	857835	0	1	2762	1	0	2500	other	0
Verena 	32	Picture	test;block_1;Viereck;T;1;0	test	block_1	Viereck	T	1	0	919091	0	1	2762	1	0	2500	other	0
Verena 	34	Response	3							1185087	227586	0
Verena 	36	Picture	test;block_2;Kreis;7;3;0	test	block_2	Kreis	7	3	0	1195496	0	1	2761	1	0	2500	false_alarm	20
Verena 	36	Response	2							1201558	6061	0
Verena 	39	Picture	test;block_2;Kreis;4;3;0	test	block_2	Kreis	4	3	0	1238928	0	1	2762	1	0	2500	false_alarm	22
Verena 	39	Response	1							1244793	5865	0
Verena 	42	Picture	test;block_2;Kreis;6;3;0	test	block_2	Kreis	6	3	0	1286125	0	1	2762	1	0	2500	false_alarm	24
Verena 	42	Response	2							1291547	5422	0
Verena 	45	Picture	test;block_2;Stern;2;3;1	test	block_2	Stern	2	3	1	1328803	0	1	2762	1	0	2500	hit	26
Verena 	45	Response	1							1338115	9312	0
Verena 	48	Picture	test;block_2;Kreis;6;3;0	test	block_2	Kreis	6	3	0	1375498	0	1	2762	1	0	2500	other	0
Verena 	51	Picture	test;block_2;Dreieck;2;3;1	test	block_2	Dreieck	2	3	1	1428721	0	1	2762	1	0	2500	hit	29
Verena 	51	Response	1							1436863	8142	0
Verena 	54	Picture	test;block_2;Stern;3;3;0	test	block_2	Stern	3	3	0	1480186	0	1	2761	1	0	2500	false_alarm	31
Verena 	54	Response	1							1486930	6744	0
Verena 	57	Picture	test;block_2;Viereck;3;3;2	test	block_2	Viereck	3	3	2	1524371	0	1	2762	1	0	2500	hit	33
Verena 	57	Response	2							1529535	5164	0
Verena 	60	Picture	test;block_2;Stern;3;3;0	test	block_2	Stern	3	3	0	1570815	0	1	2762	1	0	2500	other	0
Verena 	63	Picture	test;block_2;Viereck;3;3;2	test	block_2	Viereck	3	3	2	1618263	0	1	2762	1	0	2500	hit	36
Verena 	63	Response	2							1625502	7239	0
Verena 	66	Response	3							1991668	45785	0
Verena 	67	Response	3							2052379	60554	0
Verena 	69	Picture	run_1;block_1;Stern;M;2;0	run_1	block_1	Stern	M	2	0	2062620	0	1	2762	1	0	2500	other	0
Verena 	71	Picture	run_1;block_1;Stern;T;2;0	run_1	block_1	Stern	T	2	0	2095759	0	1	2762	1	0	2500	other	0
Verena 	73	Picture	run_1;block_1;Dreieck;E;2;0	run_1	block_1	Dreieck	E	2	0	2136931	0	1	2762	1	0	2500	other	0
Verena 	75	Picture	run_1;block_1;Viereck;E;2;0	run_1	block_1	Viereck	E	2	0	2176095	0	1	2762	1	0	2500	other	0
Verena 	77	Picture	run_1;block_1;Stern;T;2;0	run_1	block_1	Stern	T	2	0	2215258	0	1	2762	1	0	2500	other	0
Verena 	79	Picture	run_1;block_1;Stern;A;2;0	run_1	block_1	Stern	A	2	0	2240614	0	1	2762	1	0	2500	other	0
Verena 	81	Picture	run_1;block_1;Stern;D;2;0	run_1	block_1	Stern	D	2	0	2263962	0	1	2762	1	0	2500	other	0
Verena 	83	Picture	run_1;block_1;Stern;T;2;0	run_1	block_1	Stern	T	2	0	2289318	0	1	2762	1	0	2500	other	0
Verena 	85	Picture	run_1;block_1;Kreis;E;2;2	run_1	block_1	Kreis	E	2	2	2322456	0	1	2762	1	0	2500	hit	48
Verena 	85	Response	2							2328843	6387	0
Verena 	87	Picture	run_1;block_1;Dreieck;M;2;0	run_1	block_1	Dreieck	M	2	0	2340030	0	1	2761	1	0	2500	other	0
Verena 	89	Picture	run_1;block_1;Dreieck;D;2;0	run_1	block_1	Dreieck	D	2	0	2363377	0	1	2762	1	0	2500	other	0
Verena 	91	Picture	run_1;block_1;Viereck;M;2;0	run_1	block_1	Viereck	M	2	0	2390742	0	1	2762	1	0	2500	other	0
Verena 	93	Picture	run_1;block_1;Dreieck;E;2;0	run_1	block_1	Dreieck	E	2	0	2421872	0	1	2762	1	0	2500	other	0
Verena 	95	Picture	run_1;block_1;Kreis;A;2;2	run_1	block_1	Kreis	A	2	2	2459027	0	1	2762	1	0	2500	hit	54
Verena 	95	Response	2							2462311	3284	0
Verena 	97	Picture	run_1;block_1;Stern;M;2;0	run_1	block_1	Stern	M	2	0	2467814	0	1	2762	1	0	2500	other	0
Verena 	99	Picture	run_1;block_1;Kreis;A;2;2	run_1	block_1	Kreis	A	2	2	2504969	0	1	2762	1	0	2500	hit	57
Verena 	99	Response	2							2507661	2692	0
Verena 	101	Picture	run_1;block_1;Viereck;T;2;0	run_1	block_1	Viereck	T	2	0	2529070	0	1	2762	1	0	2500	false_alarm	59
Verena 	101	Response	2							2532411	3341	0
Verena 	103	Picture	run_1;block_1;Kreis;A;2;2	run_1	block_1	Kreis	A	2	2	2537857	0	1	2762	1	0	2500	hit	61
Verena 	103	Response	2							2544341	6484	0
Verena 	105	Picture	run_1;block_1;Dreieck;A;2;0	run_1	block_1	Dreieck	A	2	0	2563464	0	1	2761	1	0	2500	other	0
Verena 	107	Picture	run_1;block_1;Kreis;E;2;2	run_1	block_1	Kreis	E	2	2	2586811	0	1	2762	1	0	2500	hit	64
Verena 	107	Response	2							2589903	3092	0
Verena 	109	Picture	run_1;block_1;Stern;E;2;0	run_1	block_1	Stern	E	2	0	2611163	0	1	2762	1	0	2500	other	0
Verena 	111	Picture	run_1;block_1;Dreieck;D;2;0	run_1	block_1	Dreieck	D	2	0	2644302	0	1	2762	1	0	2500	other	0
Verena 	113	Picture	run_1;block_1;Dreieck;M;2;0	run_1	block_1	Dreieck	M	2	0	2681457	0	1	2762	1	0	2500	other	0
Verena 	115	Picture	run_1;block_1;Stern;E;2;0	run_1	block_1	Stern	E	2	0	2720621	0	1	2762	1	0	2500	other	0
Verena 	117	Picture	run_1;block_1;Stern;D;2;0	run_1	block_1	Stern	D	2	0	2747985	0	1	2762	1	0	2500	other	0
Verena 	119	Picture	run_1;block_1;Kreis;E;2;2	run_1	block_1	Kreis	E	2	2	2775349	0	1	2762	1	0	2500	hit	71
Verena 	119	Response	2							2778786	3437	0
Verena 	120	Response	3							2814300	35185	1
Verena 	122	Picture	run_1;block_2;Dreieck;7;1;0	run_1	block_2	Dreieck	7	1	0	2824555	0	1	2762	1	0	2500	other	0
Verena 	124	Picture	run_1;block_2;Viereck;9;1;0	run_1	block_2	Viereck	9	1	0	2865727	0	1	2762	1	0	2500	other	0
Verena 	126	Picture	run_1;block_2;Stern;2;1;0	run_1	block_2	Stern	2	1	0	2894849	0	1	2762	1	0	2500	other	0
Verena 	128	Picture	run_1;block_2;Viereck;4;1;0	run_1	block_2	Viereck	4	1	0	2918196	0	1	2761	1	0	2500	other	0
Verena 	130	Picture	run_1;block_2;Viereck;7;1;0	run_1	block_2	Viereck	7	1	0	2941544	0	1	2762	1	0	2500	other	0
Verena 	132	Picture	run_1;block_2;Dreieck;7;1;0	run_1	block_2	Dreieck	7	1	0	2966900	0	1	2762	1	0	2500	other	0
Verena 	134	Picture	run_1;block_2;Stern;3;1;1	run_1	block_2	Stern	3	1	1	2996022	0	1	2762	1	0	2500	hit	80
Verena 	134	Response	1							2999578	3556	0
Verena 	136	Picture	run_1;block_2;Dreieck;9;1;0	run_1	block_2	Dreieck	9	1	0	3007068	0	1	2762	1	0	2500	other	0
Verena 	138	Picture	run_1;block_2;Viereck;4;1;0	run_1	block_2	Viereck	4	1	0	3042215	0	1	2762	1	0	2500	other	0
Verena 	140	Picture	run_1;block_2;Viereck;6;1;0	run_1	block_2	Viereck	6	1	0	3081378	0	1	2762	1	0	2500	other	0
Verena 	142	Picture	run_1;block_2;Dreieck;2;1;0	run_1	block_2	Dreieck	2	1	0	3122550	0	1	2762	1	0	2500	false_alarm	85
Verena 	142	Response	1							3137475	14924	0
Verena 	144	Picture	run_1;block_2;Dreieck;4;1;0	run_1	block_2	Dreieck	4	1	0	3144894	0	1	2762	1	0	2500	other	0
Verena 	146	Picture	run_1;block_2;Kreis;9;1;0	run_1	block_2	Kreis	9	1	0	3176024	0	1	2762	1	0	2500	other	0
Verena 	148	Picture	run_1;block_2;Stern;9;1;0	run_1	block_2	Stern	9	1	0	3203388	0	1	2762	1	0	2500	other	0
Verena 	150	Picture	run_1;block_2;Dreieck;6;1;0	run_1	block_2	Dreieck	6	1	0	3234518	0	1	2762	1	0	2500	other	0
Verena 	152	Picture	run_1;block_2;Dreieck;3;1;1	run_1	block_2	Dreieck	3	1	1	3269665	0	1	2762	1	0	2500	hit	91
Verena 	152	Response	1							3273315	3649	0
Verena 	154	Picture	run_1;block_2;Dreieck;9;1;0	run_1	block_2	Dreieck	9	1	0	3294519	0	1	2762	1	0	2500	other	0
Verena 	156	Picture	run_1;block_2;Viereck;3;1;1	run_1	block_2	Viereck	3	1	1	3333683	0	1	2762	1	0	2500	hit	94
Verena 	156	Response	1							3336987	3304	0
Verena 	158	Picture	run_1;block_2;Stern;6;1;0	run_1	block_2	Stern	6	1	0	3350252	0	1	2762	1	0	2500	false_alarm	96
Verena 	158	Response	1							3355638	5386	0
Verena 	160	Picture	run_1;block_2;Stern;3;1;1	run_1	block_2	Stern	3	1	1	3366821	0	1	2762	1	0	2500	hit	98
Verena 	160	Response	1							3370993	4172	0
Verena 	162	Picture	run_1;block_2;Kreis;6;1;0	run_1	block_2	Kreis	6	1	0	3388161	0	1	2762	1	0	2500	other	0
Verena 	164	Picture	run_1;block_2;Dreieck;6;1;0	run_1	block_2	Dreieck	6	1	0	3423308	0	1	2762	1	0	2500	other	0
Verena 	166	Picture	run_1;block_2;Kreis;6;1;0	run_1	block_2	Kreis	6	1	0	3456446	0	1	2762	1	0	2500	other	0
Verena 	168	Picture	run_1;block_2;Viereck;3;1;1	run_1	block_2	Viereck	3	1	1	3481802	0	1	2762	1	0	2500	hit	103
Verena 	168	Response	1							3486236	4434	0
Verena 	170	Picture	run_1;block_2;Dreieck;7;1;0	run_1	block_2	Dreieck	7	1	0	3493601	0	1	2762	1	0	2500	other	0
Verena 	172	Picture	run_1;block_2;Viereck;3;1;1	run_1	block_2	Viereck	3	1	1	3524731	0	1	2762	1	0	2500	hit	106
Verena 	172	Response	1							3528355	3624	0
Verena 	173	Response	3							3609070	80572	0
Verena 	175	Picture	run_1;block_3;Dreieck;X;1;0	run_1	block_3	Dreieck	X	1	0	3619377	0	1	2762	1	0	2500	other	0
Verena 	177	Picture	run_1;block_3;Viereck;M;1;1	run_1	block_3	Viereck	M	1	1	3646741	0	1	2762	1	0	2500	hit	110
Verena 	177	Response	1							3650369	3627	0
Verena 	179	Picture	run_1;block_3;Viereck;T;1;0	run_1	block_3	Viereck	T	1	0	3665570	0	1	2762	1	0	2500	other	0
Verena 	181	Picture	run_1;block_3;Viereck;E;1;0	run_1	block_3	Viereck	E	1	0	3696700	0	1	2762	1	0	2500	other	0
Verena 	183	Picture	run_1;block_3;Stern;M;1;1	run_1	block_3	Stern	M	1	1	3729839	0	1	2762	1	0	2500	hit	114
Verena 	183	Response	1							3733529	3690	0
Verena 	185	Picture	run_1;block_3;Stern;A;1;0	run_1	block_3	Stern	A	1	0	3754693	0	1	2762	1	0	2500	other	0
Verena 	187	Picture	run_1;block_3;Viereck;A;1;0	run_1	block_3	Viereck	A	1	0	3778040	0	1	2762	1	0	2500	other	0
Verena 	189	Picture	run_1;block_3;Kreis;D;1;0	run_1	block_3	Kreis	D	1	0	3805405	0	1	2762	1	0	2500	other	0
Verena 	191	Picture	run_1;block_3;Dreieck;X;1;0	run_1	block_3	Dreieck	X	1	0	3846577	0	1	2762	1	0	2500	other	0
Verena 	193	Picture	run_1;block_3;Stern;E;1;0	run_1	block_3	Stern	E	1	0	3883732	0	1	2762	1	0	2500	other	0
Verena 	195	Picture	run_1;block_3;Kreis;M;1;1	run_1	block_3	Kreis	M	1	1	3914862	0	1	2762	1	0	2500	hit	121
Verena 	195	Response	1							3918715	3853	0
Verena 	197	Picture	run_1;block_3;Dreieck;A;1;0	run_1	block_3	Dreieck	A	1	0	3933942	0	1	2762	1	0	2500	other	0
Verena 	199	Picture	run_1;block_3;Viereck;X;1;0	run_1	block_3	Viereck	X	1	0	3971097	0	1	2762	1	0	2500	other	0
Verena 	201	Picture	run_1;block_3;Viereck;T;1;0	run_1	block_3	Viereck	T	1	0	4012269	0	1	2762	1	0	2500	other	0
Verena 	203	Picture	run_1;block_3;Stern;E;1;0	run_1	block_3	Stern	E	1	0	4041391	0	1	2762	1	0	2500	other	0
Verena 	205	Picture	run_1;block_3;Dreieck;M;1;1	run_1	block_3	Dreieck	M	1	1	4080555	0	1	2761	1	0	2500	hit	127
Verena 	205	Response	1							4087250	6695	0
Verena 	207	Picture	run_1;block_3;Dreieck;D;1;0	run_1	block_3	Dreieck	D	1	0	4096622	0	1	2762	1	0	2500	other	0
Verena 	209	Picture	run_1;block_3;Stern;T;1;0	run_1	block_3	Stern	T	1	0	4133777	0	1	2762	1	0	2500	other	0
Verena 	211	Picture	run_1;block_3;Dreieck;M;1;1	run_1	block_3	Dreieck	M	1	1	4161141	0	1	2762	1	0	2500	hit	131
Verena 	211	Response	1							4164979	3838	3
Verena 	213	Picture	run_1;block_3;Dreieck;X;1;0	run_1	block_3	Dreieck	X	1	0	4172439	0	1	2762	1	0	2500	other	0
Verena 	215	Picture	run_1;block_3;Stern;E;1;0	run_1	block_3	Stern	E	1	0	4211602	0	1	2762	1	0	2500	other	0
Verena 	217	Picture	run_1;block_3;Stern;D;1;0	run_1	block_3	Stern	D	1	0	4250766	0	1	2762	1	0	2500	other	0
Verena 	219	Picture	run_1;block_3;Stern;X;1;0	run_1	block_3	Stern	X	1	0	4283904	0	1	2762	1	0	2500	other	0
Verena 	221	Picture	run_1;block_3;Viereck;X;1;0	run_1	block_3	Viereck	X	1	0	4321060	0	1	2762	1	0	2500	other	0
Verena 	223	Picture	run_1;block_3;Kreis;D;1;0	run_1	block_3	Kreis	D	1	0	4362232	0	1	2762	1	0	2500	other	0
Verena 	225	Picture	run_1;block_3;Viereck;M;1;1	run_1	block_3	Viereck	M	1	1	4389596	0	1	2762	1	0	2500	hit	139
Verena 	225	Response	1							4394678	5082	0
Verena 	226	Response	3							4431957	37089	0
Verena 	228	Picture	run_1;block_4;Viereck;3;2;0	run_1	block_4	Viereck	3	2	0	4442317	0	1	2762	1	0	2500	other	0
Verena 	230	Picture	run_1;block_4;Viereck;6;2;0	run_1	block_4	Viereck	6	2	0	4477463	0	1	2762	1	0	2500	other	0
Verena 	232	Picture	run_1;block_4;Viereck;9;2;0	run_1	block_4	Viereck	9	2	0	4502819	0	1	2762	1	0	2500	other	0
Verena 	234	Picture	run_1;block_4;Dreieck;2;2;2	run_1	block_4	Dreieck	2	2	2	4537966	0	1	2762	1	0	2500	hit	145
Verena 	234	Response	2							4541514	3548	0
Verena 	236	Picture	run_1;block_4;Viereck;6;2;0	run_1	block_4	Viereck	6	2	0	4560812	0	1	2762	1	0	2500	other	0
Verena 	238	Picture	run_1;block_4;Viereck;7;2;0	run_1	block_4	Viereck	7	2	0	4601984	0	1	2762	1	0	2500	other	0
Verena 	240	Picture	run_1;block_4;Viereck;3;2;0	run_1	block_4	Viereck	3	2	0	4625331	0	1	2762	1	0	2500	other	0
Verena 	242	Picture	run_1;block_4;Dreieck;2;2;2	run_1	block_4	Dreieck	2	2	2	4662487	0	1	2761	1	0	2500	hit	150
Verena 	242	Response	2							4665956	3469	0
Verena 	244	Picture	run_1;block_4;Kreis;4;2;0	run_1	block_4	Kreis	4	2	0	4675290	0	1	2761	1	0	2500	other	0
Verena 	246	Picture	run_1;block_4;Viereck;3;2;0	run_1	block_4	Viereck	3	2	0	4704412	0	1	2762	1	0	2500	other	0
Verena 	248	Picture	run_1;block_4;Dreieck;6;2;2	run_1	block_4	Dreieck	6	2	2	4731776	0	1	2762	1	0	2500	hit	154
Verena 	248	Response	2							4735332	3556	0
Verena 	250	Picture	run_1;block_4;Kreis;4;2;0	run_1	block_4	Kreis	4	2	0	4740814	0	1	2762	1	0	2500	other	0
Verena 	252	Picture	run_1;block_4;Dreieck;3;2;2	run_1	block_4	Dreieck	3	2	2	4773953	0	1	2761	1	0	2500	hit	157
Verena 	252	Response	2							4777845	3893	0
Verena 	254	Picture	run_1;block_4;Stern;4;2;0	run_1	block_4	Stern	4	2	0	4801066	0	1	2762	1	0	2500	other	0
Verena 	256	Picture	run_1;block_4;Stern;9;2;0	run_1	block_4	Stern	9	2	0	4842238	0	1	2762	1	0	2500	other	0
Verena 	258	Picture	run_1;block_4;Kreis;2;2;0	run_1	block_4	Kreis	2	2	0	4881402	0	1	2762	1	0	2500	other	0
Verena 	260	Picture	run_1;block_4;Viereck;4;2;0	run_1	block_4	Viereck	4	2	0	4922574	0	1	2762	1	0	2500	other	0
Verena 	262	Picture	run_1;block_4;Kreis;7;2;0	run_1	block_4	Kreis	7	2	0	4945921	0	1	2762	1	0	2500	other	0
Verena 	264	Picture	run_1;block_4;Viereck;7;2;0	run_1	block_4	Viereck	7	2	0	4985085	0	1	2762	1	0	2500	other	0
Verena 	266	Picture	run_1;block_4;Viereck;4;2;0	run_1	block_4	Viereck	4	2	0	5026257	0	1	2761	1	0	2500	other	0
Verena 	268	Picture	run_1;block_4;Viereck;6;2;0	run_1	block_4	Viereck	6	2	0	5059396	0	1	2762	1	0	2500	other	0
Verena 	270	Picture	run_1;block_4;Stern;2;2;0	run_1	block_4	Stern	2	2	0	5088517	0	1	2762	1	0	2500	other	0
Verena 	272	Picture	run_1;block_4;Dreieck;6;2;2	run_1	block_4	Dreieck	6	2	2	5111865	0	1	2762	1	0	2500	hit	168
Verena 	272	Response	2							5115873	4008	0
Verena 	274	Picture	run_1;block_4;Stern;6;2;0	run_1	block_4	Stern	6	2	0	5129187	0	1	2761	1	0	2500	other	0
Verena 	276	Picture	run_1;block_4;Viereck;2;2;0	run_1	block_4	Viereck	2	2	0	5170360	0	1	2762	1	0	2500	other	0
Verena 	278	Picture	run_1;block_4;Dreieck;9;2;2	run_1	block_4	Dreieck	9	2	2	5195715	0	1	2762	1	0	2500	hit	172
Verena 	278	Response	2							5199974	4259	0
Verena 	280	Response	3							6428956	28455	0
Verena 	281	Response	3							6493441	64070	0
Verena 	283	Picture	run_2;block_1;Kreis;T;3;0	run_2	block_1	Kreis	T	3	0	6503933	0	1	2762	1	0	2500	other	0
Verena 	285	Picture	run_2;block_1;Dreieck;A;3;0	run_2	block_1	Dreieck	A	3	0	6545105	0	1	2762	1	0	2500	other	0
Verena 	287	Picture	run_2;block_1;Kreis;T;3;0	run_2	block_1	Kreis	T	3	0	6580252	0	1	2762	1	0	2500	other	0
Verena 	289	Picture	run_2;block_1;Viereck;A;3;0	run_2	block_1	Viereck	A	3	0	6609374	0	1	2762	1	0	2500	other	0
Verena 	291	Picture	run_2;block_1;Viereck;X;3;1	run_2	block_1	Viereck	X	3	1	6648538	0	1	2762	1	0	2500	hit	180
Verena 	291	Response	1							6653580	5043	0
Verena 	293	Picture	run_2;block_1;Dreieck;D;3;0	run_2	block_1	Dreieck	D	3	0	6666864	0	1	2762	1	0	2500	other	0
Verena 	295	Picture	run_2;block_1;Kreis;T;3;0	run_2	block_1	Kreis	T	3	0	6695986	0	1	2762	1	0	2500	other	0
Verena 	297	Picture	run_2;block_1;Kreis;E;3;0	run_2	block_1	Kreis	E	3	0	6733141	0	1	2762	1	0	2500	other	0
Verena 	299	Picture	run_2;block_1;Viereck;M;3;0	run_2	block_1	Viereck	M	3	0	6772305	0	1	2762	1	0	2500	other	0
Verena 	301	Picture	run_2;block_1;Viereck;D;3;0	run_2	block_1	Viereck	D	3	0	6797661	0	1	2762	1	0	2500	other	0
Verena 	303	Picture	run_2;block_1;Kreis;D;3;0	run_2	block_1	Kreis	D	3	0	6826783	0	1	2762	1	0	2500	other	0
Verena 	305	Picture	run_2;block_1;Kreis;T;3;0	run_2	block_1	Kreis	T	3	0	6850130	0	1	2762	1	0	2500	other	0
Verena 	307	Picture	run_2;block_1;Viereck;X;3;1	run_2	block_1	Viereck	X	3	1	6883269	0	1	2762	1	0	2500	hit	189
Verena 	307	Response	1							6889346	6078	0
Verena 	309	Picture	run_2;block_1;Viereck;E;3;0	run_2	block_1	Viereck	E	3	0	6906616	0	1	2762	1	0	2500	other	0
Verena 	311	Picture	run_2;block_1;Stern;T;3;2	run_2	block_1	Stern	T	3	2	6943772	0	1	2762	1	0	2500	hit	192
Verena 	311	Response	2							6947002	3231	0
Verena 	313	Picture	run_2;block_1;Kreis;A;3;0	run_2	block_1	Kreis	A	3	0	6966115	0	1	2761	1	0	2500	other	0
Verena 	315	Picture	run_2;block_1;Viereck;D;3;0	run_2	block_1	Viereck	D	3	0	7003270	0	1	2762	1	0	2500	other	0
Verena 	317	Picture	run_2;block_1;Kreis;M;3;0	run_2	block_1	Kreis	M	3	0	7038417	0	1	2762	1	0	2500	other	0
Verena 	319	Picture	run_2;block_1;Stern;M;3;2	run_2	block_1	Stern	M	3	2	7077581	0	1	2762	1	0	2500	hit	197
Verena 	319	Response	2							7085974	8393	0
Verena 	321	Picture	run_2;block_1;Dreieck;E;3;0	run_2	block_1	Dreieck	E	3	0	7109213	0	1	2761	1	0	2500	other	0
Verena 	323	Picture	run_2;block_1;Stern;A;3;2	run_2	block_1	Stern	A	3	2	7138335	0	1	2762	1	0	2500	hit	200
Verena 	323	Response	2							7145411	7076	0
Verena 	325	Picture	run_2;block_1;Kreis;A;3;0	run_2	block_1	Kreis	A	3	0	7158670	0	1	2762	1	0	2500	other	0
Verena 	327	Picture	run_2;block_1;Dreieck;X;3;1	run_2	block_1	Dreieck	X	3	1	7191808	0	1	2762	1	0	2500	hit	203
Verena 	327	Response	1							7195558	3749	0
Verena 	329	Picture	run_2;block_1;Dreieck;M;3;0	run_2	block_1	Dreieck	M	3	0	7210888	0	1	2762	1	0	2500	other	0
Verena 	331	Picture	run_2;block_1;Kreis;D;3;0	run_2	block_1	Kreis	D	3	0	7234236	0	1	2762	1	0	2500	other	0
Verena 	333	Picture	run_2;block_1;Dreieck;T;3;0	run_2	block_1	Dreieck	T	3	0	7261600	0	1	2762	1	0	2500	other	0
Verena 	334	Response	3							7362505	82578	0
Verena 	336	Picture	run_2;block_2;Dreieck;9;3;0	run_2	block_2	Dreieck	9	3	0	7372815	0	1	2762	1	0	2500	other	0
Verena 	338	Picture	run_2;block_2;Stern;9;3;0	run_2	block_2	Stern	9	3	0	7398171	0	1	2761	1	0	2500	other	0
Verena 	340	Picture	run_2;block_2;Kreis;3;3;0	run_2	block_2	Kreis	3	3	0	7437334	0	1	2762	1	0	2500	other	0
Verena 	342	Picture	run_2;block_2;Viereck;6;3;2	run_2	block_2	Viereck	6	3	2	7478507	0	1	2761	1	0	2500	hit	212
Verena 	342	Response	2							7489802	11295	0
Verena 	344	Picture	run_2;block_2;Stern;6;3;0	run_2	block_2	Stern	6	3	0	7503109	0	1	2762	1	0	2500	other	0
Verena 	346	Picture	run_2;block_2;Dreieck;2;3;0	run_2	block_2	Dreieck	2	3	0	7530474	0	1	2761	1	0	2500	other	0
Verena 	348	Picture	run_2;block_2;Kreis;9;3;0	run_2	block_2	Kreis	9	3	0	7557838	0	1	2762	1	0	2500	other	0
Verena 	350	Picture	run_2;block_2;Dreieck;9;3;0	run_2	block_2	Dreieck	9	3	0	7599010	0	1	2762	1	0	2500	other	0
Verena 	352	Picture	run_2;block_2;Stern;7;3;0	run_2	block_2	Stern	7	3	0	7626375	0	1	2762	1	0	2500	other	0
Verena 	354	Picture	run_2;block_2;Viereck;7;3;2	run_2	block_2	Viereck	7	3	2	7649722	0	1	2762	1	0	2500	hit	219
Verena 	354	Response	2							7657144	7422	0
Verena 	356	Picture	run_2;block_2;Stern;7;3;0	run_2	block_2	Stern	7	3	0	7664534	0	1	2761	1	0	2500	other	0
Verena 	358	Picture	run_2;block_2;Kreis;7;3;0	run_2	block_2	Kreis	7	3	0	7697673	0	1	2762	1	0	2500	other	0
Verena 	360	Picture	run_2;block_2;Kreis;3;3;0	run_2	block_2	Kreis	3	3	0	7736836	0	1	2762	1	0	2500	other	0
Verena 	362	Picture	run_2;block_2;Kreis;6;3;0	run_2	block_2	Kreis	6	3	0	7760184	0	1	2762	1	0	2500	other	0
Verena 	364	Picture	run_2;block_2;Dreieck;4;3;1	run_2	block_2	Dreieck	4	3	1	7793322	0	1	2762	1	0	2500	hit	225
Verena 	364	Response	1							7797249	3926	0
Verena 	366	Picture	run_2;block_2;Kreis;2;3;0	run_2	block_2	Kreis	2	3	0	7818427	0	1	2762	1	0	2500	other	0
Verena 	368	Picture	run_2;block_2;Dreieck;2;3;0	run_2	block_2	Dreieck	2	3	0	7859599	0	1	2762	1	0	2500	other	0
Verena 	370	Picture	run_2;block_2;Kreis;4;3;1	run_2	block_2	Kreis	4	3	1	7888721	0	1	2762	1	0	2500	hit	229
Verena 	370	Response	1							7892253	3532	0
Verena 	372	Picture	run_2;block_2;Stern;9;3;0	run_2	block_2	Stern	9	3	0	7899767	0	1	2762	1	0	2500	other	0
Verena 	374	Picture	run_2;block_2;Stern;4;3;1	run_2	block_2	Stern	4	3	1	7932906	0	1	2762	1	0	2500	incorrect	232
Verena 	374	Response	2							7937621	4716	0
Verena 	376	Picture	run_2;block_2;Dreieck;9;3;0	run_2	block_2	Dreieck	9	3	0	7948722	0	1	2762	1	0	2500	other	0
Verena 	378	Picture	run_2;block_2;Stern;2;3;0	run_2	block_2	Stern	2	3	0	7985877	0	1	2762	1	0	2500	other	0
Verena 	380	Picture	run_2;block_2;Stern;9;3;0	run_2	block_2	Stern	9	3	0	8021024	0	1	2762	1	0	2500	other	0
Verena 	382	Picture	run_2;block_2;Kreis;3;3;0	run_2	block_2	Kreis	3	3	0	8046380	0	1	2762	1	0	2500	other	0
Verena 	384	Picture	run_2;block_2;Kreis;6;3;0	run_2	block_2	Kreis	6	3	0	8083535	0	1	2762	1	0	2500	other	0
Verena 	386	Picture	run_2;block_2;Viereck;9;3;2	run_2	block_2	Viereck	9	3	2	8112657	0	1	2762	1	0	2500	hit	239
Verena 	386	Response	2							8119774	7117	0
Verena 	387	Response	3							8160578	40640	0
Verena 	389	Picture	run_2;block_3;Stern;M;3;0	run_2	block_3	Stern	M	3	0	8170901	0	1	2762	1	0	2500	other	0
Verena 	391	Picture	run_2;block_3;Dreieck;X;3;0	run_2	block_3	Dreieck	X	3	0	8200022	0	1	2762	1	0	2500	other	0
Verena 	393	Picture	run_2;block_3;Viereck;A;3;1	run_2	block_3	Viereck	A	3	1	8235169	0	1	2762	1	0	2500	hit	244
Verena 	393	Response	1							8241849	6680	0
Verena 	395	Picture	run_2;block_3;Stern;X;3;0	run_2	block_3	Stern	X	3	0	8259019	0	1	2762	1	0	2500	other	0
Verena 	397	Picture	run_2;block_3;Stern;T;3;0	run_2	block_3	Stern	T	3	0	8290149	0	1	2762	1	0	2500	other	0
Verena 	399	Picture	run_2;block_3;Stern;D;3;0	run_2	block_3	Stern	D	3	0	8331321	0	1	2762	1	0	2500	other	0
Verena 	401	Picture	run_2;block_3;Kreis;X;3;2	run_2	block_3	Kreis	X	3	2	8356677	0	1	2762	1	0	2500	hit	249
Verena 	401	Response	2							8365416	8739	0
Verena 	403	Picture	run_2;block_3;Viereck;D;3;0	run_2	block_3	Viereck	D	3	0	8380527	0	1	2762	1	0	2500	other	0
Verena 	405	Picture	run_2;block_3;Viereck;T;3;0	run_2	block_3	Viereck	T	3	0	8413665	0	1	2762	1	0	2500	other	0
Verena 	407	Picture	run_2;block_3;Viereck;E;3;0	run_2	block_3	Viereck	E	3	0	8442787	0	1	2762	1	0	2500	other	0
Verena 	409	Picture	run_2;block_3;Stern;T;3;0	run_2	block_3	Stern	T	3	0	8473917	0	1	2762	1	0	2500	other	0
Verena 	411	Picture	run_2;block_3;Dreieck;X;3;0	run_2	block_3	Dreieck	X	3	0	8501281	0	1	2762	1	0	2500	other	0
Verena 	413	Picture	run_2;block_3;Dreieck;E;3;0	run_2	block_3	Dreieck	E	3	0	8542454	0	1	2762	1	0	2500	other	0
Verena 	415	Picture	run_2;block_3;Dreieck;A;3;1	run_2	block_3	Dreieck	A	3	1	8569818	0	1	2762	1	0	2500	hit	257
Verena 	415	Response	1							8575961	6143	0
Verena 	417	Picture	run_2;block_3;Stern;T;3;0	run_2	block_3	Stern	T	3	0	8591157	0	1	2761	1	0	2500	other	0
Verena 	419	Picture	run_2;block_3;Stern;E;3;0	run_2	block_3	Stern	E	3	0	8624296	0	1	2761	1	0	2500	other	0
Verena 	421	Picture	run_2;block_3;Kreis;M;3;2	run_2	block_3	Kreis	M	3	2	8657434	0	1	2762	1	0	2500	hit	261
Verena 	421	Response	2							8664595	7160	0
Verena 	423	Picture	run_2;block_3;Viereck;X;3;0	run_2	block_3	Viereck	X	3	0	8675761	0	1	2762	1	0	2500	other	0
Verena 	425	Picture	run_2;block_3;Stern;T;3;0	run_2	block_3	Stern	T	3	0	8699108	0	1	2762	1	0	2500	other	0
Verena 	427	Picture	run_2;block_3;Viereck;M;3;0	run_2	block_3	Viereck	M	3	0	8726473	0	1	2762	1	0	2500	other	0
Verena 	429	Picture	run_2;block_3;Stern;E;3;0	run_2	block_3	Stern	E	3	0	8765636	0	1	2761	1	0	2500	other	0
Verena 	431	Picture	run_2;block_3;Viereck;A;3;1	run_2	block_3	Viereck	A	3	1	8802792	0	1	2762	1	0	2500	hit	267
Verena 	431	Response	1							8807509	4718	0
Verena 	433	Picture	run_2;block_3;Stern;E;3;0	run_2	block_3	Stern	E	3	0	8812834	0	1	2762	1	0	2500	other	0
Verena 	435	Picture	run_2;block_3;Viereck;M;3;0	run_2	block_3	Viereck	M	3	0	8854006	0	1	2762	1	0	2500	other	0
Verena 	437	Picture	run_2;block_3;Kreis;X;3;2	run_2	block_3	Kreis	X	3	2	8885136	0	1	2762	1	0	2500	hit	271
Verena 	437	Response	2							8894058	8923	0
Verena 	439	Picture	run_2;block_3;Stern;X;3;0	run_2	block_3	Stern	X	3	0	8917270	0	1	2761	1	0	2500	other	0
Verena 	440	Response	3							8968077	32480	0
Verena 	442	Picture	run_2;block_4;Kreis;4;3;0	run_2	block_4	Kreis	4	3	0	8978526	0	1	2762	1	0	2500	other	0
Verena 	444	Picture	run_2;block_4;Kreis;7;3;0	run_2	block_4	Kreis	7	3	0	9005891	0	1	2762	1	0	2500	other	0
Verena 	446	Picture	run_2;block_4;Kreis;3;3;0	run_2	block_4	Kreis	3	3	0	9037021	0	1	2761	1	0	2500	other	0
Verena 	448	Picture	run_2;block_4;Stern;9;3;0	run_2	block_4	Stern	9	3	0	9062377	0	1	2762	1	0	2500	other	0
Verena 	450	Picture	run_2;block_4;Stern;7;3;0	run_2	block_4	Stern	7	3	0	9101540	0	1	2762	1	0	2500	other	0
Verena 	452	Picture	run_2;block_4;Stern;6;3;1	run_2	block_4	Stern	6	3	1	9128905	0	1	2762	1	0	2500	miss	0
Verena 	454	Picture	run_2;block_4;Stern;9;3;0	run_2	block_4	Stern	9	3	0	9154261	0	1	2762	1	0	2500	other	0
Verena 	456	Picture	run_2;block_4;Stern;6;3;1	run_2	block_4	Stern	6	3	1	9195433	0	1	2762	1	0	2500	hit	282
Verena 	456	Response	1							9201006	5573	0
Verena 	458	Picture	run_2;block_4;Kreis;7;3;0	run_2	block_4	Kreis	7	3	0	9216270	0	1	2762	1	0	2500	other	0
Verena 	460	Picture	run_2;block_4;Kreis;4;3;0	run_2	block_4	Kreis	4	3	0	9255433	0	1	2762	1	0	2500	other	0
Verena 	462	Picture	run_2;block_4;Dreieck;4;3;2	run_2	block_4	Dreieck	4	3	2	9286564	0	1	2762	1	0	2500	hit	286
Verena 	462	Response	2							9290185	3621	0
Verena 	464	Picture	run_2;block_4;Viereck;2;3;0	run_2	block_4	Viereck	2	3	0	9311417	0	1	2762	1	0	2500	other	0
Verena 	466	Picture	run_2;block_4;Stern;9;3;0	run_2	block_4	Stern	9	3	0	9348573	0	1	2762	1	0	2500	other	0
Verena 	468	Picture	run_2;block_4;Viereck;2;3;0	run_2	block_4	Viereck	2	3	0	9373929	0	1	2762	1	0	2500	other	0
Verena 	470	Picture	run_2;block_4;Viereck;9;3;0	run_2	block_4	Viereck	9	3	0	9401293	0	1	2762	1	0	2500	other	0
Verena 	472	Picture	run_2;block_4;Dreieck;4;3;2	run_2	block_4	Dreieck	4	3	2	9440457	0	1	2762	1	0	2500	hit	292
Verena 	472	Response	2							9449089	8632	0
Verena 	474	Picture	run_2;block_4;Kreis;9;3;0	run_2	block_4	Kreis	9	3	0	9462298	0	1	2762	1	0	2500	other	0
Verena 	476	Picture	run_2;block_4;Viereck;4;3;0	run_2	block_4	Viereck	4	3	0	9487654	0	1	2761	1	0	2500	other	0
Verena 	478	Picture	run_2;block_4;Viereck;3;3;0	run_2	block_4	Viereck	3	3	0	9526818	0	1	2762	1	0	2500	other	0
Verena 	480	Picture	run_2;block_4;Kreis;4;3;0	run_2	block_4	Kreis	4	3	0	9554182	0	1	2762	1	0	2500	other	0
Verena 	482	Picture	run_2;block_4;Stern;7;3;0	run_2	block_4	Stern	7	3	0	9587321	0	1	2762	1	0	2500	other	0
Verena 	484	Picture	run_2;block_4;Kreis;3;3;0	run_2	block_4	Kreis	3	3	0	9610668	0	1	2762	1	0	2500	other	0
Verena 	486	Picture	run_2;block_4;Dreieck;7;3;2	run_2	block_4	Dreieck	7	3	2	9636024	0	1	2762	1	0	2500	hit	300
Verena 	486	Response	2							9650444	14420	0
Verena 	488	Picture	run_2;block_4;Kreis;7;3;0	run_2	block_4	Kreis	7	3	0	9659874	0	1	2762	1	0	2500	other	0
Verena 	490	Picture	run_2;block_4;Stern;6;3;1	run_2	block_4	Stern	6	3	1	9697029	0	1	2762	1	0	2500	hit	303
Verena 	490	Response	1							9703977	6948	0
Verena 	492	Picture	run_2;block_4;Viereck;2;3;0	run_2	block_4	Viereck	2	3	0	9725147	0	1	2762	1	0	2500	other	0
Verena 	494	Response	3							10970902	27413	0
Verena 	495	Response	3							11022554	51449	0
Verena 	497	Picture	run_3;block_1;Dreieck;D;2;0	run_3	block_1	Dreieck	D	2	0	11032862	0	1	2762	1	0	2500	false_alarm	308
Verena 	497	Response	2							11036069	3207	0
Verena 	499	Picture	run_3;block_1;Kreis;A;2;0	run_3	block_1	Kreis	A	2	0	11047172	0	1	2762	1	0	2500	other	0
Verena 	501	Picture	run_3;block_1;Stern;M;2;2	run_3	block_1	Stern	M	2	2	11084328	0	1	2762	1	0	2500	hit	311
Verena 	501	Response	2							11087506	3178	0
Verena 	503	Picture	run_3;block_1;Viereck;T;2;0	run_3	block_1	Viereck	T	2	0	11092863	0	1	2761	1	0	2500	other	0
Verena 	505	Picture	run_3;block_1;Kreis;X;2;0	run_3	block_1	Kreis	X	2	0	11116211	0	1	2762	1	0	2500	other	0
Verena 	507	Picture	run_3;block_1;Stern;D;2;2	run_3	block_1	Stern	D	2	2	11151358	0	1	2762	1	0	2500	hit	315
Verena 	507	Response	2							11155028	3670	0
Verena 	509	Picture	run_3;block_1;Kreis;E;2;0	run_3	block_1	Kreis	E	2	0	11174203	0	1	2762	1	0	2500	other	0
Verena 	511	Picture	run_3;block_1;Kreis;T;2;0	run_3	block_1	Kreis	T	2	0	11205333	0	1	2762	1	0	2500	other	0
Verena 	513	Picture	run_3;block_1;Kreis;A;2;0	run_3	block_1	Kreis	A	2	0	11246505	0	1	2762	1	0	2500	other	0
Verena 	515	Picture	run_3;block_1;Stern;A;2;2	run_3	block_1	Stern	A	2	2	11287677	0	1	2762	1	0	2500	hit	320
Verena 	515	Response	2							11291493	3816	0
Verena 	517	Picture	run_3;block_1;Kreis;T;2;0	run_3	block_1	Kreis	T	2	0	11304749	0	1	2762	1	0	2500	other	0
Verena 	519	Picture	run_3;block_1;Kreis;E;2;0	run_3	block_1	Kreis	E	2	0	11328096	0	1	2762	1	0	2500	other	0
Verena 	521	Picture	run_3;block_1;Stern;M;2;2	run_3	block_1	Stern	M	2	2	11351444	0	1	2762	1	0	2500	hit	324
Verena 	521	Response	2							11355048	3605	0
Verena 	523	Picture	run_3;block_1;Kreis;X;2;0	run_3	block_1	Kreis	X	2	0	11366256	0	1	2761	1	0	2500	other	0
Verena 	525	Picture	run_3;block_1;Viereck;M;2;0	run_3	block_1	Viereck	M	2	0	11389603	0	1	2762	1	0	2500	other	0
Verena 	527	Picture	run_3;block_1;Dreieck;M;2;0	run_3	block_1	Dreieck	M	2	0	11412951	0	1	2762	1	0	2500	other	0
Verena 	529	Picture	run_3;block_1;Kreis;T;2;0	run_3	block_1	Kreis	T	2	0	11442073	0	1	2762	1	0	2500	other	0
Verena 	531	Picture	run_3;block_1;Dreieck;D;2;0	run_3	block_1	Dreieck	D	2	0	11475211	0	1	2761	1	0	2500	other	0
Verena 	533	Picture	run_3;block_1;Stern;M;2;2	run_3	block_1	Stern	M	2	2	11516383	0	1	2762	1	0	2500	hit	331
Verena 	533	Response	2							11520170	3787	0
Verena 	535	Picture	run_3;block_1;Dreieck;T;2;0	run_3	block_1	Dreieck	T	2	0	11537472	0	1	2761	1	0	2500	other	0
Verena 	537	Picture	run_3;block_1;Dreieck;M;2;0	run_3	block_1	Dreieck	M	2	0	11560819	0	1	2762	1	0	2500	other	0
Verena 	539	Picture	run_3;block_1;Dreieck;A;2;0	run_3	block_1	Dreieck	A	2	0	11591949	0	1	2761	1	0	2500	other	0
Verena 	541	Picture	run_3;block_1;Stern;E;2;2	run_3	block_1	Stern	E	2	2	11615297	0	1	2762	1	0	2500	hit	336
Verena 	541	Response	2							11626138	10842	0
Verena 	543	Picture	run_3;block_1;Viereck;E;2;0	run_3	block_1	Viereck	E	2	0	11643414	0	1	2762	1	0	2500	other	0
Verena 	545	Picture	run_3;block_1;Dreieck;X;2;0	run_3	block_1	Dreieck	X	2	0	11668770	0	1	2762	1	0	2500	other	0
Verena 	547	Picture	run_3;block_1;Dreieck;E;2;0	run_3	block_1	Dreieck	E	2	0	11697892	0	1	2762	1	0	2500	other	0
Verena 	548	Response	3							11900911	184692	0
Verena 	550	Picture	run_3;block_2;Stern;3;3;0	run_3	block_2	Stern	3	3	0	11911033	0	1	2762	1	0	2500	other	0
Verena 	552	Picture	run_3;block_2;Kreis;2;3;0	run_3	block_2	Kreis	2	3	0	11938397	0	1	2762	1	0	2500	other	0
Verena 	554	Picture	run_3;block_2;Stern;9;3;0	run_3	block_2	Stern	9	3	0	11963753	0	1	2762	1	0	2500	other	0
Verena 	556	Picture	run_3;block_2;Dreieck;3;3;0	run_3	block_2	Dreieck	3	3	0	11989109	0	1	2762	1	0	2500	other	0
Verena 	558	Picture	run_3;block_2;Stern;3;3;0	run_3	block_2	Stern	3	3	0	12026264	0	1	2762	1	0	2500	other	0
Verena 	560	Picture	run_3;block_2;Viereck;3;3;2	run_3	block_2	Viereck	3	3	2	12065428	0	1	2762	1	0	2500	hit	347
Verena 	560	Response	2							12071477	6049	0
Verena 	562	Picture	run_3;block_2;Dreieck;2;3;0	run_3	block_2	Dreieck	2	3	0	12088776	0	1	2762	1	0	2500	other	0
Verena 	564	Picture	run_3;block_2;Stern;3;3;0	run_3	block_2	Stern	3	3	0	12121914	0	1	2762	1	0	2500	other	0
Verena 	566	Picture	run_3;block_2;Dreieck;7;3;1	run_3	block_2	Dreieck	7	3	1	12161078	0	1	2762	1	0	2500	hit	351
Verena 	566	Response	1							12166772	5694	0
Verena 	568	Picture	run_3;block_2;Stern;6;3;0	run_3	block_2	Stern	6	3	0	12181915	0	1	2762	1	0	2500	other	0
Verena 	570	Picture	run_3;block_2;Dreieck;3;3;0	run_3	block_2	Dreieck	3	3	0	12209279	0	1	2762	1	0	2500	other	0
Verena 	572	Picture	run_3;block_2;Dreieck;9;3;0	run_3	block_2	Dreieck	9	3	0	12238401	0	1	2762	1	0	2500	other	0
Verena 	574	Picture	run_3;block_2;Stern;3;3;0	run_3	block_2	Stern	3	3	0	12273548	0	1	2762	1	0	2500	other	0
Verena 	576	Picture	run_3;block_2;Stern;4;3;0	run_3	block_2	Stern	4	3	0	12310703	0	1	2761	1	0	2500	other	0
Verena 	578	Picture	run_3;block_2;Kreis;3;3;0	run_3	block_2	Kreis	3	3	0	12345850	0	1	2762	1	0	2500	other	0
Verena 	580	Picture	run_3;block_2;Kreis;7;3;1	run_3	block_2	Kreis	7	3	1	12380997	0	1	2762	1	0	2500	hit	359
Verena 	580	Response	1							12389079	8082	0
Verena 	582	Picture	run_3;block_2;Kreis;4;3;0	run_3	block_2	Kreis	4	3	0	12396562	0	1	2762	1	0	2500	other	0
Verena 	584	Picture	run_3;block_2;Viereck;3;3;2	run_3	block_2	Viereck	3	3	2	12427692	0	1	2762	1	0	2500	hit	362
Verena 	584	Response	2							12431207	3515	0
Verena 	586	Picture	run_3;block_2;Kreis;4;3;0	run_3	block_2	Kreis	4	3	0	12448529	0	1	2762	1	0	2500	other	0
Verena 	588	Picture	run_3;block_2;Kreis;6;3;0	run_3	block_2	Kreis	6	3	0	12479659	0	1	2762	1	0	2500	other	0
Verena 	590	Picture	run_3;block_2;Kreis;3;3;0	run_3	block_2	Kreis	3	3	0	12518823	0	1	2762	1	0	2500	other	0
Verena 	592	Picture	run_3;block_2;Kreis;6;3;0	run_3	block_2	Kreis	6	3	0	12544179	0	1	2762	1	0	2500	other	0
Verena 	594	Picture	run_3;block_2;Viereck;2;3;2	run_3	block_2	Viereck	2	3	2	12573301	0	1	2762	1	0	2500	hit	368
Verena 	594	Response	2							12580863	7562	0
Verena 	596	Picture	run_3;block_2;Dreieck;4;3;0	run_3	block_2	Dreieck	4	3	0	12604180	0	1	2761	1	0	2500	other	0
Verena 	598	Picture	run_3;block_2;Dreieck;7;3;1	run_3	block_2	Dreieck	7	3	1	12641335	0	1	2762	1	0	2500	hit	371
Verena 	598	Response	1							12645011	3676	0
Verena 	600	Picture	run_3;block_2;Dreieck;2;3;0	run_3	block_2	Dreieck	2	3	0	12660164	0	1	2762	1	0	2500	other	0
Verena 	601	Response	3							12710670	32180	0
Verena 	603	Picture	run_3;block_3;Stern;A;1;0	run_3	block_3	Stern	A	1	0	12720918	0	1	2762	1	0	2500	other	0
Verena 	605	Picture	run_3;block_3;Viereck;A;1;0	run_3	block_3	Viereck	A	1	0	12754056	0	1	2762	1	0	2500	other	0
Verena 	607	Picture	run_3;block_3;Kreis;E;1;0	run_3	block_3	Kreis	E	1	0	12779412	0	1	2762	1	0	2500	other	0
Verena 	609	Picture	run_3;block_3;Dreieck;T;1;1	run_3	block_3	Dreieck	T	1	1	12814559	0	1	2762	1	0	2500	hit	378
Verena 	609	Response	1							12818756	4196	0
Verena 	611	Picture	run_3;block_3;Stern;D;1;0	run_3	block_3	Stern	D	1	0	12837907	0	1	2762	1	0	2500	other	0
Verena 	613	Picture	run_3;block_3;Stern;A;1;0	run_3	block_3	Stern	A	1	0	12865271	0	1	2762	1	0	2500	other	0
Verena 	615	Picture	run_3;block_3;Stern;X;1;0	run_3	block_3	Stern	X	1	0	12888619	0	1	2762	1	0	2500	other	0
Verena 	617	Picture	run_3;block_3;Viereck;T;1;1	run_3	block_3	Viereck	T	1	1	12923766	0	1	2762	1	0	2500	hit	383
Verena 	617	Response	1							12930272	6507	0
Verena 	619	Picture	run_3;block_3;Kreis;X;1;0	run_3	block_3	Kreis	X	1	0	12947615	0	1	2762	1	0	2500	other	0
Verena 	621	Picture	run_3;block_3;Stern;E;1;0	run_3	block_3	Stern	E	1	0	12976737	0	1	2762	1	0	2500	other	0
Verena 	623	Picture	run_3;block_3;Viereck;X;1;0	run_3	block_3	Viereck	X	1	0	13007867	0	1	2762	1	0	2500	other	0
Verena 	625	Picture	run_3;block_3;Dreieck;T;1;1	run_3	block_3	Dreieck	T	1	1	13047031	0	1	2762	1	0	2500	hit	388
Verena 	625	Response	1							13051058	4028	2
Verena 	627	Picture	run_3;block_3;Viereck;E;1;0	run_3	block_3	Viereck	E	1	0	13068370	0	1	2762	1	0	2500	other	0
Verena 	629	Picture	run_3;block_3;Dreieck;T;1;1	run_3	block_3	Dreieck	T	1	1	13105525	0	1	2762	1	0	2500	hit	391
Verena 	629	Response	1							13109276	3750	0
Verena 	631	Picture	run_3;block_3;Stern;E;1;0	run_3	block_3	Stern	E	1	0	13118831	0	1	2761	1	0	2500	other	0
Verena 	633	Picture	run_3;block_3;Kreis;A;1;0	run_3	block_3	Kreis	A	1	0	13149961	0	1	2762	1	0	2500	other	0
Verena 	635	Picture	run_3;block_3;Viereck;E;1;0	run_3	block_3	Viereck	E	1	0	13191133	0	1	2762	1	0	2500	other	0
Verena 	637	Picture	run_3;block_3;Stern;A;1;0	run_3	block_3	Stern	A	1	0	13228288	0	1	2762	1	0	2500	other	0
Verena 	639	Picture	run_3;block_3;Kreis;T;1;1	run_3	block_3	Kreis	T	1	1	13257410	0	1	2762	1	0	2500	hit	397
Verena 	639	Response	1							13260811	3401	0
Verena 	641	Picture	run_3;block_3;Stern;E;1;0	run_3	block_3	Stern	E	1	0	13275988	0	1	2762	1	0	2500	other	0
Verena 	643	Picture	run_3;block_3;Dreieck;M;1;0	run_3	block_3	Dreieck	M	1	0	13309126	0	1	2762	1	0	2500	other	0
Verena 	645	Picture	run_3;block_3;Dreieck;X;1;0	run_3	block_3	Dreieck	X	1	0	13344273	0	1	2762	1	0	2500	other	0
Verena 	647	Picture	run_3;block_3;Kreis;D;1;0	run_3	block_3	Kreis	D	1	0	13381429	0	1	2761	1	0	2500	other	0
Verena 	649	Picture	run_3;block_3;Dreieck;E;1;0	run_3	block_3	Dreieck	E	1	0	13404776	0	1	2762	1	0	2500	other	0
Verena 	651	Picture	run_3;block_3;Stern;D;1;0	run_3	block_3	Stern	D	1	0	13445948	0	1	2762	1	0	2500	other	0
Verena 	653	Picture	run_3;block_3;Kreis;T;1;1	run_3	block_3	Kreis	T	1	1	13473313	0	1	2762	1	0	2500	hit	405
Verena 	653	Response	1							13478478	5165	0
Verena 	654	Response	3							13524254	45418	0
Verena 	656	Picture	run_3;block_4;Viereck;4;3;0	run_3	block_4	Viereck	4	3	0	13534569	0	1	2762	1	0	2500	other	0
Verena 	658	Picture	run_3;block_4;Dreieck;3;3;0	run_3	block_4	Dreieck	3	3	0	13573732	0	1	2762	1	0	2500	other	0
Verena 	660	Picture	run_3;block_4;Viereck;6;3;0	run_3	block_4	Viereck	6	3	0	13597080	0	1	2762	1	0	2500	other	0
Verena 	662	Picture	run_3;block_4;Kreis;4;3;2	run_3	block_4	Kreis	4	3	2	13632227	0	1	2762	1	0	2500	hit	411
Verena 	662	Response	2							13638613	6387	0
Verena 	664	Picture	run_3;block_4;Viereck;6;3;0	run_3	block_4	Viereck	6	3	0	13646034	0	1	2762	1	0	2500	other	0
Verena 	666	Picture	run_3;block_4;Viereck;9;3;1	run_3	block_4	Viereck	9	3	1	13681181	0	1	2761	1	0	2500	hit	414
Verena 	666	Response	1							13687283	6102	0
Verena 	668	Picture	run_3;block_4;Dreieck;4;3;0	run_3	block_4	Dreieck	4	3	0	13696746	0	1	2762	1	0	2500	other	0
Verena 	670	Picture	run_3;block_4;Stern;9;3;1	run_3	block_4	Stern	9	3	1	13722102	0	1	2762	1	0	2500	incorrect	417
Verena 	670	Response	2							13726889	4787	0
Verena 	671	Response	1							13728603	1479	0
Verena 	672	Picture	run_3;block_4;Stern;3;3;0	run_3	block_4	Stern	3	3	0	13738169	0	1	2762	1	0	2500	other	0
Verena 	674	Picture	run_3;block_4;Stern;2;3;0	run_3	block_4	Stern	2	3	0	13765534	0	1	2762	1	0	2500	other	0
Verena 	676	Picture	run_3;block_4;Dreieck;6;3;0	run_3	block_4	Dreieck	6	3	0	13802689	0	1	2762	1	0	2500	other	0
Verena 	678	Picture	run_3;block_4;Stern;7;3;0	run_3	block_4	Stern	7	3	0	13841853	0	1	2762	1	0	2500	other	0
Verena 	680	Picture	run_3;block_4;Dreieck;7;3;0	run_3	block_4	Dreieck	7	3	0	13872983	0	1	2762	1	0	2500	other	0
Verena 	682	Picture	run_3;block_4;Kreis;2;3;2	run_3	block_4	Kreis	2	3	2	13906121	0	1	2762	1	0	2500	hit	425
Verena 	682	Response	2							13913660	7538	0
Verena 	684	Picture	run_3;block_4;Stern;4;3;0	run_3	block_4	Stern	4	3	0	13923193	0	1	2762	1	0	2500	other	0
Verena 	686	Picture	run_3;block_4;Dreieck;2;3;0	run_3	block_4	Dreieck	2	3	0	13962357	0	1	2761	1	0	2500	other	0
Verena 	688	Picture	run_3;block_4;Stern;2;3;0	run_3	block_4	Stern	2	3	0	14003529	0	1	2762	1	0	2500	other	0
Verena 	690	Picture	run_3;block_4;Stern;9;3;1	run_3	block_4	Stern	9	3	1	14032650	0	1	2762	1	0	2500	hit	430
Verena 	690	Response	1							14039457	6807	0
Verena 	692	Picture	run_3;block_4;Stern;6;3;0	run_3	block_4	Stern	6	3	0	14060768	0	1	2762	1	0	2500	other	0
Verena 	694	Picture	run_3;block_4;Stern;3;3;0	run_3	block_4	Stern	3	3	0	14091898	0	1	2762	1	0	2500	other	0
Verena 	696	Picture	run_3;block_4;Dreieck;2;3;0	run_3	block_4	Dreieck	2	3	0	14123028	0	1	2762	1	0	2500	other	0
Verena 	698	Picture	run_3;block_4;Dreieck;7;3;0	run_3	block_4	Dreieck	7	3	0	14164200	0	1	2761	1	0	2500	other	0
Verena 	700	Picture	run_3;block_4;Viereck;4;3;0	run_3	block_4	Viereck	4	3	0	14203364	0	1	2762	1	0	2500	other	0
Verena 	702	Picture	run_3;block_4;Kreis;2;3;2	run_3	block_4	Kreis	2	3	2	14238511	0	1	2762	1	0	2500	hit	437
Verena 	702	Response	2							14247089	8578	0
Verena 	704	Picture	run_3;block_4;Viereck;7;3;0	run_3	block_4	Viereck	7	3	0	14254578	0	1	2762	1	0	2500	other	0
Verena 	706	Picture	run_3;block_4;Dreieck;6;3;0	run_3	block_4	Dreieck	6	3	0	14289725	0	1	2762	1	0	2500	other	0
Verena 	707	Response	3							14333131	25080	0
Verena 	709	Picture	run_3;block_5;Stern;4;2;0	run_3	block_5	Stern	4	2	0	14343449	0	1	2762	1	0	2500	other	0
Verena 	711	Picture	run_3;block_5;Stern;2;2;0	run_3	block_5	Stern	2	2	0	14380605	0	1	2762	1	0	2500	other	0
Verena 	713	Picture	run_3;block_5;Kreis;4;2;0	run_3	block_5	Kreis	4	2	0	14407969	0	1	2762	1	0	2500	other	0
Verena 	715	Picture	run_3;block_5;Kreis;6;2;0	run_3	block_5	Kreis	6	2	0	14439099	0	1	2762	1	0	2500	other	0
Verena 	717	Picture	run_3;block_5;Viereck;7;2;0	run_3	block_5	Viereck	7	2	0	14464455	0	1	2762	1	0	2500	other	0
Verena 	719	Picture	run_3;block_5;Stern;2;2;0	run_3	block_5	Stern	2	2	0	14493577	0	1	2761	1	0	2500	other	0
Verena 	721	Picture	run_3;block_5;Dreieck;3;2;2	run_3	block_5	Dreieck	3	2	2	14524707	0	1	2762	1	0	2500	hit	448
Verena 	721	Response	2							14528665	3958	0
Verena 	723	Picture	run_3;block_5;Stern;2;2;0	run_3	block_5	Stern	2	2	0	14536004	0	1	2762	1	0	2500	other	0
Verena 	725	Picture	run_3;block_5;Viereck;3;2;0	run_3	block_5	Viereck	3	2	0	14565126	0	1	2762	1	0	2500	other	0
Verena 	727	Picture	run_3;block_5;Stern;7;2;0	run_3	block_5	Stern	7	2	0	14606298	0	1	2762	1	0	2500	other	0
Verena 	729	Picture	run_3;block_5;Kreis;4;2;0	run_3	block_5	Kreis	4	2	0	14631654	0	1	2762	1	0	2500	other	0
Verena 	731	Picture	run_3;block_5;Viereck;4;2;0	run_3	block_5	Viereck	4	2	0	14660776	0	1	2762	1	0	2500	other	0
Verena 	733	Picture	run_3;block_5;Dreieck;2;2;2	run_3	block_5	Dreieck	2	2	2	14691906	0	1	2762	1	0	2500	hit	455
Verena 	733	Response	2							14695600	3695	0
Verena 	735	Picture	run_3;block_5;Kreis;2;2;0	run_3	block_5	Kreis	2	2	0	14714751	0	1	2762	1	0	2500	other	0
Verena 	737	Picture	run_3;block_5;Stern;4;2;0	run_3	block_5	Stern	4	2	0	14747890	0	1	2761	1	0	2500	other	0
Verena 	739	Picture	run_3;block_5;Viereck;7;2;0	run_3	block_5	Viereck	7	2	0	14781028	0	1	2762	1	0	2500	other	0
Verena 	741	Picture	run_3;block_5;Stern;2;2;0	run_3	block_5	Stern	2	2	0	14808393	0	1	2762	1	0	2500	other	0
Verena 	743	Picture	run_3;block_5;Dreieck;3;2;2	run_3	block_5	Dreieck	3	2	2	14831740	0	1	2762	1	0	2500	hit	461
Verena 	743	Response	2							14835959	4219	0
Verena 	745	Picture	run_3;block_5;Viereck;6;2;0	run_3	block_5	Viereck	6	2	0	14847054	0	1	2762	1	0	2500	other	0
Verena 	747	Picture	run_3;block_5;Dreieck;9;2;2	run_3	block_5	Dreieck	9	2	2	14876176	0	1	2762	1	0	2500	hit	464
Verena 	747	Response	2							14880830	4654	0
Verena 	749	Picture	run_3;block_5;Stern;7;2;0	run_3	block_5	Stern	7	2	0	14896009	0	1	2762	1	0	2500	other	0
Verena 	751	Picture	run_3;block_5;Dreieck;7;2;2	run_3	block_5	Dreieck	7	2	2	14921365	0	1	2762	1	0	2500	hit	467
Verena 	751	Response	2							14927087	5722	0
Verena 	753	Picture	run_3;block_5;Kreis;2;2;0	run_3	block_5	Kreis	2	2	0	14942202	0	1	2762	1	0	2500	other	0
Verena 	755	Picture	run_3;block_5;Dreieck;6;2;2	run_3	block_5	Dreieck	6	2	2	14977349	0	1	2762	1	0	2500	hit	470
Verena 	755	Response	2							14981224	3876	0
Verena 	757	Picture	run_3;block_5;Viereck;7;2;0	run_3	block_5	Viereck	7	2	0	15000445	0	1	2762	1	0	2500	other	0
Verena 	759	Picture	run_3;block_5;Viereck;6;2;0	run_3	block_5	Viereck	6	2	0	15041617	0	1	2762	1	0	2500	false_alarm	473
Verena 	759	Response	2							15044562	2945	0
Verena 	760	Response	3							15078398	33517	3
Verena 	762	Picture	run_3;block_6;Kreis;M;3;0	run_3	block_6	Kreis	M	3	0	15088815	0	1	2762	1	0	2500	other	0
Verena 	764	Picture	run_3;block_6;Viereck;T;3;0	run_3	block_6	Viereck	T	3	0	15112162	0	1	2761	1	0	2500	other	0
Verena 	766	Picture	run_3;block_6;Viereck;E;3;1	run_3	block_6	Viereck	E	3	1	15151326	0	1	2762	1	0	2500	hit	478
Verena 	766	Response	1							15157493	6167	0
Verena 	768	Picture	run_3;block_6;Kreis;M;3;0	run_3	block_6	Kreis	M	3	0	15164883	0	1	2762	1	0	2500	other	0
Verena 	770	Picture	run_3;block_6;Stern;X;3;2	run_3	block_6	Stern	X	3	2	15198021	0	1	2762	1	0	2500	hit	481
Verena 	770	Response	2							15201667	3646	0
Verena 	772	Picture	run_3;block_6;Viereck;X;3;0	run_3	block_6	Viereck	X	3	0	15218858	0	1	2762	1	0	2500	other	0
Verena 	774	Picture	run_3;block_6;Viereck;M;3;0	run_3	block_6	Viereck	M	3	0	15260030	0	1	2762	1	0	2500	other	0
Verena 	776	Picture	run_3;block_6;Viereck;X;3;0	run_3	block_6	Viereck	X	3	0	15295177	0	1	2762	1	0	2500	other	0
Verena 	778	Picture	run_3;block_6;Kreis;X;3;0	run_3	block_6	Kreis	X	3	0	15334341	0	1	2762	1	0	2500	other	0
Verena 	780	Picture	run_3;block_6;Viereck;A;3;0	run_3	block_6	Viereck	A	3	0	15357688	0	1	2762	1	0	2500	other	0
Verena 	782	Picture	run_3;block_6;Stern;M;3;2	run_3	block_6	Stern	M	3	2	15396852	0	1	2762	1	0	2500	hit	488
Verena 	782	Response	2							15399772	2920	0
Verena 	784	Picture	run_3;block_6;Kreis;A;3;0	run_3	block_6	Kreis	A	3	0	15422961	0	1	2762	1	0	2500	other	0
Verena 	786	Picture	run_3;block_6;Kreis;X;3;0	run_3	block_6	Kreis	X	3	0	15450326	0	1	2762	1	0	2500	other	0
Verena 	788	Picture	run_3;block_6;Dreieck;T;3;0	run_3	block_6	Dreieck	T	3	0	15487481	0	1	2762	1	0	2500	other	0
Verena 	790	Picture	run_3;block_6;Stern;A;3;2	run_3	block_6	Stern	A	3	2	15522628	0	1	2762	1	0	2500	hit	493
Verena 	790	Response	2							15529612	6985	0
Verena 	792	Picture	run_3;block_6;Dreieck;M;3;0	run_3	block_6	Dreieck	M	3	0	15544720	0	1	2762	1	0	2500	other	0
Verena 	794	Picture	run_3;block_6;Dreieck;D;3;0	run_3	block_6	Dreieck	D	3	0	15572085	0	1	2762	1	0	2500	other	0
Verena 	796	Picture	run_3;block_6;Viereck;M;3;0	run_3	block_6	Viereck	M	3	0	15611248	0	1	2762	1	0	2500	other	0
Verena 	798	Picture	run_3;block_6;Kreis;M;3;0	run_3	block_6	Kreis	M	3	0	15650412	0	1	2761	1	0	2500	other	0
Verena 	800	Picture	run_3;block_6;Kreis;D;3;0	run_3	block_6	Kreis	D	3	0	15675768	0	1	2762	1	0	2500	other	0
Verena 	802	Picture	run_3;block_6;Kreis;T;3;0	run_3	block_6	Kreis	T	3	0	15716940	0	1	2762	1	0	2500	other	0
Verena 	804	Picture	run_3;block_6;Viereck;E;3;1	run_3	block_6	Viereck	E	3	1	15746062	0	1	2762	1	0	2500	hit	501
Verena 	804	Response	1							15750618	4557	0
Verena 	806	Picture	run_3;block_6;Viereck;D;3;0	run_3	block_6	Viereck	D	3	0	15769911	0	1	2762	1	0	2500	other	0
Verena 	808	Picture	run_3;block_6;Viereck;M;3;0	run_3	block_6	Viereck	M	3	0	15801041	0	1	2762	1	0	2500	other	0
Verena 	810	Picture	run_3;block_6;Kreis;X;3;0	run_3	block_6	Kreis	X	3	0	15826397	0	1	2762	1	0	2500	other	0
Verena 	812	Picture	run_3;block_6;Dreieck;E;3;1	run_3	block_6	Dreieck	E	3	1	15851753	0	1	2762	1	0	2500	hit	506
Verena 	812	Response	1							15861209	9455	0
Verena 	813	Response	3							15894035	32491	0
Verena 	815	Picture	run_3;block_7;Viereck;3;1;0	run_3	block_7	Viereck	3	1	0	15904474	0	1	2762	1	0	2500	other	0
Verena 	817	Picture	run_3;block_7;Viereck;7;1;0	run_3	block_7	Viereck	7	1	0	15929830	0	1	2762	1	0	2500	other	0
Verena 	819	Picture	run_3;block_7;Kreis;2;1;1	run_3	block_7	Kreis	2	1	1	15971002	0	1	2762	1	0	2500	hit	511
Verena 	819	Response	1							15974458	3456	0
Verena 	821	Picture	run_3;block_7;Dreieck;3;1;0	run_3	block_7	Dreieck	3	1	0	15985563	0	1	2762	1	0	2500	other	0
Verena 	823	Picture	run_3;block_7;Stern;3;1;0	run_3	block_7	Stern	3	1	0	16026735	0	1	2761	1	0	2500	other	0
Verena 	825	Picture	run_3;block_7;Kreis;6;1;0	run_3	block_7	Kreis	6	1	0	16052091	0	1	2761	1	0	2500	other	0
Verena 	827	Picture	run_3;block_7;Stern;2;1;1	run_3	block_7	Stern	2	1	1	16083221	0	1	2761	1	0	2500	hit	516
Verena 	827	Response	1							16086760	3539	0
Verena 	829	Picture	run_3;block_7;Dreieck;6;1;0	run_3	block_7	Dreieck	6	1	0	16102050	0	1	2762	1	0	2500	other	0
Verena 	831	Picture	run_3;block_7;Stern;4;1;0	run_3	block_7	Stern	4	1	0	16137196	0	1	2761	1	0	2500	other	0
Verena 	833	Picture	run_3;block_7;Kreis;7;1;0	run_3	block_7	Kreis	7	1	0	16160544	0	1	2762	1	0	2500	other	0
Verena 	835	Picture	run_3;block_7;Dreieck;6;1;0	run_3	block_7	Dreieck	6	1	0	16193683	0	1	2762	1	0	2500	other	0
Verena 	837	Picture	run_3;block_7;Kreis;6;1;0	run_3	block_7	Kreis	6	1	0	16219039	0	1	2762	1	0	2500	other	0
Verena 	839	Picture	run_3;block_7;Kreis;7;1;0	run_3	block_7	Kreis	7	1	0	16242386	0	1	2762	1	0	2500	other	0
Verena 	841	Picture	run_3;block_7;Kreis;9;1;0	run_3	block_7	Kreis	9	1	0	16277533	0	1	2762	1	0	2500	other	0
Verena 	843	Picture	run_3;block_7;Dreieck;2;1;1	run_3	block_7	Dreieck	2	1	1	16316697	0	1	2762	1	0	2500	hit	525
Verena 	843	Response	1							16321469	4773	0
Verena 	845	Picture	run_3;block_7;Dreieck;3;1;0	run_3	block_7	Dreieck	3	1	0	16338789	0	1	2762	1	0	2500	other	0
Verena 	847	Picture	run_3;block_7;Kreis;7;1;0	run_3	block_7	Kreis	7	1	0	16377953	0	1	2762	1	0	2500	other	0
Verena 	849	Picture	run_3;block_7;Stern;6;1;0	run_3	block_7	Stern	6	1	0	16415108	0	1	2761	1	0	2500	other	0
Verena 	851	Picture	run_3;block_7;Stern;3;1;0	run_3	block_7	Stern	3	1	0	16452263	0	1	2762	1	0	2500	other	0
Verena 	853	Picture	run_3;block_7;Dreieck;2;1;1	run_3	block_7	Dreieck	2	1	1	16475611	0	1	2762	1	0	2500	hit	531
Verena 	853	Response	1							16479361	3750	0
Verena 	855	Picture	run_3;block_7;Viereck;3;1;0	run_3	block_7	Viereck	3	1	0	16486908	0	1	2761	1	0	2500	other	0
Verena 	857	Picture	run_3;block_7;Stern;2;1;1	run_3	block_7	Stern	2	1	1	16520041	0	6	2767	6	0	2500	hit	534
Verena 	857	Response	1							16524024	3982	0
Verena 	859	Picture	run_3;block_7;Viereck;7;1;0	run_3	block_7	Viereck	7	1	0	16539126	0	1	2762	1	0	2500	other	0
Verena 	861	Picture	run_3;block_7;Stern;3;1;0	run_3	block_7	Stern	3	1	0	16580299	0	1	2762	1	0	2500	other	0
Verena 	863	Picture	run_3;block_7;Stern;2;1;1	run_3	block_7	Stern	2	1	1	16621471	0	1	2761	1	0	2500	hit	538
Verena 	863	Response	1							16624986	3515	0
Verena 	865	Picture	run_3;block_7;Kreis;4;1;0	run_3	block_7	Kreis	4	1	0	16642308	0	1	2762	1	0	2500	other	0
Verena 	866	Response	3							16726388	65754	0
Verena 	868	Picture	run_3;block_8;Kreis;T;3;0	run_3	block_8	Kreis	T	3	0	16736953	0	1	2761	1	0	2500	other	0
Verena 	870	Picture	run_3;block_8;Stern;M;3;0	run_3	block_8	Stern	M	3	0	16778125	0	1	2762	1	0	2500	other	0
Verena 	872	Picture	run_3;block_8;Kreis;D;3;1	run_3	block_8	Kreis	D	3	1	16807247	0	1	2762	1	0	2500	hit	544
Verena 	872	Response	1							16817133	9886	0
Verena 	874	Picture	run_3;block_8;Stern;X;3;0	run_3	block_8	Stern	X	3	0	16834360	0	1	2762	1	0	2500	other	0
Verena 	876	Picture	run_3;block_8;Dreieck;X;3;0	run_3	block_8	Dreieck	X	3	0	16869507	0	1	2762	1	0	2500	other	0
Verena 	878	Picture	run_3;block_8;Dreieck;T;3;0	run_3	block_8	Dreieck	T	3	0	16904654	0	1	2762	1	0	2500	other	0
Verena 	880	Picture	run_3;block_8;Kreis;A;3;0	run_3	block_8	Kreis	A	3	0	16932018	0	1	2762	1	0	2500	other	0
Verena 	882	Picture	run_3;block_8;Viereck;T;3;2	run_3	block_8	Viereck	T	3	2	16969174	0	1	2762	1	0	2500	hit	550
Verena 	882	Response	2							16971938	2764	0
Verena 	884	Picture	run_3;block_8;Kreis;E;3;0	run_3	block_8	Kreis	E	3	0	16989258	0	1	2762	1	0	2500	other	0
Verena 	886	Picture	run_3;block_8;Dreieck;T;3;0	run_3	block_8	Dreieck	T	3	0	17022396	0	1	2762	1	0	2500	other	0
Verena 	888	Picture	run_3;block_8;Stern;A;3;0	run_3	block_8	Stern	A	3	0	17059552	0	1	2762	1	0	2500	other	0
Verena 	890	Picture	run_3;block_8;Kreis;T;3;0	run_3	block_8	Kreis	T	3	0	17100724	0	1	2762	1	0	2500	other	0
Verena 	892	Picture	run_3;block_8;Dreieck;A;3;0	run_3	block_8	Dreieck	A	3	0	17126080	0	1	2762	1	0	2500	other	0
Verena 	894	Picture	run_3;block_8;Kreis;M;3;0	run_3	block_8	Kreis	M	3	0	17167252	0	1	2762	1	0	2500	other	0
Verena 	896	Picture	run_3;block_8;Kreis;D;3;1	run_3	block_8	Kreis	D	3	1	17206415	0	1	2762	1	0	2500	hit	558
Verena 	896	Response	1							17209723	3308	0
Verena 	898	Picture	run_3;block_8;Dreieck;E;3;0	run_3	block_8	Dreieck	E	3	0	17222985	0	1	2762	1	0	2500	other	0
Verena 	900	Picture	run_3;block_8;Kreis;M;3;0	run_3	block_8	Kreis	M	3	0	17262148	0	1	2762	1	0	2500	other	0
Verena 	902	Picture	run_3;block_8;Viereck;E;3;2	run_3	block_8	Viereck	E	3	2	17301312	0	1	2761	1	0	2500	hit	562
Verena 	902	Response	2							17310515	9203	0
Verena 	904	Picture	run_3;block_8;Kreis;X;3;0	run_3	block_8	Kreis	X	3	0	17327672	0	1	2762	1	0	2500	other	0
Verena 	906	Picture	run_3;block_8;Kreis;E;3;0	run_3	block_8	Kreis	E	3	0	17355037	0	1	2762	1	0	2500	other	0
Verena 	908	Picture	run_3;block_8;Dreieck;A;3;0	run_3	block_8	Dreieck	A	3	0	17390184	0	1	2761	1	0	2500	other	0
Verena 	910	Picture	run_3;block_8;Dreieck;T;3;0	run_3	block_8	Dreieck	T	3	0	17413531	0	1	2762	1	0	2500	other	0
Verena 	912	Picture	run_3;block_8;Viereck;E;3;2	run_3	block_8	Viereck	E	3	2	17444661	0	1	2762	1	0	2500	hit	568
Verena 	912	Response	2							17447544	2883	0
Verena 	914	Picture	run_3;block_8;Stern;E;3;0	run_3	block_8	Stern	E	3	0	17458720	0	1	2761	1	0	2500	other	0
Verena 	916	Picture	run_3;block_8;Dreieck;D;3;1	run_3	block_8	Dreieck	D	3	1	17489850	0	1	2762	1	0	2500	hit	571
Verena 	916	Response	1							17493417	3567	0
Verena 	918	Picture	run_3;block_8;Kreis;X;3;0	run_3	block_8	Kreis	X	3	0	17516712	0	1	2762	1	0	2500	other	0
Verena 	919	Response	3							17561170	26382	0


{
   "app": "Presentation Version 20.1 Build 12.04.17",
   "device": "Hewlett-Packard HP EliteBook 2570p",
   "experiment": "{3EDEE026-D8DC-4466-8CD4-50C9D6AA7BA0}",
   "os": "Windows 7 64 bit",
   "package": "",
   "parameters": {
      "configuration": "Default configuration"
   },
   "scenario": "Praxisprojekt.sce",
   "subject": "Verena ",
   "timestamp": "2018/06/26 13:52:21 GMT"
}
